{"D:\\data-enrichment-service\\src\\app.controller.ts": {"path":"D:\\data-enrichment-service\\src\\app.controller.ts","statementMap":{"0":{"start":{"line":1,"column":0},"end":{"line":1,"column":49}},"1":{"start":{"line":2,"column":0},"end":{"line":2,"column":43}},"2":{"start":{"line":5,"column":7},"end":{"line":12,"column":null}},"3":{"start":{"line":6,"column":31},"end":{"line":6,"column":43}},"4":{"start":{"line":10,"column":4},"end":{"line":10,"column":38}},"5":{"start":{"line":5,"column":13},"end":{"line":5,"column":26}},"6":{"start":{"line":9,"column":2},"end":{"line":11,"column":null}},"7":{"start":{"line":5,"column":13},"end":{"line":12,"column":null}}},"fnMap":{"0":{"name":"(anonymous_0)","decl":{"start":{"line":6,"column":2},"end":{"line":6,"column":31}},"loc":{"start":{"line":6,"column":53},"end":{"line":6,"column":57}}},"1":{"name":"(anonymous_1)","decl":{"start":{"line":9,"column":2},"end":{"line":9,"column":10}},"loc":{"start":{"line":9,"column":10},"end":{"line":11,"column":3}}}},"branchMap":{},"s":{"0":0,"1":0,"2":0,"3":0,"4":0,"5":0,"6":0,"7":0},"f":{"0":0,"1":0},"b":{}}
,"D:\\data-enrichment-service\\src\\app.module.ts": {"path":"D:\\data-enrichment-service\\src\\app.module.ts","statementMap":{"0":{"start":{"line":1,"column":0},"end":{"line":1,"column":40}},"1":{"start":{"line":2,"column":0},"end":{"line":2,"column":46}},"2":{"start":{"line":3,"column":0},"end":{"line":3,"column":49}},"3":{"start":{"line":4,"column":0},"end":{"line":4,"column":43}},"4":{"start":{"line":5,"column":0},"end":{"line":5,"column":51}},"5":{"start":{"line":6,"column":0},"end":{"line":6,"column":60}},"6":{"start":{"line":7,"column":0},"end":{"line":7,"column":60}},"7":{"start":{"line":8,"column":0},"end":{"line":8,"column":45}},"8":{"start":{"line":9,"column":0},"end":{"line":9,"column":70}},"9":{"start":{"line":10,"column":0},"end":{"line":10,"column":54}},"10":{"start":{"line":11,"column":0},"end":{"line":11,"column":51}},"11":{"start":{"line":12,"column":0},"end":{"line":12,"column":48}},"12":{"start":{"line":13,"column":0},"end":{"line":13,"column":45}},"13":{"start":{"line":34,"column":7},"end":{"line":34,"column":null}},"14":{"start":{"line":34,"column":13},"end":{"line":34,"column":22}},"15":{"start":{"line":34,"column":13},"end":{"line":34,"column":null}}},"fnMap":{},"branchMap":{},"s":{"0":0,"1":0,"2":0,"3":0,"4":0,"5":0,"6":0,"7":0,"8":0,"9":0,"10":0,"11":0,"12":0,"13":0,"14":0,"15":0},"f":{},"b":{}}
,"D:\\data-enrichment-service\\src\\app.service.ts": {"path":"D:\\data-enrichment-service\\src\\app.service.ts","statementMap":{"0":{"start":{"line":1,"column":0},"end":{"line":1,"column":44}},"1":{"start":{"line":4,"column":7},"end":{"line":8,"column":null}},"2":{"start":{"line":6,"column":4},"end":{"line":6,"column":28}},"3":{"start":{"line":4,"column":13},"end":{"line":4,"column":23}},"4":{"start":{"line":4,"column":13},"end":{"line":8,"column":null}}},"fnMap":{"0":{"name":"(anonymous_0)","decl":{"start":{"line":5,"column":2},"end":{"line":5,"column":10}},"loc":{"start":{"line":5,"column":10},"end":{"line":7,"column":3}}}},"branchMap":{},"s":{"0":0,"1":0,"2":0,"3":0,"4":0},"f":{"0":0},"b":{}}
,"D:\\data-enrichment-service\\src\\main.ts": {"path":"D:\\data-enrichment-service\\src\\main.ts","statementMap":{"0":{"start":{"line":1,"column":0},"end":{"line":1,"column":33}},"1":{"start":{"line":3,"column":0},"end":{"line":3,"column":32}},"2":{"start":{"line":5,"column":0},"end":{"line":5,"column":43}},"3":{"start":{"line":6,"column":0},"end":{"line":6,"column":41}},"4":{"start":{"line":7,"column":0},"end":{"line":7,"column":48}},"5":{"start":{"line":8,"column":0},"end":{"line":8,"column":55}},"6":{"start":{"line":9,"column":0},"end":{"line":9,"column":47}},"7":{"start":{"line":10,"column":0},"end":{"line":10,"column":47}},"8":{"start":{"line":12,"column":0},"end":{"line":12,"column":16}},"9":{"start":{"line":14,"column":24},"end":{"line":14,"column":25}},"10":{"start":{"line":17,"column":14},"end":{"line":17,"column":49}},"11":{"start":{"line":18,"column":2},"end":{"line":18,"column":90}},"12":{"start":{"line":19,"column":24},"end":{"line":19,"column":46}},"13":{"start":{"line":22,"column":21},"end":{"line":22,"column":40}},"14":{"start":{"line":23,"column":2},"end":{"line":23,"column":60}},"15":{"start":{"line":25,"column":2},"end":{"line":28,"column":5}},"16":{"start":{"line":29,"column":15},"end":{"line":29,"column":54}},"17":{"start":{"line":30,"column":2},"end":{"line":36,"column":3}},"18":{"start":{"line":31,"column":4},"end":{"line":31,"column":27}},"19":{"start":{"line":32,"column":4},"end":{"line":32,"column":71}},"20":{"start":{"line":34,"column":4},"end":{"line":34,"column":61}},"21":{"start":{"line":35,"column":4},"end":{"line":35,"column":34}},"22":{"start":{"line":38,"column":0},"end":{"line":38,"column":12}}},"fnMap":{"0":{"name":"bootstrap","decl":{"start":{"line":16,"column":15},"end":{"line":16,"column":24}},"loc":{"start":{"line":16,"column":24},"end":{"line":37,"column":1}}}},"branchMap":{},"s":{"0":0,"1":0,"2":0,"3":0,"4":0,"5":0,"6":0,"7":0,"8":0,"9":0,"10":0,"11":0,"12":0,"13":0,"14":0,"15":0,"16":0,"17":0,"18":0,"19":0,"20":0,"21":0,"22":0},"f":{"0":0},"b":{}}
,"D:\\data-enrichment-service\\src\\apm\\apm.decorators.ts": {"path":"D:\\data-enrichment-service\\src\\apm\\apm.decorators.ts","statementMap":{"0":{"start":{"line":24,"column":0},"end":{"line":24,"column":16}},"1":{"start":{"line":3,"column":0},"end":{"line":3,"column":44}},"2":{"start":{"line":4,"column":0},"end":{"line":4,"column":43}},"3":{"start":{"line":25,"column":2},"end":{"line":71,"column":4}},"4":{"start":{"line":30,"column":27},"end":{"line":30,"column":43}},"5":{"start":{"line":32,"column":4},"end":{"line":34,"column":5}},"6":{"start":{"line":33,"column":6},"end":{"line":33,"column":24}},"7":{"start":{"line":36,"column":4},"end":{"line":68,"column":11}},"8":{"start":{"line":41,"column":6},"end":{"line":43,"column":7}},"9":{"start":{"line":42,"column":8},"end":{"line":42,"column":80}},"10":{"start":{"line":45,"column":6},"end":{"line":48,"column":7}},"11":{"start":{"line":47,"column":8},"end":{"line":47,"column":85}},"12":{"start":{"line":50,"column":32},"end":{"line":50,"column":62}},"13":{"start":{"line":52,"column":6},"end":{"line":67,"column":7}},"14":{"start":{"line":53,"column":23},"end":{"line":53,"column":107}},"15":{"start":{"line":55,"column":8},"end":{"line":58,"column":9}},"16":{"start":{"line":56,"column":10},"end":{"line":56,"column":37}},"17":{"start":{"line":57,"column":10},"end":{"line":57,"column":21}},"18":{"start":{"line":60,"column":8},"end":{"line":60,"column":22}},"19":{"start":{"line":62,"column":8},"end":{"line":65,"column":9}},"20":{"start":{"line":63,"column":10},"end":{"line":63,"column":37}},"21":{"start":{"line":64,"column":10},"end":{"line":64,"column":21}},"22":{"start":{"line":66,"column":8},"end":{"line":66,"column":20}},"23":{"start":{"line":70,"column":4},"end":{"line":70,"column":22}},"24":{"start":{"line":95,"column":7},"end":{"line":151,"column":null}},"25":{"start":{"line":96,"column":33},"end":{"line":96,"column":45}},"26":{"start":{"line":105,"column":17},"end":{"line":105,"column":52}},"27":{"start":{"line":107,"column":4},"end":{"line":122,"column":5}},"28":{"start":{"line":108,"column":21},"end":{"line":108,"column":31}},"29":{"start":{"line":110,"column":6},"end":{"line":113,"column":7}},"30":{"start":{"line":111,"column":8},"end":{"line":111,"column":35}},"31":{"start":{"line":112,"column":8},"end":{"line":112,"column":19}},"32":{"start":{"line":115,"column":6},"end":{"line":115,"column":20}},"33":{"start":{"line":117,"column":6},"end":{"line":120,"column":7}},"34":{"start":{"line":118,"column":8},"end":{"line":118,"column":35}},"35":{"start":{"line":119,"column":8},"end":{"line":119,"column":19}},"36":{"start":{"line":121,"column":6},"end":{"line":121,"column":18}},"37":{"start":{"line":132,"column":17},"end":{"line":132,"column":52}},"38":{"start":{"line":134,"column":4},"end":{"line":149,"column":5}},"39":{"start":{"line":135,"column":21},"end":{"line":135,"column":25}},"40":{"start":{"line":137,"column":6},"end":{"line":140,"column":7}},"41":{"start":{"line":138,"column":8},"end":{"line":138,"column":35}},"42":{"start":{"line":139,"column":8},"end":{"line":139,"column":19}},"43":{"start":{"line":142,"column":6},"end":{"line":142,"column":20}},"44":{"start":{"line":144,"column":6},"end":{"line":147,"column":7}},"45":{"start":{"line":145,"column":8},"end":{"line":145,"column":35}},"46":{"start":{"line":146,"column":8},"end":{"line":146,"column":19}},"47":{"start":{"line":148,"column":6},"end":{"line":148,"column":18}},"48":{"start":{"line":95,"column":22},"end":{"line":95,"column":37}},"49":{"start":{"line":95,"column":22},"end":{"line":151,"column":null}}},"fnMap":{"0":{"name":"ApmSpan","decl":{"start":{"line":24,"column":16},"end":{"line":24,"column":23}},"loc":{"start":{"line":24,"column":40},"end":{"line":72,"column":1}}},"1":{"name":"(anonymous_1)","decl":{"start":{"line":25,"column":9},"end":{"line":25,"column":null}},"loc":{"start":{"line":28,"column":42},"end":{"line":71,"column":3}}},"2":{"name":"(anonymous_2)","decl":{"start":{"line":36,"column":23},"end":{"line":36,"column":28}},"loc":{"start":{"line":36,"column":72},"end":{"line":68,"column":10}}},"3":{"name":"(anonymous_3)","decl":{"start":{"line":96,"column":2},"end":{"line":96,"column":33}},"loc":{"start":{"line":96,"column":55},"end":{"line":96,"column":59}}},"4":{"name":"(anonymous_4)","decl":{"start":{"line":104,"column":12},"end":{"line":104,"column":17}},"loc":{"start":{"line":104,"column":68},"end":{"line":123,"column":3}}},"5":{"name":"(anonymous_5)","decl":{"start":{"line":131,"column":12},"end":{"line":131,"column":24}},"loc":{"start":{"line":131,"column":57},"end":{"line":150,"column":3}}}},"branchMap":{"0":{"loc":{"start":{"line":32,"column":4},"end":{"line":34,"column":5}},"type":"if","locations":[{"start":{"line":32,"column":4},"end":{"line":34,"column":5}},{"start":{},"end":{}}]},"1":{"loc":{"start":{"line":41,"column":6},"end":{"line":43,"column":7}},"type":"if","locations":[{"start":{"line":41,"column":6},"end":{"line":43,"column":7}},{"start":{},"end":{}}]},"2":{"loc":{"start":{"line":41,"column":10},"end":{"line":41,"column":66}},"type":"binary-expr","locations":[{"start":{"line":41,"column":10},"end":{"line":41,"column":14}},{"start":{"line":41,"column":18},"end":{"line":41,"column":42}},{"start":{"line":41,"column":46},"end":{"line":41,"column":66}}]},"3":{"loc":{"start":{"line":45,"column":6},"end":{"line":48,"column":7}},"type":"if","locations":[{"start":{"line":45,"column":6},"end":{"line":48,"column":7}},{"start":{},"end":{}}]},"4":{"loc":{"start":{"line":55,"column":8},"end":{"line":58,"column":9}},"type":"if","locations":[{"start":{"line":55,"column":8},"end":{"line":58,"column":9}},{"start":{},"end":{}}]},"5":{"loc":{"start":{"line":62,"column":8},"end":{"line":65,"column":9}},"type":"if","locations":[{"start":{"line":62,"column":8},"end":{"line":65,"column":9}},{"start":{},"end":{}}]},"6":{"loc":{"start":{"line":110,"column":6},"end":{"line":113,"column":7}},"type":"if","locations":[{"start":{"line":110,"column":6},"end":{"line":113,"column":7}},{"start":{},"end":{}}]},"7":{"loc":{"start":{"line":117,"column":6},"end":{"line":120,"column":7}},"type":"if","locations":[{"start":{"line":117,"column":6},"end":{"line":120,"column":7}},{"start":{},"end":{}}]},"8":{"loc":{"start":{"line":137,"column":6},"end":{"line":140,"column":7}},"type":"if","locations":[{"start":{"line":137,"column":6},"end":{"line":140,"column":7}},{"start":{},"end":{}}]},"9":{"loc":{"start":{"line":144,"column":6},"end":{"line":147,"column":7}},"type":"if","locations":[{"start":{"line":144,"column":6},"end":{"line":147,"column":7}},{"start":{},"end":{}}]}},"s":{"0":0,"1":0,"2":0,"3":0,"4":0,"5":0,"6":0,"7":0,"8":0,"9":0,"10":0,"11":0,"12":0,"13":0,"14":0,"15":0,"16":0,"17":0,"18":0,"19":0,"20":0,"21":0,"22":0,"23":0,"24":0,"25":0,"26":0,"27":0,"28":0,"29":0,"30":0,"31":0,"32":0,"33":0,"34":0,"35":0,"36":0,"37":0,"38":0,"39":0,"40":0,"41":0,"42":0,"43":0,"44":0,"45":0,"46":0,"47":0,"48":0,"49":0},"f":{"0":0,"1":0,"2":0,"3":0,"4":0,"5":0},"b":{"0":[0,0],"1":[0,0],"2":[0,0,0],"3":[0,0],"4":[0,0],"5":[0,0],"6":[0,0],"7":[0,0],"8":[0,0],"9":[0,0]}}
,"D:\\data-enrichment-service\\src\\apm\\apm.interceptor.ts": {"path":"D:\\data-enrichment-service\\src\\apm\\apm.interceptor.ts","statementMap":{"0":{"start":{"line":3,"column":0},"end":{"line":3,"column":92}},"1":{"start":{"line":4,"column":0},"end":{"line":4,"column":46}},"2":{"start":{"line":5,"column":0},"end":{"line":5,"column":49}},"3":{"start":{"line":6,"column":0},"end":{"line":6,"column":43}},"4":{"start":{"line":7,"column":0},"end":{"line":7,"column":57}},"5":{"start":{"line":11,"column":7},"end":{"line":61,"column":null}},"6":{"start":{"line":12,"column":31},"end":{"line":12,"column":43}},"7":{"start":{"line":15,"column":20},"end":{"line":15,"column":64}},"8":{"start":{"line":16,"column":21},"end":{"line":16,"column":67}},"9":{"start":{"line":19,"column":22},"end":{"line":19,"column":56}},"10":{"start":{"line":20,"column":28},"end":{"line":20,"column":60}},"11":{"start":{"line":22,"column":44},"end":{"line":22,"column":93}},"12":{"start":{"line":25,"column":4},"end":{"line":31,"column":5}},"13":{"start":{"line":26,"column":6},"end":{"line":30,"column":9}},"14":{"start":{"line":33,"column":4},"end":{"line":59,"column":6}},"15":{"start":{"line":35,"column":8},"end":{"line":42,"column":9}},"16":{"start":{"line":36,"column":10},"end":{"line":36,"column":41}},"17":{"start":{"line":37,"column":10},"end":{"line":37,"column":44}},"18":{"start":{"line":38,"column":10},"end":{"line":40,"column":13}},"19":{"start":{"line":41,"column":10},"end":{"line":41,"column":28}},"20":{"start":{"line":45,"column":8},"end":{"line":56,"column":9}},"21":{"start":{"line":47,"column":10},"end":{"line":47,"column":34}},"22":{"start":{"line":48,"column":10},"end":{"line":48,"column":39}},"23":{"start":{"line":49,"column":10},"end":{"line":49,"column":44}},"24":{"start":{"line":50,"column":10},"end":{"line":54,"column":13}},"25":{"start":{"line":55,"column":10},"end":{"line":55,"column":28}},"26":{"start":{"line":57,"column":8},"end":{"line":57,"column":39}},"27":{"start":{"line":57,"column":32},"end":{"line":57,"column":37}},"28":{"start":{"line":11,"column":13},"end":{"line":11,"column":27}},"29":{"start":{"line":11,"column":13},"end":{"line":61,"column":null}}},"fnMap":{"0":{"name":"(anonymous_0)","decl":{"start":{"line":12,"column":2},"end":{"line":12,"column":31}},"loc":{"start":{"line":12,"column":53},"end":{"line":12,"column":57}}},"1":{"name":"(anonymous_1)","decl":{"start":{"line":14,"column":2},"end":{"line":14,"column":11}},"loc":{"start":{"line":14,"column":56},"end":{"line":60,"column":3}}},"2":{"name":"(anonymous_2)","decl":{"start":{"line":34,"column":10},"end":{"line":34,"column":13}},"loc":{"start":{"line":34,"column":15},"end":{"line":43,"column":7}}},"3":{"name":"(anonymous_3)","decl":{"start":{"line":44,"column":17},"end":{"line":44,"column":18}},"loc":{"start":{"line":44,"column":34},"end":{"line":58,"column":7}}},"4":{"name":"(anonymous_4)","decl":{"start":{"line":57,"column":26},"end":{"line":57,"column":29}},"loc":{"start":{"line":57,"column":32},"end":{"line":57,"column":37}}}},"branchMap":{"0":{"loc":{"start":{"line":19,"column":22},"end":{"line":19,"column":56}},"type":"binary-expr","locations":[{"start":{"line":19,"column":22},"end":{"line":19,"column":41}},{"start":{"line":19,"column":45},"end":{"line":19,"column":56}}]},"1":{"loc":{"start":{"line":25,"column":4},"end":{"line":31,"column":5}},"type":"if","locations":[{"start":{"line":25,"column":4},"end":{"line":31,"column":5}},{"start":{},"end":{}}]},"2":{"loc":{"start":{"line":29,"column":22},"end":{"line":29,"column":60}},"type":"binary-expr","locations":[{"start":{"line":29,"column":22},"end":{"line":29,"column":47}},{"start":{"line":29,"column":51},"end":{"line":29,"column":60}}]},"3":{"loc":{"start":{"line":35,"column":8},"end":{"line":42,"column":9}},"type":"if","locations":[{"start":{"line":35,"column":8},"end":{"line":42,"column":9}},{"start":{},"end":{}}]},"4":{"loc":{"start":{"line":45,"column":8},"end":{"line":56,"column":9}},"type":"if","locations":[{"start":{"line":45,"column":8},"end":{"line":56,"column":9}},{"start":{},"end":{}}]},"5":{"loc":{"start":{"line":53,"column":32},"end":{"line":53,"column":58}},"type":"binary-expr","locations":[{"start":{"line":53,"column":32},"end":{"line":53,"column":51}},{"start":{"line":53,"column":55},"end":{"line":53,"column":58}}]}},"s":{"0":0,"1":0,"2":0,"3":0,"4":0,"5":0,"6":0,"7":0,"8":0,"9":0,"10":0,"11":0,"12":0,"13":0,"14":0,"15":0,"16":0,"17":0,"18":0,"19":0,"20":0,"21":0,"22":0,"23":0,"24":0,"25":0,"26":0,"27":0,"28":0,"29":0},"f":{"0":0,"1":0,"2":0,"3":0,"4":0},"b":{"0":[0,0],"1":[0,0],"2":[0,0],"3":[0,0],"4":[0,0],"5":[0,0]}}
,"D:\\data-enrichment-service\\src\\apm\\apm.module.ts": {"path":"D:\\data-enrichment-service\\src\\apm\\apm.module.ts","statementMap":{"0":{"start":{"line":3,"column":0},"end":{"line":3,"column":48}},"1":{"start":{"line":4,"column":0},"end":{"line":4,"column":46}},"2":{"start":{"line":5,"column":0},"end":{"line":5,"column":43}},"3":{"start":{"line":18,"column":7},"end":{"line":18,"column":null}},"4":{"start":{"line":18,"column":13},"end":{"line":18,"column":22}},"5":{"start":{"line":18,"column":13},"end":{"line":18,"column":null}}},"fnMap":{},"branchMap":{},"s":{"0":0,"1":0,"2":0,"3":0,"4":0,"5":0},"f":{},"b":{}}
,"D:\\data-enrichment-service\\src\\apm\\apm.service.ts": {"path":"D:\\data-enrichment-service\\src\\apm\\apm.service.ts","statementMap":{"0":{"start":{"line":3,"column":0},"end":{"line":3,"column":58}},"1":{"start":{"line":4,"column":0},"end":{"line":4,"column":47}},"2":{"start":{"line":5,"column":0},"end":{"line":5,"column":63}},"3":{"start":{"line":9,"column":7},"end":{"line":42,"column":null}},"4":{"start":{"line":12,"column":31},"end":{"line":12,"column":46}},"5":{"start":{"line":15,"column":4},"end":{"line":21,"column":7}},"6":{"start":{"line":31,"column":4},"end":{"line":31,"column":52}},"7":{"start":{"line":40,"column":4},"end":{"line":40,"column":36}},"8":{"start":{"line":9,"column":13},"end":{"line":9,"column":23}},"9":{"start":{"line":9,"column":13},"end":{"line":42,"column":null}}},"fnMap":{"0":{"name":"(anonymous_0)","decl":{"start":{"line":12,"column":2},"end":{"line":12,"column":31}},"loc":{"start":{"line":12,"column":59},"end":{"line":12,"column":63}}},"1":{"name":"(anonymous_1)","decl":{"start":{"line":14,"column":2},"end":{"line":14,"column":14}},"loc":{"start":{"line":14,"column":14},"end":{"line":22,"column":3}}},"2":{"name":"(anonymous_2)","decl":{"start":{"line":30,"column":2},"end":{"line":30,"column":18}},"loc":{"start":{"line":30,"column":61},"end":{"line":32,"column":3}}},"3":{"name":"(anonymous_3)","decl":{"start":{"line":39,"column":2},"end":{"line":39,"column":11}},"loc":{"start":{"line":39,"column":24},"end":{"line":41,"column":3}}}},"branchMap":{},"s":{"0":0,"1":0,"2":0,"3":0,"4":0,"5":0,"6":0,"7":0,"8":0,"9":0},"f":{"0":0,"1":0,"2":0,"3":0},"b":{}}
,"D:\\data-enrichment-service\\src\\apm\\index.ts": {"path":"D:\\data-enrichment-service\\src\\apm\\index.ts","statementMap":{"0":{"start":{"line":3,"column":0},"end":{"line":3,"column":9}},"1":{"start":{"line":3,"column":9},"end":{"line":3,"column":41}},"2":{"start":{"line":4,"column":0},"end":{"line":4,"column":9}},"3":{"start":{"line":4,"column":9},"end":{"line":4,"column":43}},"4":{"start":{"line":5,"column":0},"end":{"line":5,"column":9}},"5":{"start":{"line":5,"column":9},"end":{"line":5,"column":51}},"6":{"start":{"line":6,"column":0},"end":{"line":6,"column":9}},"7":{"start":{"line":6,"column":9},"end":{"line":6,"column":18}},"8":{"start":{"line":6,"column":18},"end":{"line":6,"column":60}}},"fnMap":{"0":{"name":"(anonymous_0)","decl":{"start":{"line":3,"column":9},"end":{"line":3,"column":18}},"loc":{"start":{"line":3,"column":9},"end":{"line":3,"column":41}}},"1":{"name":"(anonymous_1)","decl":{"start":{"line":4,"column":9},"end":{"line":4,"column":19}},"loc":{"start":{"line":4,"column":9},"end":{"line":4,"column":43}}},"2":{"name":"(anonymous_2)","decl":{"start":{"line":5,"column":9},"end":{"line":5,"column":23}},"loc":{"start":{"line":5,"column":9},"end":{"line":5,"column":51}}},"3":{"name":"(anonymous_3)","decl":{"start":{"line":6,"column":9},"end":{"line":6,"column":16}},"loc":{"start":{"line":6,"column":9},"end":{"line":6,"column":18}}},"4":{"name":"(anonymous_4)","decl":{"start":{"line":6,"column":18},"end":{"line":6,"column":33}},"loc":{"start":{"line":6,"column":18},"end":{"line":6,"column":60}}}},"branchMap":{},"s":{"0":0,"1":0,"2":0,"3":0,"4":0,"5":0,"6":0,"7":0,"8":0},"f":{"0":0,"1":0,"2":0,"3":0,"4":0},"b":{}}
,"D:\\data-enrichment-service\\src\\auth\\auth.decorator.ts": {"path":"D:\\data-enrichment-service\\src\\auth\\auth.decorator.ts","statementMap":{"0":{"start":{"line":1,"column":0},"end":{"line":1,"column":45}},"1":{"start":{"line":3,"column":13},"end":{"line":3,"column":35}},"2":{"start":{"line":4,"column":13},"end":{"line":4,"column":42}},"3":{"start":{"line":10,"column":29},"end":{"line":10,"column":85}},"4":{"start":{"line":10,"column":54},"end":{"line":10,"column":85}},"5":{"start":{"line":10,"column":13},"end":{"line":10,"column":29}},"6":{"start":{"line":16,"column":32},"end":{"line":16,"column":92}},"7":{"start":{"line":16,"column":57},"end":{"line":16,"column":92}},"8":{"start":{"line":16,"column":13},"end":{"line":16,"column":32}},"9":{"start":{"line":22,"column":28},"end":{"line":22,"column":79}},"10":{"start":{"line":22,"column":47},"end":{"line":22,"column":79}},"11":{"start":{"line":22,"column":13},"end":{"line":22,"column":28}},"12":{"start":{"line":27,"column":13},"end":{"line":29,"column":2}},"13":{"start":{"line":34,"column":33},"end":{"line":34,"column":72}},"14":{"start":{"line":34,"column":39},"end":{"line":34,"column":72}},"15":{"start":{"line":34,"column":13},"end":{"line":34,"column":33}}},"fnMap":{"0":{"name":"(anonymous_0)","decl":{"start":{"line":10,"column":29},"end":{"line":10,"column":30}},"loc":{"start":{"line":10,"column":54},"end":{"line":10,"column":85}}},"1":{"name":"(anonymous_1)","decl":{"start":{"line":16,"column":32},"end":{"line":16,"column":33}},"loc":{"start":{"line":16,"column":57},"end":{"line":16,"column":92}}},"2":{"name":"(anonymous_2)","decl":{"start":{"line":22,"column":28},"end":{"line":22,"column":29}},"loc":{"start":{"line":22,"column":47},"end":{"line":22,"column":79}}},"3":{"name":"(anonymous_3)","decl":{"start":{"line":34,"column":33},"end":{"line":34,"column":36}},"loc":{"start":{"line":34,"column":39},"end":{"line":34,"column":72}}}},"branchMap":{},"s":{"0":2,"1":2,"2":2,"3":2,"4":8,"5":2,"6":2,"7":3,"8":2,"9":2,"10":4,"11":2,"12":2,"13":2,"14":2,"15":2},"f":{"0":8,"1":3,"2":4,"3":2},"b":{}}
,"D:\\data-enrichment-service\\src\\auth\\auth.module.ts": {"path":"D:\\data-enrichment-service\\src\\auth\\auth.module.ts","statementMap":{"0":{"start":{"line":1,"column":0},"end":{"line":1,"column":40}},"1":{"start":{"line":2,"column":0},"end":{"line":2,"column":46}},"2":{"start":{"line":3,"column":0},"end":{"line":3,"column":53}},"3":{"start":{"line":10,"column":7},"end":{"line":10,"column":null}},"4":{"start":{"line":10,"column":13},"end":{"line":10,"column":23}},"5":{"start":{"line":10,"column":13},"end":{"line":10,"column":null}}},"fnMap":{},"branchMap":{},"s":{"0":1,"1":1,"2":1,"3":1,"4":1,"5":1},"f":{},"b":{}}
,"D:\\data-enrichment-service\\src\\auth\\tazam-auth.guard.ts": {"path":"D:\\data-enrichment-service\\src\\auth\\tazam-auth.guard.ts","statementMap":{"0":{"start":{"line":1,"column":0},"end":{"line":1,"column":106}},"1":{"start":{"line":2,"column":0},"end":{"line":2,"column":41}},"2":{"start":{"line":3,"column":0},"end":{"line":3,"column":97}},"3":{"start":{"line":4,"column":0},"end":{"line":4,"column":46}},"4":{"start":{"line":8,"column":28},"end":{"line":126,"column":null}},"5":{"start":{"line":13,"column":22},"end":{"line":13,"column":33}},"6":{"start":{"line":9,"column":19},"end":{"line":9,"column":61}},"7":{"start":{"line":11,"column":19},"end":{"line":11,"column":71}},"8":{"start":{"line":17,"column":27},"end":{"line":17,"column":125}},"9":{"start":{"line":19,"column":20},"end":{"line":19,"column":55}},"10":{"start":{"line":20,"column":23},"end":{"line":20,"column":52}},"11":{"start":{"line":23,"column":4},"end":{"line":26,"column":5}},"12":{"start":{"line":24,"column":6},"end":{"line":24,"column":69}},"13":{"start":{"line":25,"column":6},"end":{"line":25,"column":66}},"14":{"start":{"line":29,"column":4},"end":{"line":32,"column":5}},"15":{"start":{"line":30,"column":6},"end":{"line":30,"column":93}},"16":{"start":{"line":31,"column":6},"end":{"line":31,"column":70}},"17":{"start":{"line":34,"column":4},"end":{"line":99,"column":5}},"18":{"start":{"line":35,"column":25},"end":{"line":35,"column":46}},"19":{"start":{"line":36,"column":6},"end":{"line":39,"column":7}},"20":{"start":{"line":37,"column":8},"end":{"line":37,"column":77}},"21":{"start":{"line":38,"column":8},"end":{"line":38,"column":74}},"22":{"start":{"line":41,"column":20},"end":{"line":41,"column":33}},"23":{"start":{"line":43,"column":31},"end":{"line":43,"column":45}},"24":{"start":{"line":46,"column":47},"end":{"line":46,"column":94}},"25":{"start":{"line":48,"column":27},"end":{"line":48,"column":32}},"26":{"start":{"line":49,"column":34},"end":{"line":49,"column":36}},"27":{"start":{"line":50,"column":36},"end":{"line":50,"column":38}},"28":{"start":{"line":52,"column":6},"end":{"line":65,"column":7}},"29":{"start":{"line":54,"column":29},"end":{"line":54,"column":78}},"30":{"start":{"line":54,"column":61},"end":{"line":54,"column":77}},"31":{"start":{"line":55,"column":8},"end":{"line":55,"column":73}},"32":{"start":{"line":55,"column":55},"end":{"line":55,"column":71}},"33":{"start":{"line":56,"column":8},"end":{"line":56,"column":76}},"34":{"start":{"line":56,"column":57},"end":{"line":56,"column":74}},"35":{"start":{"line":57,"column":8},"end":{"line":57,"column":38}},"36":{"start":{"line":59,"column":8},"end":{"line":64,"column":9}},"37":{"start":{"line":60,"column":10},"end":{"line":63,"column":12}},"38":{"start":{"line":67,"column":6},"end":{"line":69,"column":7}},"39":{"start":{"line":68,"column":8},"end":{"line":68,"column":98}},"40":{"start":{"line":72,"column":27},"end":{"line":72,"column":58}},"41":{"start":{"line":75,"column":51},"end":{"line":79,"column":8}},"42":{"start":{"line":82,"column":6},"end":{"line":82,"column":39}},"43":{"start":{"line":84,"column":6},"end":{"line":87,"column":8}},"44":{"start":{"line":89,"column":6},"end":{"line":89,"column":18}},"45":{"start":{"line":91,"column":18},"end":{"line":91,"column":32}},"46":{"start":{"line":92,"column":6},"end":{"line":92,"column":96}},"47":{"start":{"line":94,"column":6},"end":{"line":96,"column":7}},"48":{"start":{"line":95,"column":8},"end":{"line":95,"column":20}},"49":{"start":{"line":98,"column":6},"end":{"line":98,"column":62}},"50":{"start":{"line":103,"column":4},"end":{"line":124,"column":5}},"51":{"start":{"line":104,"column":18},"end":{"line":104,"column":41}},"52":{"start":{"line":105,"column":22},"end":{"line":105,"column":54}},"53":{"start":{"line":106,"column":6},"end":{"line":108,"column":7}},"54":{"start":{"line":107,"column":8},"end":{"line":107,"column":50}},"55":{"start":{"line":110,"column":6},"end":{"line":112,"column":7}},"56":{"start":{"line":111,"column":8},"end":{"line":111,"column":50}},"57":{"start":{"line":113,"column":6},"end":{"line":115,"column":7}},"58":{"start":{"line":114,"column":8},"end":{"line":114,"column":50}},"59":{"start":{"line":116,"column":6},"end":{"line":118,"column":7}},"60":{"start":{"line":117,"column":8},"end":{"line":117,"column":65}},"61":{"start":{"line":119,"column":6},"end":{"line":119,"column":21}},"62":{"start":{"line":121,"column":18},"end":{"line":121,"column":32}},"63":{"start":{"line":122,"column":6},"end":{"line":122,"column":75}},"64":{"start":{"line":123,"column":6},"end":{"line":123,"column":62}},"65":{"start":{"line":8,"column":13},"end":{"line":8,"column":28}},"66":{"start":{"line":8,"column":13},"end":{"line":126,"column":null}}},"fnMap":{"0":{"name":"(anonymous_0)","decl":{"start":{"line":13,"column":2},"end":{"line":13,"column":22}},"loc":{"start":{"line":13,"column":42},"end":{"line":13,"column":46}}},"1":{"name":"(anonymous_1)","decl":{"start":{"line":15,"column":2},"end":{"line":15,"column":7}},"loc":{"start":{"line":15,"column":45},"end":{"line":100,"column":3}}},"2":{"name":"(anonymous_2)","decl":{"start":{"line":54,"column":50},"end":{"line":54,"column":51}},"loc":{"start":{"line":54,"column":61},"end":{"line":54,"column":77}}},"3":{"name":"(anonymous_3)","decl":{"start":{"line":55,"column":44},"end":{"line":55,"column":45}},"loc":{"start":{"line":55,"column":55},"end":{"line":55,"column":71}}},"4":{"name":"(anonymous_4)","decl":{"start":{"line":56,"column":46},"end":{"line":56,"column":47}},"loc":{"start":{"line":56,"column":57},"end":{"line":56,"column":74}}},"5":{"name":"(anonymous_5)","decl":{"start":{"line":102,"column":10},"end":{"line":102,"column":29}},"loc":{"start":{"line":102,"column":43},"end":{"line":125,"column":3}}}},"branchMap":{"0":{"loc":{"start":{"line":23,"column":4},"end":{"line":26,"column":5}},"type":"if","locations":[{"start":{"line":23,"column":4},"end":{"line":26,"column":5}},{"start":{},"end":{}}]},"1":{"loc":{"start":{"line":29,"column":4},"end":{"line":32,"column":5}},"type":"if","locations":[{"start":{"line":29,"column":4},"end":{"line":32,"column":5}},{"start":{},"end":{}}]},"2":{"loc":{"start":{"line":29,"column":8},"end":{"line":29,"column":54}},"type":"binary-expr","locations":[{"start":{"line":29,"column":8},"end":{"line":29,"column":23}},{"start":{"line":29,"column":27},"end":{"line":29,"column":54}}]},"3":{"loc":{"start":{"line":36,"column":6},"end":{"line":39,"column":7}},"type":"if","locations":[{"start":{"line":36,"column":6},"end":{"line":39,"column":7}},{"start":{},"end":{}}]},"4":{"loc":{"start":{"line":52,"column":6},"end":{"line":65,"column":7}},"type":"if","locations":[{"start":{"line":52,"column":6},"end":{"line":65,"column":7}},{"start":{},"end":{}}]},"5":{"loc":{"start":{"line":52,"column":10},"end":{"line":52,"column":53}},"type":"binary-expr","locations":[{"start":{"line":52,"column":10},"end":{"line":52,"column":24}},{"start":{"line":52,"column":28},"end":{"line":52,"column":53}}]},"6":{"loc":{"start":{"line":59,"column":8},"end":{"line":64,"column":9}},"type":"if","locations":[{"start":{"line":59,"column":8},"end":{"line":64,"column":9}},{"start":{},"end":{}}]},"7":{"loc":{"start":{"line":67,"column":6},"end":{"line":69,"column":7}},"type":"if","locations":[{"start":{"line":67,"column":6},"end":{"line":69,"column":7}},{"start":{},"end":{}}]},"8":{"loc":{"start":{"line":94,"column":6},"end":{"line":96,"column":7}},"type":"if","locations":[{"start":{"line":94,"column":6},"end":{"line":96,"column":7}},{"start":{},"end":{}}]},"9":{"loc":{"start":{"line":106,"column":6},"end":{"line":108,"column":7}},"type":"if","locations":[{"start":{"line":106,"column":6},"end":{"line":108,"column":7}},{"start":{},"end":{}}]},"10":{"loc":{"start":{"line":110,"column":6},"end":{"line":112,"column":7}},"type":"if","locations":[{"start":{"line":110,"column":6},"end":{"line":112,"column":7}},{"start":{},"end":{}}]},"11":{"loc":{"start":{"line":113,"column":6},"end":{"line":115,"column":7}},"type":"if","locations":[{"start":{"line":113,"column":6},"end":{"line":115,"column":7}},{"start":{},"end":{}}]},"12":{"loc":{"start":{"line":116,"column":6},"end":{"line":118,"column":7}},"type":"if","locations":[{"start":{"line":116,"column":6},"end":{"line":118,"column":7}},{"start":{},"end":{}}]},"13":{"loc":{"start":{"line":116,"column":10},"end":{"line":116,"column":59}},"type":"binary-expr","locations":[{"start":{"line":116,"column":10},"end":{"line":116,"column":25}},{"start":{"line":116,"column":29},"end":{"line":116,"column":59}}]}},"s":{"0":1,"1":1,"2":1,"3":1,"4":1,"5":10,"6":10,"7":10,"8":0,"9":0,"10":0,"11":0,"12":0,"13":0,"14":0,"15":0,"16":0,"17":0,"18":0,"19":0,"20":0,"21":0,"22":0,"23":0,"24":0,"25":0,"26":0,"27":0,"28":0,"29":0,"30":0,"31":0,"32":0,"33":0,"34":0,"35":0,"36":0,"37":0,"38":0,"39":0,"40":0,"41":0,"42":0,"43":0,"44":0,"45":0,"46":0,"47":0,"48":0,"49":0,"50":0,"51":0,"52":0,"53":0,"54":0,"55":0,"56":0,"57":0,"58":0,"59":0,"60":0,"61":0,"62":0,"63":0,"64":0,"65":1,"66":1},"f":{"0":10,"1":0,"2":0,"3":0,"4":0,"5":0},"b":{"0":[0,0],"1":[0,0],"2":[0,0],"3":[0,0],"4":[0,0],"5":[0,0],"6":[0,0],"7":[0,0],"8":[0,0],"9":[0,0],"10":[0,0],"11":[0,0],"12":[0,0],"13":[0,0]}}
,"D:\\data-enrichment-service\\src\\auth\\user.decorator.ts": {"path":"D:\\data-enrichment-service\\src\\auth\\user.decorator.ts","statementMap":{"0":{"start":{"line":4,"column":0},"end":{"line":4,"column":72}},"1":{"start":{"line":7,"column":34},"end":{"line":10,"column":1}},"2":{"start":{"line":8,"column":18},"end":{"line":8,"column":49}},"3":{"start":{"line":9,"column":2},"end":{"line":9,"column":22}},"4":{"start":{"line":7,"column":13},"end":{"line":7,"column":34}},"5":{"start":{"line":12,"column":13},"end":{"line":12,"column":61}}},"fnMap":{"0":{"name":"(anonymous_0)","decl":{"start":{"line":7,"column":34},"end":{"line":7,"column":35}},"loc":{"start":{"line":7,"column":75},"end":{"line":10,"column":1}}}},"branchMap":{},"s":{"0":1,"1":1,"2":1025,"3":1024,"4":1,"5":1},"f":{"0":1025},"b":{}}
,"D:\\data-enrichment-service\\src\\config\\env.validation.ts": {"path":"D:\\data-enrichment-service\\src\\config\\env.validation.ts","statementMap":{"0":{"start":{"line":1,"column":0},"end":{"line":1,"column":49}},"1":{"start":{"line":2,"column":0},"end":{"line":2,"column":114}},"2":{"start":{"line":4,"column":0},"end":{"line":4,"column":null}},"3":{"start":{"line":5,"column":2},"end":{"line":5,"column":null}},"4":{"start":{"line":6,"column":2},"end":{"line":6,"column":null}},"5":{"start":{"line":7,"column":2},"end":{"line":7,"column":null}},"6":{"start":{"line":10,"column":0},"end":{"line":10,"column":13}},"7":{"start":{"line":12,"column":2},"end":{"line":12,"column":null}},"8":{"start":{"line":15,"column":2},"end":{"line":15,"column":null}},"9":{"start":{"line":18,"column":2},"end":{"line":18,"column":null}},"10":{"start":{"line":21,"column":2},"end":{"line":21,"column":null}},"11":{"start":{"line":24,"column":2},"end":{"line":24,"column":null}},"12":{"start":{"line":27,"column":2},"end":{"line":27,"column":null}},"13":{"start":{"line":30,"column":2},"end":{"line":30,"column":null}},"14":{"start":{"line":33,"column":2},"end":{"line":33,"column":null}},"15":{"start":{"line":36,"column":2},"end":{"line":36,"column":null}},"16":{"start":{"line":39,"column":2},"end":{"line":39,"column":null}},"17":{"start":{"line":42,"column":2},"end":{"line":42,"column":null}},"18":{"start":{"line":45,"column":2},"end":{"line":45,"column":null}},"19":{"start":{"line":48,"column":2},"end":{"line":48,"column":null}},"20":{"start":{"line":51,"column":2},"end":{"line":51,"column":null}},"21":{"start":{"line":54,"column":2},"end":{"line":54,"column":null}},"22":{"start":{"line":57,"column":2},"end":{"line":57,"column":null}},"23":{"start":{"line":60,"column":2},"end":{"line":60,"column":null}},"24":{"start":{"line":63,"column":2},"end":{"line":63,"column":null}},"25":{"start":{"line":66,"column":2},"end":{"line":66,"column":null}},"26":{"start":{"line":69,"column":2},"end":{"line":69,"column":null}},"27":{"start":{"line":72,"column":2},"end":{"line":72,"column":null}},"28":{"start":{"line":76,"column":2},"end":{"line":76,"column":null}},"29":{"start":{"line":79,"column":2},"end":{"line":79,"column":null}},"30":{"start":{"line":82,"column":2},"end":{"line":82,"column":null}},"31":{"start":{"line":85,"column":2},"end":{"line":85,"column":null}},"32":{"start":{"line":88,"column":2},"end":{"line":88,"column":null}},"33":{"start":{"line":92,"column":2},"end":{"line":92,"column":null}},"34":{"start":{"line":96,"column":2},"end":{"line":96,"column":null}},"35":{"start":{"line":99,"column":24},"end":{"line":113,"column":1}},"36":{"start":{"line":100,"column":26},"end":{"line":102,"column":4}},"37":{"start":{"line":104,"column":17},"end":{"line":106,"column":4}},"38":{"start":{"line":108,"column":2},"end":{"line":110,"column":3}},"39":{"start":{"line":109,"column":4},"end":{"line":109,"column":39}},"40":{"start":{"line":112,"column":2},"end":{"line":112,"column":25}},"41":{"start":{"line":99,"column":13},"end":{"line":99,"column":24}}},"fnMap":{"0":{"name":"(anonymous_0)","decl":{"start":{"line":4,"column":0},"end":{"line":4,"column":5}},"loc":{"start":{"line":4,"column":12},"end":{"line":8,"column":1}}},"1":{"name":"(anonymous_1)","decl":{"start":{"line":99,"column":24},"end":{"line":99,"column":25}},"loc":{"start":{"line":99,"column":60},"end":{"line":113,"column":1}}}},"branchMap":{"0":{"loc":{"start":{"line":4,"column":5},"end":{"line":4,"column":null}},"type":"binary-expr","locations":[{"start":{"line":4,"column":5},"end":{"line":4,"column":12}},{"start":{"line":4,"column":5},"end":{"line":4,"column":null}}]},"1":{"loc":{"start":{"line":108,"column":2},"end":{"line":110,"column":3}},"type":"if","locations":[{"start":{"line":108,"column":2},"end":{"line":110,"column":3}},{"start":{},"end":{}}]}},"s":{"0":0,"1":0,"2":0,"3":0,"4":0,"5":0,"6":0,"7":0,"8":0,"9":0,"10":0,"11":0,"12":0,"13":0,"14":0,"15":0,"16":0,"17":0,"18":0,"19":0,"20":0,"21":0,"22":0,"23":0,"24":0,"25":0,"26":0,"27":0,"28":0,"29":0,"30":0,"31":0,"32":0,"33":0,"34":0,"35":0,"36":0,"37":0,"38":0,"39":0,"40":0,"41":0},"f":{"0":0,"1":0},"b":{"0":[0,0],"1":[0,0]}}
,"D:\\data-enrichment-service\\src\\database\\database.module.ts": {"path":"D:\\data-enrichment-service\\src\\database\\database.module.ts","statementMap":{"0":{"start":{"line":1,"column":0},"end":{"line":1,"column":40}},"1":{"start":{"line":2,"column":0},"end":{"line":2,"column":53}},"2":{"start":{"line":3,"column":0},"end":{"line":3,"column":71}},"3":{"start":{"line":10,"column":7},"end":{"line":10,"column":null}},"4":{"start":{"line":10,"column":13},"end":{"line":10,"column":27}},"5":{"start":{"line":10,"column":13},"end":{"line":10,"column":null}}},"fnMap":{},"branchMap":{},"s":{"0":0,"1":0,"2":0,"3":0,"4":0,"5":0},"f":{},"b":{}}
,"D:\\data-enrichment-service\\src\\database\\database.service.ts": {"path":"D:\\data-enrichment-service\\src\\database\\database.service.ts","statementMap":{"0":{"start":{"line":1,"column":0},"end":{"line":1,"column":44}},"1":{"start":{"line":2,"column":0},"end":{"line":2,"column":56}},"2":{"start":{"line":3,"column":0},"end":{"line":3,"column":55}},"3":{"start":{"line":4,"column":0},"end":{"line":4,"column":26}},"4":{"start":{"line":6,"column":0},"end":{"line":6,"column":48}},"5":{"start":{"line":9,"column":7},"end":{"line":148,"column":null}},"6":{"start":{"line":11,"column":31},"end":{"line":11,"column":46}},"7":{"start":{"line":12,"column":4},"end":{"line":15,"column":7}},"8":{"start":{"line":19,"column":19},"end":{"line":19,"column":53}},"9":{"start":{"line":20,"column":4},"end":{"line":20,"column":18}},"10":{"start":{"line":24,"column":4},"end":{"line":50,"column":5}},"11":{"start":{"line":25,"column":6},"end":{"line":27,"column":7}},"12":{"start":{"line":26,"column":8},"end":{"line":26,"column":59}},"13":{"start":{"line":29,"column":19},"end":{"line":29,"column":39}},"14":{"start":{"line":30,"column":27},"end":{"line":32,"column":19}},"15":{"start":{"line":31,"column":30},"end":{"line":31,"column":118}},"16":{"start":{"line":31,"column":60},"end":{"line":31,"column":103}},"17":{"start":{"line":34,"column":21},"end":{"line":34,"column":62}},"18":{"start":{"line":34,"column":43},"end":{"line":34,"column":61}},"19":{"start":{"line":36,"column":26},"end":{"line":39,"column":6}},"20":{"start":{"line":41,"column":6},"end":{"line":41,"column":44}},"21":{"start":{"line":43,"column":6},"end":{"line":43,"column":97}},"22":{"start":{"line":45,"column":6},"end":{"line":49,"column":7}},"23":{"start":{"line":46,"column":8},"end":{"line":46,"column":101}},"24":{"start":{"line":48,"column":8},"end":{"line":48,"column":117}},"25":{"start":{"line":54,"column":22},"end":{"line":54,"column":52}},"26":{"start":{"line":55,"column":23},"end":{"line":60,"column":6}},"27":{"start":{"line":62,"column":19},"end":{"line":62,"column":65}},"28":{"start":{"line":63,"column":4},"end":{"line":63,"column":43}},"29":{"start":{"line":67,"column":4},"end":{"line":83,"column":5}},"30":{"start":{"line":68,"column":26},"end":{"line":74,"column":8}},"31":{"start":{"line":75,"column":6},"end":{"line":75,"column":36}},"32":{"start":{"line":76,"column":6},"end":{"line":76,"column":80}},"33":{"start":{"line":78,"column":6},"end":{"line":82,"column":7}},"34":{"start":{"line":79,"column":8},"end":{"line":79,"column":96}},"35":{"start":{"line":81,"column":8},"end":{"line":81,"column":112}},"36":{"start":{"line":87,"column":4},"end":{"line":108,"column":5}},"37":{"start":{"line":88,"column":26},"end":{"line":98,"column":6}},"38":{"start":{"line":100,"column":6},"end":{"line":100,"column":36}},"39":{"start":{"line":101,"column":6},"end":{"line":101,"column":94}},"40":{"start":{"line":103,"column":6},"end":{"line":107,"column":7}},"41":{"start":{"line":104,"column":8},"end":{"line":104,"column":105}},"42":{"start":{"line":106,"column":8},"end":{"line":106,"column":121}},"43":{"start":{"line":112,"column":4},"end":{"line":112,"column":39}},"44":{"start":{"line":113,"column":16},"end":{"line":113,"column":98}},"45":{"start":{"line":115,"column":17},"end":{"line":118,"column":7}},"46":{"start":{"line":115,"column":36},"end":{"line":118,"column":6}},"47":{"start":{"line":120,"column":4},"end":{"line":126,"column":5}},"48":{"start":{"line":121,"column":6},"end":{"line":121,"column":46}},"49":{"start":{"line":123,"column":26},"end":{"line":123,"column":54}},"50":{"start":{"line":124,"column":6},"end":{"line":124,"column":36}},"51":{"start":{"line":125,"column":6},"end":{"line":125,"column":46}},"52":{"start":{"line":130,"column":4},"end":{"line":130,"column":51}},"53":{"start":{"line":132,"column":17},"end":{"line":139,"column":7}},"54":{"start":{"line":132,"column":37},"end":{"line":139,"column":6}},"55":{"start":{"line":140,"column":4},"end":{"line":146,"column":5}},"56":{"start":{"line":141,"column":6},"end":{"line":141,"column":46}},"57":{"start":{"line":143,"column":26},"end":{"line":143,"column":54}},"58":{"start":{"line":144,"column":6},"end":{"line":144,"column":36}},"59":{"start":{"line":145,"column":6},"end":{"line":145,"column":46}},"60":{"start":{"line":9,"column":13},"end":{"line":9,"column":28}},"61":{"start":{"line":9,"column":13},"end":{"line":148,"column":null}}},"fnMap":{"0":{"name":"(anonymous_0)","decl":{"start":{"line":11,"column":2},"end":{"line":11,"column":31}},"loc":{"start":{"line":11,"column":59},"end":{"line":16,"column":3}}},"1":{"name":"(anonymous_1)","decl":{"start":{"line":18,"column":2},"end":{"line":18,"column":7}},"loc":{"start":{"line":18,"column":88},"end":{"line":21,"column":3}}},"2":{"name":"(anonymous_2)","decl":{"start":{"line":23,"column":2},"end":{"line":23,"column":7}},"loc":{"start":{"line":23,"column":69},"end":{"line":51,"column":3}}},"3":{"name":"(anonymous_3)","decl":{"start":{"line":31,"column":13},"end":{"line":31,"column":14}},"loc":{"start":{"line":31,"column":30},"end":{"line":31,"column":118}}},"4":{"name":"(anonymous_4)","decl":{"start":{"line":31,"column":43},"end":{"line":31,"column":44}},"loc":{"start":{"line":31,"column":60},"end":{"line":31,"column":103}}},"5":{"name":"(anonymous_5)","decl":{"start":{"line":34,"column":34},"end":{"line":34,"column":35}},"loc":{"start":{"line":34,"column":43},"end":{"line":34,"column":61}}},"6":{"name":"(anonymous_6)","decl":{"start":{"line":53,"column":2},"end":{"line":53,"column":7}},"loc":{"start":{"line":53,"column":36},"end":{"line":64,"column":3}}},"7":{"name":"(anonymous_7)","decl":{"start":{"line":66,"column":2},"end":{"line":66,"column":7}},"loc":{"start":{"line":66,"column":37},"end":{"line":84,"column":3}}},"8":{"name":"(anonymous_8)","decl":{"start":{"line":86,"column":2},"end":{"line":86,"column":7}},"loc":{"start":{"line":86,"column":49},"end":{"line":109,"column":3}}},"9":{"name":"(anonymous_9)","decl":{"start":{"line":111,"column":2},"end":{"line":111,"column":7}},"loc":{"start":{"line":111,"column":71},"end":{"line":127,"column":3}}},"10":{"name":"(anonymous_10)","decl":{"start":{"line":115,"column":25},"end":{"line":115,"column":26}},"loc":{"start":{"line":115,"column":36},"end":{"line":118,"column":6}}},"11":{"name":"(anonymous_11)","decl":{"start":{"line":129,"column":2},"end":{"line":129,"column":7}},"loc":{"start":{"line":129,"column":88},"end":{"line":147,"column":3}}},"12":{"name":"(anonymous_12)","decl":{"start":{"line":132,"column":26},"end":{"line":132,"column":27}},"loc":{"start":{"line":132,"column":37},"end":{"line":139,"column":6}}}},"branchMap":{"0":{"loc":{"start":{"line":25,"column":6},"end":{"line":27,"column":7}},"type":"if","locations":[{"start":{"line":25,"column":6},"end":{"line":27,"column":7}},{"start":{},"end":{}}]},"1":{"loc":{"start":{"line":25,"column":10},"end":{"line":25,"column":36}},"type":"binary-expr","locations":[{"start":{"line":25,"column":10},"end":{"line":25,"column":15}},{"start":{"line":25,"column":19},"end":{"line":25,"column":36}}]},"2":{"loc":{"start":{"line":45,"column":6},"end":{"line":49,"column":7}},"type":"if","locations":[{"start":{"line":45,"column":6},"end":{"line":49,"column":7}},{"start":{"line":47,"column":13},"end":{"line":49,"column":7}}]},"3":{"loc":{"start":{"line":63,"column":11},"end":{"line":63,"column":42}},"type":"binary-expr","locations":[{"start":{"line":63,"column":11},"end":{"line":63,"column":33}},{"start":{"line":63,"column":37},"end":{"line":63,"column":42}}]},"4":{"loc":{"start":{"line":78,"column":6},"end":{"line":82,"column":7}},"type":"if","locations":[{"start":{"line":78,"column":6},"end":{"line":82,"column":7}},{"start":{"line":80,"column":13},"end":{"line":82,"column":7}}]},"5":{"loc":{"start":{"line":103,"column":6},"end":{"line":107,"column":7}},"type":"if","locations":[{"start":{"line":103,"column":6},"end":{"line":107,"column":7}},{"start":{"line":105,"column":13},"end":{"line":107,"column":7}}]},"6":{"loc":{"start":{"line":113,"column":16},"end":{"line":113,"column":98}},"type":"cond-expr","locations":[{"start":{"line":113,"column":38},"end":{"line":113,"column":42}},{"start":{"line":113,"column":45},"end":{"line":113,"column":98}}]},"7":{"loc":{"start":{"line":120,"column":4},"end":{"line":126,"column":5}},"type":"if","locations":[{"start":{"line":120,"column":4},"end":{"line":126,"column":5}},{"start":{"line":122,"column":11},"end":{"line":126,"column":5}}]},"8":{"loc":{"start":{"line":140,"column":4},"end":{"line":146,"column":5}},"type":"if","locations":[{"start":{"line":140,"column":4},"end":{"line":146,"column":5}},{"start":{"line":142,"column":11},"end":{"line":146,"column":5}}]}},"s":{"0":3,"1":3,"2":3,"3":3,"4":3,"5":3,"6":1,"7":1,"8":0,"9":0,"10":0,"11":0,"12":0,"13":0,"14":0,"15":0,"16":0,"17":0,"18":0,"19":0,"20":0,"21":0,"22":0,"23":0,"24":0,"25":0,"26":0,"27":0,"28":0,"29":0,"30":0,"31":0,"32":0,"33":0,"34":0,"35":0,"36":0,"37":0,"38":0,"39":0,"40":0,"41":0,"42":0,"43":0,"44":0,"45":0,"46":0,"47":0,"48":0,"49":0,"50":0,"51":0,"52":0,"53":0,"54":0,"55":0,"56":0,"57":0,"58":0,"59":0,"60":3,"61":3},"f":{"0":1,"1":0,"2":0,"3":0,"4":0,"5":0,"6":0,"7":0,"8":0,"9":0,"10":0,"11":0,"12":0},"b":{"0":[0,0],"1":[0,0],"2":[0,0],"3":[0,0],"4":[0,0],"5":[0,0],"6":[0,0],"7":[0,0],"8":[0,0]}}
,"D:\\data-enrichment-service\\src\\executor\\executor.module.ts": {"path":"D:\\data-enrichment-service\\src\\executor\\executor.module.ts","statementMap":{"0":{"start":{"line":1,"column":0},"end":{"line":1,"column":40}},"1":{"start":{"line":2,"column":0},"end":{"line":2,"column":53}},"2":{"start":{"line":3,"column":0},"end":{"line":3,"column":71}},"3":{"start":{"line":4,"column":0},"end":{"line":4,"column":50}},"4":{"start":{"line":5,"column":0},"end":{"line":5,"column":61}},"5":{"start":{"line":6,"column":0},"end":{"line":6,"column":52}},"6":{"start":{"line":7,"column":0},"end":{"line":7,"column":43}},"7":{"start":{"line":8,"column":0},"end":{"line":8,"column":46}},"8":{"start":{"line":15,"column":7},"end":{"line":15,"column":null}},"9":{"start":{"line":15,"column":13},"end":{"line":15,"column":27}},"10":{"start":{"line":15,"column":13},"end":{"line":15,"column":null}}},"fnMap":{},"branchMap":{},"s":{"0":0,"1":0,"2":0,"3":0,"4":0,"5":0,"6":0,"7":0,"8":0,"9":0,"10":0},"f":{},"b":{}}
,"D:\\data-enrichment-service\\src\\executor\\executor.service.ts": {"path":"D:\\data-enrichment-service\\src\\executor\\executor.service.ts","statementMap":{"0":{"start":{"line":1,"column":0},"end":{"line":1,"column":44}},"1":{"start":{"line":2,"column":0},"end":{"line":2,"column":44}},"2":{"start":{"line":3,"column":0},"end":{"line":3,"column":47}},"3":{"start":{"line":4,"column":0},"end":{"line":4,"column":53}},"4":{"start":{"line":5,"column":0},"end":{"line":5,"column":70}},"5":{"start":{"line":6,"column":0},"end":{"line":6,"column":119}},"6":{"start":{"line":7,"column":0},"end":{"line":7,"column":31}},"7":{"start":{"line":8,"column":0},"end":{"line":8,"column":39}},"8":{"start":{"line":9,"column":0},"end":{"line":9,"column":36}},"9":{"start":{"line":10,"column":0},"end":{"line":10,"column":38}},"10":{"start":{"line":11,"column":0},"end":{"line":11,"column":42}},"11":{"start":{"line":12,"column":0},"end":{"line":12,"column":48}},"12":{"start":{"line":13,"column":0},"end":{"line":13,"column":63}},"13":{"start":{"line":14,"column":0},"end":{"line":14,"column":56}},"14":{"start":{"line":16,"column":7},"end":{"line":202,"column":null}},"15":{"start":{"line":20,"column":21},"end":{"line":20,"column":40}},"16":{"start":{"line":21,"column":21},"end":{"line":21,"column":36}},"17":{"start":{"line":22,"column":21},"end":{"line":22,"column":25}},"18":{"start":{"line":23,"column":21},"end":{"line":23,"column":28}},"19":{"start":{"line":24,"column":21},"end":{"line":24,"column":36}},"20":{"start":{"line":25,"column":21},"end":{"line":25,"column":34}},"21":{"start":{"line":27,"column":4},"end":{"line":27,"column":71}},"22":{"start":{"line":32,"column":18},"end":{"line":32,"column":50}},"23":{"start":{"line":33,"column":28},"end":{"line":33,"column":38}},"24":{"start":{"line":34,"column":24},"end":{"line":34,"column":53}},"25":{"start":{"line":35,"column":4},"end":{"line":35,"column":61}},"26":{"start":{"line":37,"column":4},"end":{"line":41,"column":5}},"27":{"start":{"line":38,"column":22},"end":{"line":38,"column":63}},"28":{"start":{"line":39,"column":6},"end":{"line":39,"column":27}},"29":{"start":{"line":40,"column":6},"end":{"line":40,"column":51}},"30":{"start":{"line":46,"column":4},"end":{"line":56,"column":5}},"31":{"start":{"line":47,"column":6},"end":{"line":51,"column":7}},"32":{"start":{"line":48,"column":8},"end":{"line":48,"column":46}},"33":{"start":{"line":50,"column":8},"end":{"line":50,"column":46}},"34":{"start":{"line":53,"column":22},"end":{"line":53,"column":76}},"35":{"start":{"line":54,"column":6},"end":{"line":54,"column":40}},"36":{"start":{"line":55,"column":6},"end":{"line":55,"column":44}},"37":{"start":{"line":61,"column":20},"end":{"line":61,"column":52}},"38":{"start":{"line":62,"column":29},"end":{"line":62,"column":114}},"39":{"start":{"line":64,"column":4},"end":{"line":69,"column":5}},"40":{"start":{"line":65,"column":6},"end":{"line":65,"column":86}},"41":{"start":{"line":66,"column":6},"end":{"line":66,"column":53}},"42":{"start":{"line":68,"column":6},"end":{"line":68,"column":44}},"43":{"start":{"line":74,"column":17},"end":{"line":74,"column":33}},"44":{"start":{"line":75,"column":4},"end":{"line":96,"column":5}},"45":{"start":{"line":76,"column":6},"end":{"line":90,"column":7}},"46":{"start":{"line":77,"column":8},"end":{"line":82,"column":11}},"47":{"start":{"line":83,"column":13},"end":{"line":90,"column":7}},"48":{"start":{"line":84,"column":8},"end":{"line":89,"column":11}},"49":{"start":{"line":91,"column":6},"end":{"line":91,"column":18}},"50":{"start":{"line":93,"column":22},"end":{"line":93,"column":76}},"51":{"start":{"line":94,"column":6},"end":{"line":94,"column":40}},"52":{"start":{"line":95,"column":6},"end":{"line":95,"column":60}},"53":{"start":{"line":101,"column":20},"end":{"line":101,"column":52}},"54":{"start":{"line":102,"column":17},"end":{"line":102,"column":25}},"55":{"start":{"line":103,"column":15},"end":{"line":103,"column":31}},"56":{"start":{"line":105,"column":4},"end":{"line":122,"column":5}},"57":{"start":{"line":106,"column":6},"end":{"line":106,"column":54}},"58":{"start":{"line":107,"column":6},"end":{"line":107,"column":79}},"59":{"start":{"line":107,"column":23},"end":{"line":107,"column":79}},"60":{"start":{"line":109,"column":25},"end":{"line":109,"column":53}},"61":{"start":{"line":110,"column":6},"end":{"line":110,"column":85}},"62":{"start":{"line":110,"column":23},"end":{"line":110,"column":85}},"63":{"start":{"line":112,"column":22},"end":{"line":112,"column":64}},"64":{"start":{"line":113,"column":6},"end":{"line":113,"column":89}},"65":{"start":{"line":115,"column":6},"end":{"line":115,"column":53}},"66":{"start":{"line":117,"column":22},"end":{"line":117,"column":76}},"67":{"start":{"line":118,"column":6},"end":{"line":118,"column":57}},"68":{"start":{"line":119,"column":6},"end":{"line":119,"column":44}},"69":{"start":{"line":121,"column":6},"end":{"line":121,"column":23}},"70":{"start":{"line":127,"column":4},"end":{"line":171,"column":5}},"71":{"start":{"line":128,"column":23},"end":{"line":128,"column":48}},"72":{"start":{"line":130,"column":6},"end":{"line":132,"column":7}},"73":{"start":{"line":131,"column":8},"end":{"line":131,"column":76}},"74":{"start":{"line":134,"column":22},"end":{"line":134,"column":52}},"75":{"start":{"line":136,"column":6},"end":{"line":138,"column":7}},"76":{"start":{"line":137,"column":8},"end":{"line":137,"column":55}},"77":{"start":{"line":140,"column":6},"end":{"line":143,"column":7}},"78":{"start":{"line":141,"column":23},"end":{"line":141,"column":42}},"79":{"start":{"line":142,"column":8},"end":{"line":142,"column":57}},"80":{"start":{"line":145,"column":6},"end":{"line":165,"column":7}},"81":{"start":{"line":146,"column":24},"end":{"line":163,"column":10}},"82":{"start":{"line":149,"column":12},"end":{"line":154,"column":null}},"83":{"start":{"line":150,"column":14},"end":{"line":154,"column":39}},"84":{"start":{"line":164,"column":8},"end":{"line":164,"column":52}},"85":{"start":{"line":167,"column":6},"end":{"line":167,"column":47}},"86":{"start":{"line":169,"column":6},"end":{"line":169,"column":66}},"87":{"start":{"line":170,"column":6},"end":{"line":170,"column":18}},"88":{"start":{"line":176,"column":21},"end":{"line":176,"column":69}},"89":{"start":{"line":177,"column":19},"end":{"line":177,"column":62}},"90":{"start":{"line":179,"column":24},"end":{"line":179,"column":72}},"91":{"start":{"line":180,"column":4},"end":{"line":184,"column":5}},"92":{"start":{"line":181,"column":6},"end":{"line":181,"column":93}},"93":{"start":{"line":182,"column":6},"end":{"line":182,"column":31}},"94":{"start":{"line":183,"column":6},"end":{"line":183,"column":51}},"95":{"start":{"line":186,"column":4},"end":{"line":186,"column":51}},"96":{"start":{"line":188,"column":20},"end":{"line":195,"column":null}},"97":{"start":{"line":191,"column":8},"end":{"line":191,"column":36}},"98":{"start":{"line":198,"column":4},"end":{"line":198,"column":55}},"99":{"start":{"line":199,"column":4},"end":{"line":199,"column":20}},"100":{"start":{"line":200,"column":4},"end":{"line":200,"column":68}},"101":{"start":{"line":16,"column":13},"end":{"line":16,"column":28}},"102":{"start":{"line":31,"column":16},"end":{"line":42,"column":null}},"103":{"start":{"line":45,"column":16},"end":{"line":57,"column":null}},"104":{"start":{"line":60,"column":16},"end":{"line":70,"column":null}},"105":{"start":{"line":73,"column":8},"end":{"line":97,"column":null}},"106":{"start":{"line":100,"column":16},"end":{"line":123,"column":null}},"107":{"start":{"line":126,"column":8},"end":{"line":172,"column":null}},"108":{"start":{"line":175,"column":8},"end":{"line":201,"column":null}},"109":{"start":{"line":16,"column":13},"end":{"line":202,"column":null}}},"fnMap":{"0":{"name":"(anonymous_0)","decl":{"start":{"line":19,"column":2},"end":{"line":19,"column":null}},"loc":{"start":{"line":25,"column":45},"end":{"line":28,"column":3}}},"1":{"name":"(anonymous_1)","decl":{"start":{"line":31,"column":16},"end":{"line":31,"column":29}},"loc":{"start":{"line":31,"column":54},"end":{"line":42,"column":3}}},"2":{"name":"(anonymous_2)","decl":{"start":{"line":45,"column":16},"end":{"line":45,"column":19}},"loc":{"start":{"line":45,"column":44},"end":{"line":57,"column":3}}},"3":{"name":"(anonymous_3)","decl":{"start":{"line":60,"column":16},"end":{"line":60,"column":29}},"loc":{"start":{"line":60,"column":54},"end":{"line":70,"column":3}}},"4":{"name":"(anonymous_4)","decl":{"start":{"line":73,"column":8},"end":{"line":73,"column":28}},"loc":{"start":{"line":73,"column":52},"end":{"line":97,"column":3}}},"5":{"name":"(anonymous_5)","decl":{"start":{"line":100,"column":16},"end":{"line":100,"column":29}},"loc":{"start":{"line":100,"column":54},"end":{"line":123,"column":3}}},"6":{"name":"(anonymous_6)","decl":{"start":{"line":126,"column":8},"end":{"line":126,"column":27}},"loc":{"start":{"line":126,"column":64},"end":{"line":172,"column":3}}},"7":{"name":"(anonymous_7)","decl":{"start":{"line":148,"column":19},"end":{"line":148,"column":20}},"loc":{"start":{"line":149,"column":12},"end":{"line":154,"column":null}}},"8":{"name":"(anonymous_8)","decl":{"start":{"line":149,"column":24},"end":{"line":149,"column":25}},"loc":{"start":{"line":150,"column":14},"end":{"line":154,"column":39}}},"9":{"name":"(anonymous_9)","decl":{"start":{"line":175,"column":8},"end":{"line":175,"column":18}},"loc":{"start":{"line":175,"column":27},"end":{"line":201,"column":3}}},"10":{"name":"(anonymous_10)","decl":{"start":{"line":190,"column":6},"end":{"line":190,"column":11}},"loc":{"start":{"line":190,"column":17},"end":{"line":192,"column":7}}}},"branchMap":{"0":{"loc":{"start":{"line":33,"column":28},"end":{"line":33,"column":38}},"type":"binary-expr","locations":[{"start":{"line":33,"column":28},"end":{"line":33,"column":33}},{"start":{"line":33,"column":37},"end":{"line":33,"column":38}}]},"1":{"loc":{"start":{"line":37,"column":4},"end":{"line":41,"column":5}},"type":"if","locations":[{"start":{"line":37,"column":4},"end":{"line":41,"column":5}},{"start":{},"end":{}}]},"2":{"loc":{"start":{"line":37,"column":8},"end":{"line":37,"column":55}},"type":"binary-expr","locations":[{"start":{"line":37,"column":8},"end":{"line":37,"column":22}},{"start":{"line":37,"column":26},"end":{"line":37,"column":55}}]},"3":{"loc":{"start":{"line":47,"column":6},"end":{"line":51,"column":7}},"type":"if","locations":[{"start":{"line":47,"column":6},"end":{"line":51,"column":7}},{"start":{"line":49,"column":13},"end":{"line":51,"column":7}}]},"4":{"loc":{"start":{"line":53,"column":22},"end":{"line":53,"column":76}},"type":"cond-expr","locations":[{"start":{"line":53,"column":47},"end":{"line":53,"column":60}},{"start":{"line":53,"column":63},"end":{"line":53,"column":76}}]},"5":{"loc":{"start":{"line":64,"column":4},"end":{"line":69,"column":5}},"type":"if","locations":[{"start":{"line":64,"column":4},"end":{"line":69,"column":5}},{"start":{"line":67,"column":11},"end":{"line":69,"column":5}}]},"6":{"loc":{"start":{"line":64,"column":8},"end":{"line":64,"column":50}},"type":"binary-expr","locations":[{"start":{"line":64,"column":8},"end":{"line":64,"column":22}},{"start":{"line":64,"column":26},"end":{"line":64,"column":50}}]},"7":{"loc":{"start":{"line":76,"column":6},"end":{"line":90,"column":7}},"type":"if","locations":[{"start":{"line":76,"column":6},"end":{"line":90,"column":7}},{"start":{"line":83,"column":13},"end":{"line":90,"column":7}}]},"8":{"loc":{"start":{"line":76,"column":10},"end":{"line":76,"column":78}},"type":"binary-expr","locations":[{"start":{"line":76,"column":10},"end":{"line":76,"column":58}},{"start":{"line":76,"column":62},"end":{"line":76,"column":78}}]},"9":{"loc":{"start":{"line":83,"column":13},"end":{"line":90,"column":7}},"type":"if","locations":[{"start":{"line":83,"column":13},"end":{"line":90,"column":7}},{"start":{},"end":{}}]},"10":{"loc":{"start":{"line":93,"column":22},"end":{"line":93,"column":76}},"type":"cond-expr","locations":[{"start":{"line":93,"column":47},"end":{"line":93,"column":60}},{"start":{"line":93,"column":63},"end":{"line":93,"column":76}}]},"11":{"loc":{"start":{"line":107,"column":6},"end":{"line":107,"column":79}},"type":"if","locations":[{"start":{"line":107,"column":6},"end":{"line":107,"column":79}},{"start":{},"end":{}}]},"12":{"loc":{"start":{"line":110,"column":6},"end":{"line":110,"column":85}},"type":"if","locations":[{"start":{"line":110,"column":6},"end":{"line":110,"column":85}},{"start":{},"end":{}}]},"13":{"loc":{"start":{"line":117,"column":22},"end":{"line":117,"column":76}},"type":"cond-expr","locations":[{"start":{"line":117,"column":47},"end":{"line":117,"column":60}},{"start":{"line":117,"column":63},"end":{"line":117,"column":76}}]},"14":{"loc":{"start":{"line":130,"column":6},"end":{"line":132,"column":7}},"type":"if","locations":[{"start":{"line":130,"column":6},"end":{"line":132,"column":7}},{"start":{},"end":{}}]},"15":{"loc":{"start":{"line":130,"column":12},"end":{"line":130,"column":71}},"type":"binary-expr","locations":[{"start":{"line":130,"column":12},"end":{"line":130,"column":37}},{"start":{"line":130,"column":41},"end":{"line":130,"column":71}}]},"16":{"loc":{"start":{"line":136,"column":6},"end":{"line":138,"column":7}},"type":"if","locations":[{"start":{"line":136,"column":6},"end":{"line":138,"column":7}},{"start":{},"end":{}}]},"17":{"loc":{"start":{"line":140,"column":6},"end":{"line":143,"column":7}},"type":"if","locations":[{"start":{"line":140,"column":6},"end":{"line":143,"column":7}},{"start":{},"end":{}}]},"18":{"loc":{"start":{"line":142,"column":15},"end":{"line":142,"column":56}},"type":"cond-expr","locations":[{"start":{"line":142,"column":39},"end":{"line":142,"column":45}},{"start":{"line":142,"column":48},"end":{"line":142,"column":56}}]},"19":{"loc":{"start":{"line":145,"column":6},"end":{"line":165,"column":7}},"type":"if","locations":[{"start":{"line":145,"column":6},"end":{"line":165,"column":7}},{"start":{},"end":{}}]},"20":{"loc":{"start":{"line":145,"column":10},"end":{"line":145,"column":76}},"type":"binary-expr","locations":[{"start":{"line":145,"column":10},"end":{"line":145,"column":41}},{"start":{"line":145,"column":45},"end":{"line":145,"column":76}}]},"21":{"loc":{"start":{"line":147,"column":21},"end":{"line":147,"column":85}},"type":"cond-expr","locations":[{"start":{"line":147,"column":56},"end":{"line":147,"column":77}},{"start":{"line":147,"column":81},"end":{"line":147,"column":85}}]},"22":{"loc":{"start":{"line":147,"column":56},"end":{"line":147,"column":77}},"type":"binary-expr","locations":[{"start":{"line":147,"column":56},"end":{"line":147,"column":70}},{"start":{"line":147,"column":74},"end":{"line":147,"column":77}}]},"23":{"loc":{"start":{"line":180,"column":4},"end":{"line":184,"column":5}},"type":"if","locations":[{"start":{"line":180,"column":4},"end":{"line":184,"column":5}},{"start":{},"end":{}}]}},"s":{"0":1,"1":1,"2":1,"3":1,"4":1,"5":1,"6":1,"7":1,"8":1,"9":1,"10":1,"11":1,"12":1,"13":1,"14":1,"15":31,"16":31,"17":31,"18":31,"19":31,"20":31,"21":31,"22":9,"23":9,"24":9,"25":9,"26":9,"27":1,"28":1,"29":1,"30":3,"31":3,"32":2,"33":1,"34":1,"35":1,"36":1,"37":7,"38":7,"39":5,"40":3,"41":3,"42":2,"43":7,"44":7,"45":7,"46":6,"47":1,"48":1,"49":6,"50":1,"51":1,"52":1,"53":4,"54":4,"55":4,"56":4,"57":4,"58":4,"59":1,"60":3,"61":3,"62":1,"63":2,"64":2,"65":2,"66":2,"67":2,"68":2,"69":4,"70":9,"71":9,"72":9,"73":0,"74":9,"75":9,"76":0,"77":9,"78":4,"79":4,"80":5,"81":4,"82":4,"83":12,"84":4,"85":1,"86":1,"87":1,"88":5,"89":5,"90":5,"91":5,"92":1,"93":1,"94":1,"95":5,"96":5,"97":0,"98":5,"99":5,"100":5,"101":1,"102":1,"103":1,"104":1,"105":1,"106":1,"107":1,"108":1,"109":1},"f":{"0":31,"1":9,"2":3,"3":7,"4":7,"5":4,"6":9,"7":4,"8":12,"9":5,"10":0},"b":{"0":[9,0],"1":[1,8],"2":[9,8],"3":[2,1],"4":[1,0],"5":[3,2],"6":[5,4],"7":[6,1],"8":[7,6],"9":[1,0],"10":[1,0],"11":[1,3],"12":[1,2],"13":[2,0],"14":[0,9],"15":[9,0],"16":[0,9],"17":[4,5],"18":[1,3],"19":[4,1],"20":[5,2],"21":[3,1],"22":[3,0],"23":[1,4]}}
,"D:\\data-enrichment-service\\src\\job\\job.controller.ts": {"path":"D:\\data-enrichment-service\\src\\job\\job.controller.ts","statementMap":{"0":{"start":{"line":1,"column":0},"end":{"line":1,"column":72}},"1":{"start":{"line":3,"column":0},"end":{"line":3,"column":59}},"2":{"start":{"line":5,"column":0},"end":{"line":5,"column":59}},"3":{"start":{"line":6,"column":0},"end":{"line":6,"column":46}},"4":{"start":{"line":7,"column":0},"end":{"line":7,"column":67}},"5":{"start":{"line":8,"column":0},"end":{"line":8,"column":43}},"6":{"start":{"line":12,"column":7},"end":{"line":20,"column":null}},"7":{"start":{"line":13,"column":22},"end":{"line":13,"column":34}},"8":{"start":{"line":18,"column":4},"end":{"line":18,"column":92}},"9":{"start":{"line":12,"column":13},"end":{"line":12,"column":26}},"10":{"start":{"line":17,"column":8},"end":{"line":19,"column":null}},"11":{"start":{"line":12,"column":13},"end":{"line":20,"column":null}}},"fnMap":{"0":{"name":"(anonymous_0)","decl":{"start":{"line":13,"column":2},"end":{"line":13,"column":22}},"loc":{"start":{"line":13,"column":44},"end":{"line":13,"column":48}}},"1":{"name":"(anonymous_1)","decl":{"start":{"line":17,"column":8},"end":{"line":17,"column":17}},"loc":{"start":{"line":17,"column":105},"end":{"line":19,"column":3}}}},"branchMap":{},"s":{"0":0,"1":0,"2":0,"3":0,"4":0,"5":0,"6":0,"7":0,"8":0,"9":0,"10":0,"11":0},"f":{"0":0,"1":0},"b":{}}
,"D:\\data-enrichment-service\\src\\job\\job.module.ts": {"path":"D:\\data-enrichment-service\\src\\job\\job.module.ts","statementMap":{"0":{"start":{"line":1,"column":0},"end":{"line":1,"column":40}},"1":{"start":{"line":2,"column":0},"end":{"line":2,"column":61}},"2":{"start":{"line":3,"column":0},"end":{"line":3,"column":49}},"3":{"start":{"line":4,"column":0},"end":{"line":4,"column":43}},"4":{"start":{"line":5,"column":0},"end":{"line":5,"column":71}},"5":{"start":{"line":6,"column":0},"end":{"line":6,"column":61}},"6":{"start":{"line":7,"column":0},"end":{"line":7,"column":52}},"7":{"start":{"line":15,"column":7},"end":{"line":15,"column":null}},"8":{"start":{"line":15,"column":13},"end":{"line":15,"column":22}},"9":{"start":{"line":15,"column":13},"end":{"line":15,"column":null}}},"fnMap":{},"branchMap":{},"s":{"0":0,"1":0,"2":0,"3":0,"4":0,"5":0,"6":0,"7":0,"8":0,"9":0},"f":{},"b":{}}
,"D:\\data-enrichment-service\\src\\job\\job.service.ts": {"path":"D:\\data-enrichment-service\\src\\job\\job.service.ts","statementMap":{"0":{"start":{"line":1,"column":0},"end":{"line":1,"column":114}},"1":{"start":{"line":2,"column":0},"end":{"line":2,"column":47}},"2":{"start":{"line":3,"column":0},"end":{"line":3,"column":70}},"3":{"start":{"line":4,"column":0},"end":{"line":4,"column":85}},"4":{"start":{"line":5,"column":0},"end":{"line":5,"column":36}},"5":{"start":{"line":7,"column":0},"end":{"line":7,"column":26}},"6":{"start":{"line":8,"column":0},"end":{"line":8,"column":48}},"7":{"start":{"line":9,"column":0},"end":{"line":9,"column":63}},"8":{"start":{"line":13,"column":7},"end":{"line":95,"column":null}},"9":{"start":{"line":17,"column":21},"end":{"line":17,"column":36}},"10":{"start":{"line":18,"column":21},"end":{"line":18,"column":25}},"11":{"start":{"line":19,"column":21},"end":{"line":19,"column":36}},"12":{"start":{"line":20,"column":21},"end":{"line":20,"column":28}},"13":{"start":{"line":22,"column":4},"end":{"line":22,"column":71}},"14":{"start":{"line":27,"column":4},"end":{"line":93,"column":5}},"15":{"start":{"line":28,"column":26},"end":{"line":28,"column":53}},"16":{"start":{"line":29,"column":6},"end":{"line":31,"column":7}},"17":{"start":{"line":30,"column":8},"end":{"line":30,"column":79}},"18":{"start":{"line":33,"column":19},"end":{"line":33,"column":27}},"19":{"start":{"line":35,"column":29},"end":{"line":35,"column":59}},"20":{"start":{"line":38,"column":6},"end":{"line":61,"column":7}},"21":{"start":{"line":39,"column":8},"end":{"line":39,"column":46}},"22":{"start":{"line":41,"column":8},"end":{"line":43,"column":9}},"23":{"start":{"line":42,"column":10},"end":{"line":42,"column":100}},"24":{"start":{"line":44,"column":8},"end":{"line":44,"column":69}},"25":{"start":{"line":46,"column":22},"end":{"line":51,"column":6}},"26":{"start":{"line":52,"column":25},"end":{"line":52,"column":69}},"27":{"start":{"line":53,"column":8},"end":{"line":53,"column":27}},"28":{"start":{"line":55,"column":8},"end":{"line":57,"column":9}},"29":{"start":{"line":56,"column":10},"end":{"line":56,"column":100}},"30":{"start":{"line":59,"column":8},"end":{"line":59,"column":80}},"31":{"start":{"line":60,"column":8},"end":{"line":60,"column":68}},"32":{"start":{"line":63,"column":28},"end":{"line":63,"column":66}},"33":{"start":{"line":64,"column":26},"end":{"line":64,"column":78}},"34":{"start":{"line":65,"column":6},"end":{"line":67,"column":7}},"35":{"start":{"line":66,"column":8},"end":{"line":66,"column":78}},"36":{"start":{"line":69,"column":29},"end":{"line":69,"column":33}},"37":{"start":{"line":70,"column":36},"end":{"line":76,"column":9}},"38":{"start":{"line":70,"column":104},"end":{"line":76,"column":8}},"39":{"start":{"line":78,"column":6},"end":{"line":78,"column":116}},"40":{"start":{"line":80,"column":6},"end":{"line":83,"column":8}},"41":{"start":{"line":85,"column":22},"end":{"line":85,"column":76}},"42":{"start":{"line":86,"column":6},"end":{"line":86,"column":68}},"43":{"start":{"line":88,"column":6},"end":{"line":90,"column":7}},"44":{"start":{"line":89,"column":8},"end":{"line":89,"column":20}},"45":{"start":{"line":92,"column":6},"end":{"line":92,"column":99}},"46":{"start":{"line":13,"column":13},"end":{"line":13,"column":23}},"47":{"start":{"line":26,"column":8},"end":{"line":94,"column":null}},"48":{"start":{"line":13,"column":13},"end":{"line":95,"column":null}}},"fnMap":{"0":{"name":"(anonymous_0)","decl":{"start":{"line":16,"column":2},"end":{"line":16,"column":null}},"loc":{"start":{"line":20,"column":40},"end":{"line":23,"column":3}}},"1":{"name":"(anonymous_1)","decl":{"start":{"line":26,"column":8},"end":{"line":26,"column":20}},"loc":{"start":{"line":26,"column":107},"end":{"line":94,"column":3}}},"2":{"name":"(anonymous_2)","decl":{"start":{"line":70,"column":93},"end":{"line":70,"column":94}},"loc":{"start":{"line":70,"column":104},"end":{"line":76,"column":8}}}},"branchMap":{"0":{"loc":{"start":{"line":29,"column":6},"end":{"line":31,"column":7}},"type":"if","locations":[{"start":{"line":29,"column":6},"end":{"line":31,"column":7}},{"start":{},"end":{}}]},"1":{"loc":{"start":{"line":38,"column":6},"end":{"line":61,"column":7}},"type":"if","locations":[{"start":{"line":38,"column":6},"end":{"line":61,"column":7}},{"start":{"line":45,"column":13},"end":{"line":61,"column":7}}]},"2":{"loc":{"start":{"line":41,"column":8},"end":{"line":43,"column":9}},"type":"if","locations":[{"start":{"line":41,"column":8},"end":{"line":43,"column":9}},{"start":{},"end":{}}]},"3":{"loc":{"start":{"line":41,"column":12},"end":{"line":41,"column":55}},"type":"binary-expr","locations":[{"start":{"line":41,"column":12},"end":{"line":41,"column":20}},{"start":{"line":41,"column":24},"end":{"line":41,"column":55}}]},"4":{"loc":{"start":{"line":55,"column":8},"end":{"line":57,"column":9}},"type":"if","locations":[{"start":{"line":55,"column":8},"end":{"line":57,"column":9}},{"start":{},"end":{}}]},"5":{"loc":{"start":{"line":65,"column":6},"end":{"line":67,"column":7}},"type":"if","locations":[{"start":{"line":65,"column":6},"end":{"line":67,"column":7}},{"start":{},"end":{}}]},"6":{"loc":{"start":{"line":65,"column":10},"end":{"line":65,"column":38}},"type":"binary-expr","locations":[{"start":{"line":65,"column":10},"end":{"line":65,"column":23}},{"start":{"line":65,"column":27},"end":{"line":65,"column":38}}]},"7":{"loc":{"start":{"line":70,"column":37},"end":{"line":70,"column":87}},"type":"cond-expr","locations":[{"start":{"line":70,"column":64},"end":{"line":70,"column":73}},{"start":{"line":70,"column":76},"end":{"line":70,"column":87}}]},"8":{"loc":{"start":{"line":85,"column":22},"end":{"line":85,"column":76}},"type":"cond-expr","locations":[{"start":{"line":85,"column":47},"end":{"line":85,"column":60}},{"start":{"line":85,"column":63},"end":{"line":85,"column":76}}]},"9":{"loc":{"start":{"line":88,"column":6},"end":{"line":90,"column":7}},"type":"if","locations":[{"start":{"line":88,"column":6},"end":{"line":90,"column":7}},{"start":{},"end":{}}]},"10":{"loc":{"start":{"line":88,"column":10},"end":{"line":88,"column":84}},"type":"binary-expr","locations":[{"start":{"line":88,"column":10},"end":{"line":88,"column":46}},{"start":{"line":88,"column":50},"end":{"line":88,"column":84}}]}},"s":{"0":1,"1":1,"2":1,"3":1,"4":1,"5":1,"6":1,"7":1,"8":1,"9":23,"10":23,"11":23,"12":23,"13":23,"14":23,"15":23,"16":23,"17":4,"18":19,"19":19,"20":18,"21":14,"22":14,"23":1,"24":13,"25":4,"26":4,"27":3,"28":3,"29":1,"30":2,"31":2,"32":15,"33":15,"34":15,"35":3,"36":12,"37":12,"38":15,"39":12,"40":11,"41":12,"42":12,"43":12,"44":9,"45":3,"46":1,"47":1,"48":1},"f":{"0":23,"1":23,"2":15},"b":{"0":[4,19],"1":[14,4],"2":[1,13],"3":[14,14],"4":[1,2],"5":[3,12],"6":[15,13],"7":[2,10],"8":[12,0],"9":[9,3],"10":[12,5]}}
,"D:\\data-enrichment-service\\src\\job\\dto\\create-enrich-data.dto.ts": {"path":"D:\\data-enrichment-service\\src\\job\\dto\\create-enrich-data.dto.ts","statementMap":{"0":{"start":{"line":1,"column":0},"end":{"line":1,"column":45}},"1":{"start":{"line":2,"column":0},"end":{"line":2,"column":49}},"2":{"start":{"line":7,"column":2},"end":{"line":7,"column":65}},"3":{"start":{"line":4,"column":0},"end":{"line":4,"column":13}},"4":{"start":{"line":7,"column":2},"end":{"line":7,"column":null}}},"fnMap":{"0":{"name":"(anonymous_0)","decl":{"start":{"line":4,"column":0},"end":{"line":4,"column":13}},"loc":{"start":{"line":4,"column":0},"end":{"line":8,"column":1}}}},"branchMap":{},"s":{"0":0,"1":0,"2":0,"3":0,"4":0},"f":{"0":0},"b":{}}
,"D:\\data-enrichment-service\\src\\logger-service\\logger-service.module.ts": {"path":"D:\\data-enrichment-service\\src\\logger-service\\logger-service.module.ts","statementMap":{"0":{"start":{"line":1,"column":0},"end":{"line":1,"column":40}},"1":{"start":{"line":2,"column":0},"end":{"line":2,"column":56}},"2":{"start":{"line":3,"column":0},"end":{"line":3,"column":77}},"3":{"start":{"line":17,"column":7},"end":{"line":17,"column":null}},"4":{"start":{"line":17,"column":13},"end":{"line":17,"column":25}},"5":{"start":{"line":17,"column":13},"end":{"line":17,"column":null}},"6":{"start":{"line":10,"column":30},"end":{"line":10,"column":55}},"7":{"start":{"line":11,"column":8},"end":{"line":11,"column":48}}},"fnMap":{"0":{"name":"(anonymous_0)","decl":{"start":{"line":9,"column":18},"end":{"line":9,"column":21}},"loc":{"start":{"line":9,"column":23},"end":{"line":12,"column":7}}}},"branchMap":{},"s":{"0":0,"1":0,"2":0,"3":0,"4":0,"5":0,"6":0,"7":0},"f":{"0":0},"b":{}}
,"D:\\data-enrichment-service\\src\\notify\\notify.module.ts": {"path":"D:\\data-enrichment-service\\src\\notify\\notify.module.ts","statementMap":{"0":{"start":{"line":1,"column":0},"end":{"line":1,"column":40}},"1":{"start":{"line":2,"column":0},"end":{"line":2,"column":46}},"2":{"start":{"line":3,"column":0},"end":{"line":3,"column":61}},"3":{"start":{"line":4,"column":0},"end":{"line":4,"column":61}},"4":{"start":{"line":5,"column":0},"end":{"line":5,"column":71}},"5":{"start":{"line":6,"column":0},"end":{"line":6,"column":52}},"6":{"start":{"line":7,"column":0},"end":{"line":7,"column":49}},"7":{"start":{"line":8,"column":0},"end":{"line":8,"column":46}},"8":{"start":{"line":14,"column":7},"end":{"line":14,"column":null}},"9":{"start":{"line":14,"column":13},"end":{"line":14,"column":25}},"10":{"start":{"line":14,"column":13},"end":{"line":14,"column":null}}},"fnMap":{},"branchMap":{},"s":{"0":0,"1":0,"2":0,"3":0,"4":0,"5":0,"6":0,"7":0,"8":0,"9":0,"10":0},"f":{},"b":{}}
,"D:\\data-enrichment-service\\src\\notify\\notify.service.ts": {"path":"D:\\data-enrichment-service\\src\\notify\\notify.service.ts","statementMap":{"0":{"start":{"line":1,"column":0},"end":{"line":1,"column":75}},"1":{"start":{"line":2,"column":0},"end":{"line":2,"column":47}},"2":{"start":{"line":3,"column":0},"end":{"line":3,"column":70}},"3":{"start":{"line":4,"column":0},"end":{"line":4,"column":84}},"4":{"start":{"line":5,"column":0},"end":{"line":5,"column":62}},"5":{"start":{"line":6,"column":0},"end":{"line":6,"column":63}},"6":{"start":{"line":7,"column":0},"end":{"line":7,"column":63}},"7":{"start":{"line":9,"column":0},"end":{"line":9,"column":null}},"8":{"start":{"line":10,"column":2},"end":{"line":10,"column":null}},"9":{"start":{"line":11,"column":2},"end":{"line":11,"column":null}},"10":{"start":{"line":15,"column":7},"end":{"line":147,"column":null}},"11":{"start":{"line":23,"column":21},"end":{"line":23,"column":29}},"12":{"start":{"line":24,"column":21},"end":{"line":24,"column":28}},"13":{"start":{"line":25,"column":21},"end":{"line":25,"column":25}},"14":{"start":{"line":26,"column":21},"end":{"line":26,"column":38}},"15":{"start":{"line":27,"column":21},"end":{"line":27,"column":36}},"16":{"start":{"line":16,"column":19},"end":{"line":16,"column":70}},"17":{"start":{"line":17,"column":10},"end":{"line":17,"column":32}},"18":{"start":{"line":29,"column":4},"end":{"line":29,"column":71}},"19":{"start":{"line":30,"column":4},"end":{"line":30,"column":99}},"20":{"start":{"line":31,"column":4},"end":{"line":31,"column":108}},"21":{"start":{"line":35,"column":4},"end":{"line":38,"column":5}},"22":{"start":{"line":36,"column":6},"end":{"line":36,"column":59}},"23":{"start":{"line":37,"column":6},"end":{"line":37,"column":13}},"24":{"start":{"line":40,"column":4},"end":{"line":69,"column":5}},"25":{"start":{"line":41,"column":6},"end":{"line":46,"column":8}},"26":{"start":{"line":47,"column":6},"end":{"line":47,"column":32}},"27":{"start":{"line":48,"column":6},"end":{"line":48,"column":75}},"28":{"start":{"line":50,"column":20},"end":{"line":56,"column":2}},"29":{"start":{"line":58,"column":21},"end":{"line":58,"column":47}},"30":{"start":{"line":59,"column":22},"end":{"line":59,"column":46}},"31":{"start":{"line":61,"column":6},"end":{"line":63,"column":7}},"32":{"start":{"line":62,"column":8},"end":{"line":62,"column":85}},"33":{"start":{"line":64,"column":6},"end":{"line":64,"column":75}},"34":{"start":{"line":66,"column":6},"end":{"line":66,"column":86}},"35":{"start":{"line":67,"column":6},"end":{"line":67,"column":33}},"36":{"start":{"line":68,"column":6},"end":{"line":68,"column":18}},"37":{"start":{"line":73,"column":4},"end":{"line":73,"column":31}},"38":{"start":{"line":74,"column":4},"end":{"line":74,"column":53}},"39":{"start":{"line":78,"column":28},"end":{"line":78,"column":61}},"40":{"start":{"line":79,"column":4},"end":{"line":79,"column":56}},"41":{"start":{"line":81,"column":20},"end":{"line":81,"column":null}},"42":{"start":{"line":86,"column":39},"end":{"line":86,"column":46}},"43":{"start":{"line":87,"column":4},"end":{"line":145,"column":5}},"44":{"start":{"line":89,"column":8},"end":{"line":114,"column":10}},"45":{"start":{"line":116,"column":21},"end":{"line":116,"column":61}},"46":{"start":{"line":117,"column":21},"end":{"line":117,"column":64}},"47":{"start":{"line":119,"column":6},"end":{"line":126,"column":7}},"48":{"start":{"line":120,"column":8},"end":{"line":120,"column":73}},"49":{"start":{"line":121,"column":13},"end":{"line":126,"column":7}},"50":{"start":{"line":122,"column":8},"end":{"line":122,"column":95}},"51":{"start":{"line":123,"column":8},"end":{"line":123,"column":65}},"52":{"start":{"line":125,"column":8},"end":{"line":125,"column":61}},"53":{"start":{"line":128,"column":6},"end":{"line":132,"column":9}},"54":{"start":{"line":134,"column":6},"end":{"line":134,"column":70}},"55":{"start":{"line":136,"column":22},"end":{"line":136,"column":76}},"56":{"start":{"line":137,"column":6},"end":{"line":137,"column":64}},"57":{"start":{"line":139,"column":6},"end":{"line":144,"column":9}},"58":{"start":{"line":15,"column":13},"end":{"line":15,"column":26}},"59":{"start":{"line":15,"column":13},"end":{"line":147,"column":null}}},"fnMap":{"0":{"name":"(anonymous_0)","decl":{"start":{"line":9,"column":0},"end":{"line":9,"column":5}},"loc":{"start":{"line":9,"column":11},"end":{"line":12,"column":1}}},"1":{"name":"(anonymous_1)","decl":{"start":{"line":22,"column":2},"end":{"line":22,"column":null}},"loc":{"start":{"line":27,"column":49},"end":{"line":32,"column":3}}},"2":{"name":"(anonymous_2)","decl":{"start":{"line":34,"column":2},"end":{"line":34,"column":7}},"loc":{"start":{"line":34,"column":20},"end":{"line":70,"column":3}}},"3":{"name":"(anonymous_3)","decl":{"start":{"line":72,"column":2},"end":{"line":72,"column":17}},"loc":{"start":{"line":72,"column":17},"end":{"line":75,"column":3}}},"4":{"name":"(anonymous_4)","decl":{"start":{"line":77,"column":2},"end":{"line":77,"column":7}},"loc":{"start":{"line":77,"column":94},"end":{"line":146,"column":3}}}},"branchMap":{"0":{"loc":{"start":{"line":9,"column":5},"end":{"line":9,"column":null}},"type":"binary-expr","locations":[{"start":{"line":9,"column":5},"end":{"line":9,"column":11}},{"start":{"line":9,"column":5},"end":{"line":9,"column":null}}]},"1":{"loc":{"start":{"line":35,"column":4},"end":{"line":38,"column":5}},"type":"if","locations":[{"start":{"line":35,"column":4},"end":{"line":38,"column":5}},{"start":{},"end":{}}]},"2":{"loc":{"start":{"line":89,"column":8},"end":{"line":114,"column":10}},"type":"cond-expr","locations":[{"start":{"line":90,"column":12},"end":{"line":95,"column":null}},{"start":{"line":96,"column":12},"end":{"line":114,"column":10}}]},"3":{"loc":{"start":{"line":119,"column":6},"end":{"line":126,"column":7}},"type":"if","locations":[{"start":{"line":119,"column":6},"end":{"line":126,"column":7}},{"start":{"line":121,"column":13},"end":{"line":126,"column":7}}]},"4":{"loc":{"start":{"line":121,"column":13},"end":{"line":126,"column":7}},"type":"if","locations":[{"start":{"line":121,"column":13},"end":{"line":126,"column":7}},{"start":{"line":124,"column":13},"end":{"line":126,"column":7}}]},"5":{"loc":{"start":{"line":136,"column":22},"end":{"line":136,"column":76}},"type":"cond-expr","locations":[{"start":{"line":136,"column":47},"end":{"line":136,"column":60}},{"start":{"line":136,"column":63},"end":{"line":136,"column":76}}]}},"s":{"0":0,"1":0,"2":0,"3":0,"4":0,"5":0,"6":0,"7":0,"8":0,"9":0,"10":0,"11":0,"12":0,"13":0,"14":0,"15":0,"16":0,"17":0,"18":0,"19":0,"20":0,"21":0,"22":0,"23":0,"24":0,"25":0,"26":0,"27":0,"28":0,"29":0,"30":0,"31":0,"32":0,"33":0,"34":0,"35":0,"36":0,"37":0,"38":0,"39":0,"40":0,"41":0,"42":0,"43":0,"44":0,"45":0,"46":0,"47":0,"48":0,"49":0,"50":0,"51":0,"52":0,"53":0,"54":0,"55":0,"56":0,"57":0,"58":0,"59":0},"f":{"0":0,"1":0,"2":0,"3":0,"4":0},"b":{"0":[0,0],"1":[0,0],"2":[0,0],"3":[0,0],"4":[0,0],"5":[0,0]}}
,"D:\\data-enrichment-service\\src\\redis\\redis.config.ts": {"path":"D:\\data-enrichment-service\\src\\redis\\redis.config.ts","statementMap":{"0":{"start":{"line":4,"column":33},"end":{"line":24,"column":1}},"1":{"start":{"line":5,"column":15},"end":{"line":5,"column":54}},"2":{"start":{"line":6,"column":15},"end":{"line":6,"column":54}},"3":{"start":{"line":7,"column":19},"end":{"line":7,"column":62}},"4":{"start":{"line":9,"column":2},"end":{"line":11,"column":3}},"5":{"start":{"line":10,"column":4},"end":{"line":10,"column":130}},"6":{"start":{"line":13,"column":2},"end":{"line":23,"column":4}},"7":{"start":{"line":4,"column":13},"end":{"line":4,"column":33}}},"fnMap":{"0":{"name":"(anonymous_0)","decl":{"start":{"line":4,"column":33},"end":{"line":4,"column":34}},"loc":{"start":{"line":4,"column":79},"end":{"line":24,"column":1}}}},"branchMap":{"0":{"loc":{"start":{"line":9,"column":2},"end":{"line":11,"column":3}},"type":"if","locations":[{"start":{"line":9,"column":2},"end":{"line":11,"column":3}},{"start":{},"end":{}}]},"1":{"loc":{"start":{"line":9,"column":6},"end":{"line":9,"column":33}},"type":"binary-expr","locations":[{"start":{"line":9,"column":6},"end":{"line":9,"column":11}},{"start":{"line":9,"column":15},"end":{"line":9,"column":20}},{"start":{"line":9,"column":24},"end":{"line":9,"column":33}}]}},"s":{"0":0,"1":0,"2":0,"3":0,"4":0,"5":0,"6":0,"7":0},"f":{"0":0},"b":{"0":[0,0],"1":[0,0,0]}}
,"D:\\data-enrichment-service\\src\\redis\\redis.module.ts": {"path":"D:\\data-enrichment-service\\src\\redis\\redis.module.ts","statementMap":{"0":{"start":{"line":1,"column":0},"end":{"line":1,"column":48}},"1":{"start":{"line":2,"column":0},"end":{"line":2,"column":47}},"2":{"start":{"line":3,"column":0},"end":{"line":3,"column":55}},"3":{"start":{"line":4,"column":0},"end":{"line":4,"column":51}},"4":{"start":{"line":28,"column":7},"end":{"line":28,"column":null}},"5":{"start":{"line":28,"column":13},"end":{"line":28,"column":24}},"6":{"start":{"line":28,"column":13},"end":{"line":28,"column":null}},"7":{"start":{"line":11,"column":23},"end":{"line":11,"column":48}},"8":{"start":{"line":12,"column":28},"end":{"line":12,"column":60}},"9":{"start":{"line":14,"column":8},"end":{"line":21,"column":9}},"10":{"start":{"line":15,"column":31},"end":{"line":15,"column":69}},"11":{"start":{"line":16,"column":10},"end":{"line":16,"column":60}},"12":{"start":{"line":17,"column":10},"end":{"line":17,"column":30}},"13":{"start":{"line":19,"column":10},"end":{"line":19,"column":67}},"14":{"start":{"line":20,"column":10},"end":{"line":20,"column":22}}},"fnMap":{"0":{"name":"(anonymous_0)","decl":{"start":{"line":10,"column":18},"end":{"line":10,"column":23}},"loc":{"start":{"line":10,"column":57},"end":{"line":22,"column":7}}}},"branchMap":{},"s":{"0":0,"1":0,"2":0,"3":0,"4":0,"5":0,"6":0,"7":0,"8":0,"9":0,"10":0,"11":0,"12":0,"13":0,"14":0},"f":{"0":0},"b":{}}
,"D:\\data-enrichment-service\\src\\utils\\helpers.ts": {"path":"D:\\data-enrichment-service\\src\\utils\\helpers.ts","statementMap":{"0":{"start":{"line":6,"column":0},"end":{"line":6,"column":16}},"1":{"start":{"line":17,"column":0},"end":{"line":17,"column":16}},"2":{"start":{"line":1,"column":0},"end":{"line":1,"column":33}},"3":{"start":{"line":3,"column":23},"end":{"line":3,"column":49}},"4":{"start":{"line":4,"column":15},"end":{"line":4,"column":55}},"5":{"start":{"line":7,"column":29},"end":{"line":7,"column":44}},"6":{"start":{"line":9,"column":13},"end":{"line":9,"column":38}},"7":{"start":{"line":10,"column":19},"end":{"line":10,"column":69}},"8":{"start":{"line":12,"column":18},"end":{"line":12,"column":59}},"9":{"start":{"line":13,"column":2},"end":{"line":13,"column":38}},"10":{"start":{"line":14,"column":2},"end":{"line":14,"column":19}},"11":{"start":{"line":18,"column":2},"end":{"line":18,"column":29}}},"fnMap":{"0":{"name":"decrypt","decl":{"start":{"line":6,"column":16},"end":{"line":6,"column":23}},"loc":{"start":{"line":6,"column":36},"end":{"line":15,"column":1}}},"1":{"name":"isValidText","decl":{"start":{"line":17,"column":16},"end":{"line":17,"column":27}},"loc":{"start":{"line":17,"column":40},"end":{"line":19,"column":1}}}},"branchMap":{},"s":{"0":0,"1":0,"2":0,"3":0,"4":0,"5":0,"6":0,"7":0,"8":0,"9":0,"10":0,"11":0},"f":{"0":0,"1":0},"b":{}}
,"D:\\data-enrichment-service\\src\\validators\\index.ts": {"path":"D:\\data-enrichment-service\\src\\validators\\index.ts","statementMap":{"0":{"start":{"line":3,"column":0},"end":{"line":3,"column":16}},"1":{"start":{"line":1,"column":0},"end":{"line":1,"column":92}},"2":{"start":{"line":4,"column":2},"end":{"line":23,"column":4}},"3":{"start":{"line":5,"column":4},"end":{"line":22,"column":7}},"4":{"start":{"line":12,"column":10},"end":{"line":12,"column":72}},"5":{"start":{"line":12,"column":59},"end":{"line":12,"column":72}},"6":{"start":{"line":13,"column":10},"end":{"line":15,"column":11}},"7":{"start":{"line":14,"column":12},"end":{"line":14,"column":108}},"8":{"start":{"line":14,"column":41},"end":{"line":14,"column":106}},"9":{"start":{"line":16,"column":10},"end":{"line":16,"column":22}},"10":{"start":{"line":19,"column":10},"end":{"line":19,"column":93}}},"fnMap":{"0":{"name":"IsJsonOrArray","decl":{"start":{"line":3,"column":16},"end":{"line":3,"column":29}},"loc":{"start":{"line":3,"column":67},"end":{"line":24,"column":1}}},"1":{"name":"(anonymous_1)","decl":{"start":{"line":4,"column":9},"end":{"line":4,"column":19}},"loc":{"start":{"line":4,"column":55},"end":{"line":23,"column":3}}},"2":{"name":"(anonymous_2)","decl":{"start":{"line":11,"column":8},"end":{"line":11,"column":16}},"loc":{"start":{"line":11,"column":31},"end":{"line":17,"column":9}}},"3":{"name":"(anonymous_3)","decl":{"start":{"line":14,"column":31},"end":{"line":14,"column":32}},"loc":{"start":{"line":14,"column":41},"end":{"line":14,"column":106}}},"4":{"name":"(anonymous_4)","decl":{"start":{"line":18,"column":8},"end":{"line":18,"column":22}},"loc":{"start":{"line":18,"column":48},"end":{"line":20,"column":9}}}},"branchMap":{"0":{"loc":{"start":{"line":12,"column":10},"end":{"line":12,"column":72}},"type":"if","locations":[{"start":{"line":12,"column":10},"end":{"line":12,"column":72}},{"start":{},"end":{}}]},"1":{"loc":{"start":{"line":12,"column":14},"end":{"line":12,"column":57}},"type":"binary-expr","locations":[{"start":{"line":12,"column":14},"end":{"line":12,"column":39}},{"start":{"line":12,"column":43},"end":{"line":12,"column":57}}]},"2":{"loc":{"start":{"line":13,"column":10},"end":{"line":15,"column":11}},"type":"if","locations":[{"start":{"line":13,"column":10},"end":{"line":15,"column":11}},{"start":{},"end":{}}]},"3":{"loc":{"start":{"line":14,"column":41},"end":{"line":14,"column":106}},"type":"binary-expr","locations":[{"start":{"line":14,"column":41},"end":{"line":14,"column":65}},{"start":{"line":14,"column":69},"end":{"line":14,"column":82}},{"start":{"line":14,"column":86},"end":{"line":14,"column":106}}]}},"s":{"0":0,"1":0,"2":0,"3":0,"4":0,"5":0,"6":0,"7":0,"8":0,"9":0,"10":0},"f":{"0":0,"1":0,"2":0,"3":0,"4":0},"b":{"0":[0,0],"1":[0,0],"2":[0,0],"3":[0,0,0]}}
}
