{"D:\\data-enrichment-service\\src\\database\\database.service.ts": {"path":"D:\\data-enrichment-service\\src\\database\\database.service.ts","all":false,"statementMap":{"0":{"start":{"line":1,"column":0},"end":{"line":1,"column":44}},"1":{"start":{"line":2,"column":0},"end":{"line":2,"column":56}},"2":{"start":{"line":3,"column":0},"end":{"line":3,"column":48}},"3":{"start":{"line":4,"column":0},"end":{"line":4,"column":41}},"4":{"start":{"line":5,"column":0},"end":{"line":5,"column":55}},"5":{"start":{"line":6,"column":0},"end":{"line":6,"column":26}},"6":{"start":{"line":7,"column":0},"end":{"line":7,"column":0}},"7":{"start":{"line":8,"column":0},"end":{"line":8,"column":13}},"8":{"start":{"line":9,"column":0},"end":{"line":9,"column":30}},"9":{"start":{"line":10,"column":0},"end":{"line":10,"column":30}},"10":{"start":{"line":11,"column":0},"end":{"line":11,"column":0}},"11":{"start":{"line":12,"column":0},"end":{"line":12,"column":62}},"12":{"start":{"line":13,"column":0},"end":{"line":13,"column":26}},"13":{"start":{"line":14,"column":0},"end":{"line":14,"column":63}},"14":{"start":{"line":15,"column":0},"end":{"line":15,"column":14}},"15":{"start":{"line":16,"column":0},"end":{"line":16,"column":7}},"16":{"start":{"line":17,"column":0},"end":{"line":17,"column":3}},"17":{"start":{"line":18,"column":0},"end":{"line":18,"column":0}},"18":{"start":{"line":19,"column":0},"end":{"line":19,"column":116}},"19":{"start":{"line":20,"column":0},"end":{"line":20,"column":54}},"20":{"start":{"line":21,"column":0},"end":{"line":21,"column":18}},"21":{"start":{"line":22,"column":0},"end":{"line":22,"column":3}},"22":{"start":{"line":23,"column":0},"end":{"line":23,"column":0}},"23":{"start":{"line":24,"column":0},"end":{"line":24,"column":37}},"24":{"start":{"line":25,"column":0},"end":{"line":25,"column":18}},"25":{"start":{"line":26,"column":0},"end":{"line":26,"column":19}},"26":{"start":{"line":27,"column":0},"end":{"line":27,"column":28}},"27":{"start":{"line":28,"column":0},"end":{"line":28,"column":29}},"28":{"start":{"line":29,"column":0},"end":{"line":29,"column":21}},"29":{"start":{"line":30,"column":0},"end":{"line":30,"column":21}},"30":{"start":{"line":31,"column":0},"end":{"line":31,"column":20}},"31":{"start":{"line":32,"column":0},"end":{"line":32,"column":19}},"32":{"start":{"line":33,"column":0},"end":{"line":33,"column":93}},"33":{"start":{"line":34,"column":0},"end":{"line":34,"column":36}},"34":{"start":{"line":35,"column":0},"end":{"line":35,"column":4}},"35":{"start":{"line":36,"column":0},"end":{"line":36,"column":0}},"36":{"start":{"line":37,"column":0},"end":{"line":37,"column":79}},"37":{"start":{"line":38,"column":0},"end":{"line":38,"column":0}},"38":{"start":{"line":39,"column":0},"end":{"line":39,"column":9}},"39":{"start":{"line":40,"column":0},"end":{"line":40,"column":38}},"40":{"start":{"line":41,"column":0},"end":{"line":41,"column":73}},"41":{"start":{"line":42,"column":0},"end":{"line":42,"column":21}},"42":{"start":{"line":43,"column":0},"end":{"line":43,"column":85}},"43":{"start":{"line":44,"column":0},"end":{"line":44,"column":75}},"44":{"start":{"line":45,"column":0},"end":{"line":45,"column":27}},"45":{"start":{"line":46,"column":0},"end":{"line":46,"column":5}},"46":{"start":{"line":47,"column":0},"end":{"line":47,"column":3}},"47":{"start":{"line":48,"column":0},"end":{"line":48,"column":0}},"48":{"start":{"line":49,"column":0},"end":{"line":49,"column":19}},"49":{"start":{"line":50,"column":0},"end":{"line":50,"column":22}},"50":{"start":{"line":51,"column":0},"end":{"line":51,"column":41}},"51":{"start":{"line":52,"column":0},"end":{"line":52,"column":18}},"52":{"start":{"line":53,"column":0},"end":{"line":53,"column":21}},"53":{"start":{"line":54,"column":0},"end":{"line":54,"column":21}},"54":{"start":{"line":55,"column":0},"end":{"line":55,"column":20}},"55":{"start":{"line":56,"column":0},"end":{"line":56,"column":9}},"56":{"start":{"line":57,"column":0},"end":{"line":57,"column":30}},"57":{"start":{"line":58,"column":0},"end":{"line":58,"column":59}},"58":{"start":{"line":59,"column":0},"end":{"line":59,"column":7}},"59":{"start":{"line":60,"column":0},"end":{"line":60,"column":0}},"60":{"start":{"line":61,"column":0},"end":{"line":61,"column":74}},"61":{"start":{"line":62,"column":0},"end":{"line":62,"column":0}},"62":{"start":{"line":63,"column":0},"end":{"line":63,"column":40}},"63":{"start":{"line":64,"column":0},"end":{"line":64,"column":0}},"64":{"start":{"line":65,"column":0},"end":{"line":65,"column":30}},"65":{"start":{"line":66,"column":0},"end":{"line":66,"column":71}},"66":{"start":{"line":67,"column":0},"end":{"line":67,"column":7}},"67":{"start":{"line":68,"column":0},"end":{"line":68,"column":0}},"68":{"start":{"line":69,"column":0},"end":{"line":69,"column":65}},"69":{"start":{"line":70,"column":0},"end":{"line":70,"column":0}},"70":{"start":{"line":71,"column":0},"end":{"line":71,"column":65}},"71":{"start":{"line":72,"column":0},"end":{"line":72,"column":0}},"72":{"start":{"line":73,"column":0},"end":{"line":73,"column":93}},"73":{"start":{"line":74,"column":0},"end":{"line":74,"column":0}},"74":{"start":{"line":75,"column":0},"end":{"line":75,"column":97}},"75":{"start":{"line":76,"column":0},"end":{"line":76,"column":30}},"76":{"start":{"line":77,"column":0},"end":{"line":77,"column":86}},"77":{"start":{"line":78,"column":0},"end":{"line":78,"column":0}},"78":{"start":{"line":79,"column":0},"end":{"line":79,"column":94}},"79":{"start":{"line":80,"column":0},"end":{"line":80,"column":87}},"80":{"start":{"line":81,"column":0},"end":{"line":81,"column":5}},"81":{"start":{"line":82,"column":0},"end":{"line":82,"column":3}},"82":{"start":{"line":83,"column":0},"end":{"line":83,"column":0}},"83":{"start":{"line":84,"column":0},"end":{"line":84,"column":55}},"84":{"start":{"line":85,"column":0},"end":{"line":85,"column":9}},"85":{"start":{"line":86,"column":0},"end":{"line":86,"column":27}},"86":{"start":{"line":87,"column":0},"end":{"line":87,"column":49}},"87":{"start":{"line":88,"column":0},"end":{"line":88,"column":56}},"88":{"start":{"line":89,"column":0},"end":{"line":89,"column":30}},"89":{"start":{"line":90,"column":0},"end":{"line":90,"column":31}},"90":{"start":{"line":91,"column":0},"end":{"line":91,"column":33}},"91":{"start":{"line":92,"column":0},"end":{"line":92,"column":53}},"92":{"start":{"line":93,"column":0},"end":{"line":93,"column":10}},"93":{"start":{"line":94,"column":0},"end":{"line":94,"column":8}},"94":{"start":{"line":95,"column":0},"end":{"line":95,"column":36}},"95":{"start":{"line":96,"column":0},"end":{"line":96,"column":80}},"96":{"start":{"line":97,"column":0},"end":{"line":97,"column":30}},"97":{"start":{"line":98,"column":0},"end":{"line":98,"column":35}},"98":{"start":{"line":99,"column":0},"end":{"line":99,"column":96}},"99":{"start":{"line":100,"column":0},"end":{"line":100,"column":14}},"100":{"start":{"line":101,"column":0},"end":{"line":101,"column":112}},"101":{"start":{"line":102,"column":0},"end":{"line":102,"column":7}},"102":{"start":{"line":103,"column":0},"end":{"line":103,"column":5}},"103":{"start":{"line":104,"column":0},"end":{"line":104,"column":3}},"104":{"start":{"line":105,"column":0},"end":{"line":105,"column":0}},"105":{"start":{"line":106,"column":0},"end":{"line":106,"column":121}},"106":{"start":{"line":107,"column":0},"end":{"line":107,"column":38}},"107":{"start":{"line":108,"column":0},"end":{"line":108,"column":99}},"108":{"start":{"line":109,"column":0},"end":{"line":109,"column":0}},"109":{"start":{"line":110,"column":0},"end":{"line":110,"column":37}},"110":{"start":{"line":111,"column":0},"end":{"line":111,"column":15}},"111":{"start":{"line":112,"column":0},"end":{"line":112,"column":33}},"112":{"start":{"line":113,"column":0},"end":{"line":113,"column":80}},"113":{"start":{"line":114,"column":0},"end":{"line":114,"column":20}},"114":{"start":{"line":115,"column":0},"end":{"line":115,"column":8}},"115":{"start":{"line":116,"column":0},"end":{"line":116,"column":0}},"116":{"start":{"line":117,"column":0},"end":{"line":117,"column":66}},"117":{"start":{"line":118,"column":0},"end":{"line":118,"column":3}},"118":{"start":{"line":119,"column":0},"end":{"line":119,"column":1}}},"s":{"0":1,"1":1,"2":1,"3":1,"4":1,"5":1,"6":1,"7":1,"8":1,"9":1,"10":1,"11":1,"12":25,"13":25,"14":25,"15":25,"16":25,"17":1,"18":1,"19":46,"20":41,"21":41,"22":1,"23":1,"24":16,"25":16,"26":16,"27":16,"28":16,"29":16,"30":16,"31":16,"32":16,"33":16,"34":16,"35":16,"36":16,"37":16,"38":16,"39":16,"40":16,"41":16,"42":0,"43":0,"44":0,"45":0,"46":16,"47":1,"48":1,"49":16,"50":16,"51":16,"52":16,"53":16,"54":16,"55":16,"56":16,"57":1,"58":1,"59":15,"60":15,"61":15,"62":15,"63":15,"64":16,"65":1,"66":1,"67":14,"68":14,"69":14,"70":14,"71":12,"72":12,"73":12,"74":12,"75":16,"76":4,"77":4,"78":4,"79":4,"80":4,"81":16,"82":1,"83":1,"84":12,"85":12,"86":12,"87":12,"88":12,"89":12,"90":12,"91":12,"92":12,"93":12,"94":12,"95":10,"96":12,"97":2,"98":1,"99":1,"100":1,"101":1,"102":2,"103":12,"104":1,"105":1,"106":8,"107":8,"108":8,"109":8,"110":12,"111":12,"112":12,"113":12,"114":8,"115":8,"116":8,"117":8,"118":1},"branchMap":{"0":{"type":"branch","line":12,"loc":{"start":{"line":12,"column":59},"end":{"line":12,"column":62}},"locations":[{"start":{"line":12,"column":59},"end":{"line":12,"column":62}}]},"1":{"type":"branch","line":12,"loc":{"start":{"line":12,"column":2},"end":{"line":17,"column":3}},"locations":[{"start":{"line":12,"column":2},"end":{"line":17,"column":3}}]},"2":{"type":"branch","line":19,"loc":{"start":{"line":19,"column":2},"end":{"line":22,"column":3}},"locations":[{"start":{"line":19,"column":2},"end":{"line":22,"column":3}}]},"3":{"type":"branch","line":21,"loc":{"start":{"line":21,"column":-1},"end":{"line":22,"column":3}},"locations":[{"start":{"line":21,"column":-1},"end":{"line":22,"column":3}}]},"4":{"type":"branch","line":24,"loc":{"start":{"line":24,"column":10},"end":{"line":47,"column":3}},"locations":[{"start":{"line":24,"column":10},"end":{"line":47,"column":3}}]},"5":{"type":"branch","line":42,"loc":{"start":{"line":42,"column":6},"end":{"line":46,"column":5}},"locations":[{"start":{"line":42,"column":6},"end":{"line":46,"column":5}}]},"6":{"type":"branch","line":49,"loc":{"start":{"line":49,"column":2},"end":{"line":82,"column":3}},"locations":[{"start":{"line":49,"column":2},"end":{"line":82,"column":3}}]},"7":{"type":"branch","line":57,"loc":{"start":{"line":57,"column":29},"end":{"line":59,"column":7}},"locations":[{"start":{"line":57,"column":29},"end":{"line":59,"column":7}}]},"8":{"type":"branch","line":60,"loc":{"start":{"line":60,"column":-1},"end":{"line":65,"column":29}},"locations":[{"start":{"line":60,"column":-1},"end":{"line":65,"column":29}}]},"9":{"type":"branch","line":65,"loc":{"start":{"line":65,"column":29},"end":{"line":67,"column":7}},"locations":[{"start":{"line":65,"column":29},"end":{"line":67,"column":7}}]},"10":{"type":"branch","line":68,"loc":{"start":{"line":68,"column":-1},"end":{"line":71,"column":65}},"locations":[{"start":{"line":68,"column":-1},"end":{"line":71,"column":65}}]},"11":{"type":"branch","line":72,"loc":{"start":{"line":72,"column":-1},"end":{"line":76,"column":13}},"locations":[{"start":{"line":72,"column":-1},"end":{"line":76,"column":13}}]},"12":{"type":"branch","line":76,"loc":{"start":{"line":76,"column":6},"end":{"line":81,"column":5}},"locations":[{"start":{"line":76,"column":6},"end":{"line":81,"column":5}}]},"13":{"type":"branch","line":77,"loc":{"start":{"line":77,"column":46},"end":{"line":77,"column":61}},"locations":[{"start":{"line":77,"column":46},"end":{"line":77,"column":61}}]},"14":{"type":"branch","line":77,"loc":{"start":{"line":77,"column":62},"end":{"line":77,"column":85}},"locations":[{"start":{"line":77,"column":62},"end":{"line":77,"column":85}}]},"15":{"type":"branch","line":84,"loc":{"start":{"line":84,"column":2},"end":{"line":104,"column":3}},"locations":[{"start":{"line":84,"column":2},"end":{"line":104,"column":3}}]},"16":{"type":"branch","line":96,"loc":{"start":{"line":96,"column":-1},"end":{"line":97,"column":13}},"locations":[{"start":{"line":96,"column":-1},"end":{"line":97,"column":13}}]},"17":{"type":"branch","line":97,"loc":{"start":{"line":97,"column":6},"end":{"line":103,"column":5}},"locations":[{"start":{"line":97,"column":6},"end":{"line":103,"column":5}}]},"18":{"type":"branch","line":98,"loc":{"start":{"line":98,"column":34},"end":{"line":102,"column":7}},"locations":[{"start":{"line":98,"column":34},"end":{"line":102,"column":7}}]},"19":{"type":"branch","line":106,"loc":{"start":{"line":106,"column":2},"end":{"line":118,"column":3}},"locations":[{"start":{"line":106,"column":2},"end":{"line":118,"column":3}}]},"20":{"type":"branch","line":108,"loc":{"start":{"line":108,"column":36},"end":{"line":108,"column":42}},"locations":[{"start":{"line":108,"column":36},"end":{"line":108,"column":42}}]},"21":{"type":"branch","line":108,"loc":{"start":{"line":108,"column":43},"end":{"line":108,"column":98}},"locations":[{"start":{"line":108,"column":43},"end":{"line":108,"column":98}}]},"22":{"type":"branch","line":110,"loc":{"start":{"line":110,"column":25},"end":{"line":115,"column":6}},"locations":[{"start":{"line":110,"column":25},"end":{"line":115,"column":6}}]}},"b":{"0":[0],"1":[25],"2":[46],"3":[41],"4":[16],"5":[0],"6":[16],"7":[1],"8":[15],"9":[1],"10":[14],"11":[12],"12":[4],"13":[3],"14":[1],"15":[12],"16":[10],"17":[2],"18":[1],"19":[8],"20":[6],"21":[2],"22":[12]},"fnMap":{"0":{"name":"DatabaseService","decl":{"start":{"line":12,"column":2},"end":{"line":17,"column":3}},"loc":{"start":{"line":12,"column":2},"end":{"line":17,"column":3}},"line":12},"1":{"name":"query","decl":{"start":{"line":19,"column":2},"end":{"line":22,"column":3}},"loc":{"start":{"line":19,"column":2},"end":{"line":22,"column":3}},"line":19},"2":{"name":"insertPullJobHistory","decl":{"start":{"line":24,"column":10},"end":{"line":47,"column":3}},"loc":{"start":{"line":24,"column":10},"end":{"line":47,"column":3}},"line":24},"3":{"name":"insertRows","decl":{"start":{"line":49,"column":2},"end":{"line":82,"column":3}},"loc":{"start":{"line":49,"column":2},"end":{"line":82,"column":3}},"line":49},"4":{"name":"ensureTable","decl":{"start":{"line":84,"column":2},"end":{"line":104,"column":3}},"loc":{"start":{"line":84,"column":2},"end":{"line":104,"column":3}},"line":84},"5":{"name":"updateTable","decl":{"start":{"line":106,"column":2},"end":{"line":118,"column":3}},"loc":{"start":{"line":106,"column":2},"end":{"line":118,"column":3}},"line":106}},"f":{"0":25,"1":46,"2":16,"3":16,"4":12,"5":8}}
,"D:\\data-enrichment-service\\src\\executor\\executor.service.ts": {"path":"D:\\data-enrichment-service\\src\\executor\\executor.service.ts","all":false,"statementMap":{"0":{"start":{"line":1,"column":0},"end":{"line":1,"column":44}},"1":{"start":{"line":2,"column":0},"end":{"line":2,"column":44}},"2":{"start":{"line":3,"column":0},"end":{"line":3,"column":47}},"3":{"start":{"line":4,"column":0},"end":{"line":4,"column":53}},"4":{"start":{"line":5,"column":0},"end":{"line":5,"column":70}},"5":{"start":{"line":6,"column":0},"end":{"line":6,"column":8}},"6":{"start":{"line":7,"column":0},"end":{"line":7,"column":11}},"7":{"start":{"line":8,"column":0},"end":{"line":8,"column":13}},"8":{"start":{"line":9,"column":0},"end":{"line":9,"column":20}},"9":{"start":{"line":10,"column":0},"end":{"line":10,"column":11}},"10":{"start":{"line":11,"column":0},"end":{"line":11,"column":17}},"11":{"start":{"line":12,"column":0},"end":{"line":12,"column":11}},"12":{"start":{"line":13,"column":0},"end":{"line":13,"column":22}},"13":{"start":{"line":14,"column":0},"end":{"line":14,"column":13}},"14":{"start":{"line":15,"column":0},"end":{"line":15,"column":28}},"15":{"start":{"line":16,"column":0},"end":{"line":16,"column":31}},"16":{"start":{"line":17,"column":0},"end":{"line":17,"column":39}},"17":{"start":{"line":18,"column":0},"end":{"line":18,"column":36}},"18":{"start":{"line":19,"column":0},"end":{"line":19,"column":38}},"19":{"start":{"line":20,"column":0},"end":{"line":20,"column":42}},"20":{"start":{"line":21,"column":0},"end":{"line":21,"column":48}},"21":{"start":{"line":22,"column":0},"end":{"line":22,"column":63}},"22":{"start":{"line":23,"column":0},"end":{"line":23,"column":67}},"23":{"start":{"line":24,"column":0},"end":{"line":24,"column":13}},"24":{"start":{"line":25,"column":0},"end":{"line":25,"column":30}},"25":{"start":{"line":26,"column":0},"end":{"line":26,"column":36}},"26":{"start":{"line":27,"column":0},"end":{"line":27,"column":0}},"27":{"start":{"line":28,"column":0},"end":{"line":28,"column":14}},"28":{"start":{"line":29,"column":0},"end":{"line":29,"column":58}},"29":{"start":{"line":30,"column":0},"end":{"line":30,"column":50}},"30":{"start":{"line":31,"column":0},"end":{"line":31,"column":41}},"31":{"start":{"line":32,"column":0},"end":{"line":32,"column":41}},"32":{"start":{"line":33,"column":0},"end":{"line":33,"column":50}},"33":{"start":{"line":34,"column":0},"end":{"line":34,"column":46}},"34":{"start":{"line":35,"column":0},"end":{"line":35,"column":5}},"35":{"start":{"line":36,"column":0},"end":{"line":36,"column":71}},"36":{"start":{"line":37,"column":0},"end":{"line":37,"column":3}},"37":{"start":{"line":38,"column":0},"end":{"line":38,"column":0}},"38":{"start":{"line":39,"column":0},"end":{"line":39,"column":31}},"39":{"start":{"line":40,"column":0},"end":{"line":40,"column":64}},"40":{"start":{"line":41,"column":0},"end":{"line":41,"column":51}},"41":{"start":{"line":42,"column":0},"end":{"line":42,"column":33}},"42":{"start":{"line":43,"column":0},"end":{"line":43,"column":55}},"43":{"start":{"line":44,"column":0},"end":{"line":44,"column":44}},"44":{"start":{"line":45,"column":0},"end":{"line":45,"column":61}},"45":{"start":{"line":46,"column":0},"end":{"line":46,"column":0}},"46":{"start":{"line":47,"column":0},"end":{"line":47,"column":58}},"47":{"start":{"line":48,"column":0},"end":{"line":48,"column":64}},"48":{"start":{"line":49,"column":0},"end":{"line":49,"column":27}},"49":{"start":{"line":50,"column":0},"end":{"line":50,"column":51}},"50":{"start":{"line":51,"column":0},"end":{"line":51,"column":5}},"51":{"start":{"line":52,"column":0},"end":{"line":52,"column":3}},"52":{"start":{"line":53,"column":0},"end":{"line":53,"column":0}},"53":{"start":{"line":54,"column":0},"end":{"line":54,"column":27}},"54":{"start":{"line":55,"column":0},"end":{"line":55,"column":54}},"55":{"start":{"line":56,"column":0},"end":{"line":56,"column":9}},"56":{"start":{"line":57,"column":0},"end":{"line":57,"column":48}},"57":{"start":{"line":58,"column":0},"end":{"line":58,"column":46}},"58":{"start":{"line":59,"column":0},"end":{"line":59,"column":14}},"59":{"start":{"line":60,"column":0},"end":{"line":60,"column":46}},"60":{"start":{"line":61,"column":0},"end":{"line":61,"column":7}},"61":{"start":{"line":62,"column":0},"end":{"line":62,"column":30}},"62":{"start":{"line":63,"column":0},"end":{"line":63,"column":77}},"63":{"start":{"line":64,"column":0},"end":{"line":64,"column":40}},"64":{"start":{"line":65,"column":0},"end":{"line":65,"column":44}},"65":{"start":{"line":66,"column":0},"end":{"line":66,"column":5}},"66":{"start":{"line":67,"column":0},"end":{"line":67,"column":3}},"67":{"start":{"line":68,"column":0},"end":{"line":68,"column":0}},"68":{"start":{"line":69,"column":0},"end":{"line":69,"column":28}},"69":{"start":{"line":70,"column":0},"end":{"line":70,"column":64}},"70":{"start":{"line":71,"column":0},"end":{"line":71,"column":53}},"71":{"start":{"line":72,"column":0},"end":{"line":72,"column":124}},"72":{"start":{"line":73,"column":0},"end":{"line":73,"column":0}},"73":{"start":{"line":74,"column":0},"end":{"line":74,"column":53}},"74":{"start":{"line":75,"column":0},"end":{"line":75,"column":116}},"75":{"start":{"line":76,"column":0},"end":{"line":76,"column":53}},"76":{"start":{"line":77,"column":0},"end":{"line":77,"column":12}},"77":{"start":{"line":78,"column":0},"end":{"line":78,"column":44}},"78":{"start":{"line":79,"column":0},"end":{"line":79,"column":5}},"79":{"start":{"line":80,"column":0},"end":{"line":80,"column":3}},"80":{"start":{"line":81,"column":0},"end":{"line":81,"column":0}},"81":{"start":{"line":82,"column":0},"end":{"line":82,"column":29}},"82":{"start":{"line":83,"column":0},"end":{"line":83,"column":76}},"83":{"start":{"line":84,"column":0},"end":{"line":84,"column":34}},"84":{"start":{"line":85,"column":0},"end":{"line":85,"column":9}},"85":{"start":{"line":86,"column":0},"end":{"line":86,"column":81}},"86":{"start":{"line":87,"column":0},"end":{"line":87,"column":28}},"87":{"start":{"line":88,"column":0},"end":{"line":88,"column":29}},"88":{"start":{"line":89,"column":0},"end":{"line":89,"column":29}},"89":{"start":{"line":90,"column":0},"end":{"line":90,"column":38}},"90":{"start":{"line":91,"column":0},"end":{"line":91,"column":46}},"91":{"start":{"line":92,"column":0},"end":{"line":92,"column":11}},"92":{"start":{"line":93,"column":0},"end":{"line":93,"column":39}},"93":{"start":{"line":94,"column":0},"end":{"line":94,"column":28}},"94":{"start":{"line":95,"column":0},"end":{"line":95,"column":29}},"95":{"start":{"line":96,"column":0},"end":{"line":96,"column":29}},"96":{"start":{"line":97,"column":0},"end":{"line":97,"column":38}},"97":{"start":{"line":98,"column":0},"end":{"line":98,"column":51}},"98":{"start":{"line":99,"column":0},"end":{"line":99,"column":11}},"99":{"start":{"line":100,"column":0},"end":{"line":100,"column":7}},"100":{"start":{"line":101,"column":0},"end":{"line":101,"column":18}},"101":{"start":{"line":102,"column":0},"end":{"line":102,"column":30}},"102":{"start":{"line":103,"column":0},"end":{"line":103,"column":77}},"103":{"start":{"line":104,"column":0},"end":{"line":104,"column":40}},"104":{"start":{"line":105,"column":0},"end":{"line":105,"column":60}},"105":{"start":{"line":106,"column":0},"end":{"line":106,"column":5}},"106":{"start":{"line":107,"column":0},"end":{"line":107,"column":3}},"107":{"start":{"line":108,"column":0},"end":{"line":108,"column":0}},"108":{"start":{"line":109,"column":0},"end":{"line":109,"column":28}},"109":{"start":{"line":110,"column":0},"end":{"line":110,"column":64}},"110":{"start":{"line":111,"column":0},"end":{"line":111,"column":53}},"111":{"start":{"line":112,"column":0},"end":{"line":112,"column":25}},"112":{"start":{"line":113,"column":0},"end":{"line":113,"column":32}},"113":{"start":{"line":114,"column":0},"end":{"line":114,"column":0}},"114":{"start":{"line":115,"column":0},"end":{"line":115,"column":9}},"115":{"start":{"line":116,"column":0},"end":{"line":116,"column":54}},"116":{"start":{"line":117,"column":0},"end":{"line":117,"column":79}},"117":{"start":{"line":118,"column":0},"end":{"line":118,"column":0}},"118":{"start":{"line":119,"column":0},"end":{"line":119,"column":54}},"119":{"start":{"line":120,"column":0},"end":{"line":120,"column":85}},"120":{"start":{"line":121,"column":0},"end":{"line":121,"column":0}},"121":{"start":{"line":122,"column":0},"end":{"line":122,"column":65}},"122":{"start":{"line":123,"column":0},"end":{"line":123,"column":119}},"123":{"start":{"line":124,"column":0},"end":{"line":124,"column":0}},"124":{"start":{"line":125,"column":0},"end":{"line":125,"column":53}},"125":{"start":{"line":126,"column":0},"end":{"line":126,"column":30}},"126":{"start":{"line":127,"column":0},"end":{"line":127,"column":77}},"127":{"start":{"line":128,"column":0},"end":{"line":128,"column":57}},"128":{"start":{"line":129,"column":0},"end":{"line":129,"column":44}},"129":{"start":{"line":130,"column":0},"end":{"line":130,"column":15}},"130":{"start":{"line":131,"column":0},"end":{"line":131,"column":23}},"131":{"start":{"line":132,"column":0},"end":{"line":132,"column":5}},"132":{"start":{"line":133,"column":0},"end":{"line":133,"column":3}},"133":{"start":{"line":134,"column":0},"end":{"line":134,"column":0}},"134":{"start":{"line":135,"column":0},"end":{"line":135,"column":33}},"135":{"start":{"line":136,"column":0},"end":{"line":136,"column":108}},"136":{"start":{"line":137,"column":0},"end":{"line":137,"column":9}},"137":{"start":{"line":138,"column":0},"end":{"line":138,"column":49}},"138":{"start":{"line":139,"column":0},"end":{"line":139,"column":0}},"139":{"start":{"line":140,"column":0},"end":{"line":140,"column":75}},"140":{"start":{"line":141,"column":0},"end":{"line":141,"column":76}},"141":{"start":{"line":142,"column":0},"end":{"line":142,"column":7}},"142":{"start":{"line":143,"column":0},"end":{"line":143,"column":0}},"143":{"start":{"line":144,"column":0},"end":{"line":144,"column":53}},"144":{"start":{"line":145,"column":0},"end":{"line":145,"column":0}},"145":{"start":{"line":146,"column":0},"end":{"line":146,"column":34}},"146":{"start":{"line":147,"column":0},"end":{"line":147,"column":55}},"147":{"start":{"line":148,"column":0},"end":{"line":148,"column":7}},"148":{"start":{"line":149,"column":0},"end":{"line":149,"column":0}},"149":{"start":{"line":150,"column":0},"end":{"line":150,"column":45}},"150":{"start":{"line":151,"column":0},"end":{"line":151,"column":49}},"151":{"start":{"line":152,"column":0},"end":{"line":152,"column":77}},"152":{"start":{"line":153,"column":0},"end":{"line":153,"column":93}},"153":{"start":{"line":154,"column":0},"end":{"line":154,"column":18}},"154":{"start":{"line":155,"column":0},"end":{"line":155,"column":7}},"155":{"start":{"line":156,"column":0},"end":{"line":156,"column":0}},"156":{"start":{"line":157,"column":0},"end":{"line":157,"column":89}},"157":{"start":{"line":158,"column":0},"end":{"line":158,"column":38}},"158":{"start":{"line":159,"column":0},"end":{"line":159,"column":18}},"159":{"start":{"line":160,"column":0},"end":{"line":160,"column":39}},"160":{"start":{"line":161,"column":0},"end":{"line":161,"column":28}},"161":{"start":{"line":162,"column":0},"end":{"line":162,"column":13}},"162":{"start":{"line":163,"column":0},"end":{"line":163,"column":21}},"163":{"start":{"line":164,"column":0},"end":{"line":164,"column":28}},"164":{"start":{"line":165,"column":0},"end":{"line":165,"column":35}},"165":{"start":{"line":166,"column":0},"end":{"line":166,"column":38}},"166":{"start":{"line":167,"column":0},"end":{"line":167,"column":12}},"167":{"start":{"line":168,"column":0},"end":{"line":168,"column":31}},"168":{"start":{"line":169,"column":0},"end":{"line":169,"column":19}},"169":{"start":{"line":170,"column":0},"end":{"line":170,"column":27}},"170":{"start":{"line":171,"column":0},"end":{"line":171,"column":19}},"171":{"start":{"line":172,"column":0},"end":{"line":172,"column":33}},"172":{"start":{"line":173,"column":0},"end":{"line":173,"column":20}},"173":{"start":{"line":174,"column":0},"end":{"line":174,"column":47}},"174":{"start":{"line":175,"column":0},"end":{"line":175,"column":9}},"175":{"start":{"line":176,"column":0},"end":{"line":176,"column":55}},"176":{"start":{"line":177,"column":0},"end":{"line":177,"column":21}},"177":{"start":{"line":178,"column":0},"end":{"line":178,"column":66}},"178":{"start":{"line":179,"column":0},"end":{"line":179,"column":18}},"179":{"start":{"line":180,"column":0},"end":{"line":180,"column":5}},"180":{"start":{"line":181,"column":0},"end":{"line":181,"column":3}},"181":{"start":{"line":182,"column":0},"end":{"line":182,"column":0}},"182":{"start":{"line":183,"column":0},"end":{"line":183,"column":29}},"183":{"start":{"line":184,"column":0},"end":{"line":184,"column":73}},"184":{"start":{"line":185,"column":0},"end":{"line":185,"column":56}},"185":{"start":{"line":186,"column":0},"end":{"line":186,"column":0}},"186":{"start":{"line":187,"column":0},"end":{"line":187,"column":48}},"187":{"start":{"line":188,"column":0},"end":{"line":188,"column":73}},"188":{"start":{"line":189,"column":0},"end":{"line":189,"column":22}},"189":{"start":{"line":190,"column":0},"end":{"line":190,"column":70}},"190":{"start":{"line":191,"column":0},"end":{"line":191,"column":31}},"191":{"start":{"line":192,"column":0},"end":{"line":192,"column":51}},"192":{"start":{"line":193,"column":0},"end":{"line":193,"column":5}},"193":{"start":{"line":194,"column":0},"end":{"line":194,"column":3}},"194":{"start":{"line":195,"column":0},"end":{"line":195,"column":0}},"195":{"start":{"line":196,"column":0},"end":{"line":196,"column":31}},"196":{"start":{"line":197,"column":0},"end":{"line":197,"column":45}},"197":{"start":{"line":198,"column":0},"end":{"line":198,"column":53}},"198":{"start":{"line":199,"column":0},"end":{"line":199,"column":0}},"199":{"start":{"line":200,"column":0},"end":{"line":200,"column":65}},"200":{"start":{"line":201,"column":0},"end":{"line":201,"column":55}},"201":{"start":{"line":202,"column":0},"end":{"line":202,"column":0}},"202":{"start":{"line":203,"column":0},"end":{"line":203,"column":51}},"203":{"start":{"line":204,"column":0},"end":{"line":204,"column":0}},"204":{"start":{"line":205,"column":0},"end":{"line":205,"column":41}},"205":{"start":{"line":206,"column":0},"end":{"line":206,"column":16}},"206":{"start":{"line":207,"column":0},"end":{"line":207,"column":19}},"207":{"start":{"line":208,"column":0},"end":{"line":208,"column":36}},"208":{"start":{"line":209,"column":0},"end":{"line":209,"column":8}},"209":{"start":{"line":210,"column":0},"end":{"line":210,"column":11}},"210":{"start":{"line":211,"column":0},"end":{"line":211,"column":11}},"211":{"start":{"line":212,"column":0},"end":{"line":212,"column":15}},"212":{"start":{"line":213,"column":0},"end":{"line":213,"column":6}},"213":{"start":{"line":214,"column":0},"end":{"line":214,"column":0}},"214":{"start":{"line":215,"column":0},"end":{"line":215,"column":55}},"215":{"start":{"line":216,"column":0},"end":{"line":216,"column":20}},"216":{"start":{"line":217,"column":0},"end":{"line":217,"column":68}},"217":{"start":{"line":218,"column":0},"end":{"line":218,"column":3}},"218":{"start":{"line":219,"column":0},"end":{"line":219,"column":1}}},"s":{"0":1,"1":1,"2":1,"3":1,"4":1,"5":1,"6":1,"7":1,"8":1,"9":1,"10":1,"11":1,"12":1,"13":1,"14":1,"15":1,"16":1,"17":1,"18":1,"19":1,"20":1,"21":1,"22":1,"23":1,"24":1,"25":1,"26":1,"27":1,"28":44,"29":44,"30":44,"31":44,"32":44,"33":44,"34":44,"35":44,"36":44,"37":1,"38":1,"39":1,"40":13,"41":13,"42":13,"43":13,"44":13,"45":13,"46":13,"47":1,"48":1,"49":1,"50":1,"51":13,"52":1,"53":1,"54":1,"55":5,"56":5,"57":4,"58":5,"59":1,"60":1,"61":5,"62":3,"63":3,"64":3,"65":3,"66":5,"67":1,"68":1,"69":1,"70":11,"71":11,"72":7,"73":11,"74":5,"75":5,"76":11,"77":2,"78":2,"79":11,"80":1,"81":1,"82":1,"83":10,"84":10,"85":10,"86":9,"87":9,"88":9,"89":9,"90":9,"91":9,"92":10,"93":1,"94":1,"95":1,"96":1,"97":1,"98":1,"99":1,"100":8,"101":10,"102":2,"103":2,"104":2,"105":2,"106":10,"107":1,"108":1,"109":1,"110":6,"111":6,"112":6,"113":6,"114":6,"115":6,"116":6,"117":5,"118":5,"119":6,"120":4,"121":4,"122":3,"123":3,"124":3,"125":3,"126":3,"127":3,"128":3,"129":6,"130":6,"131":6,"132":6,"133":1,"134":1,"135":1,"136":14,"137":14,"138":13,"139":14,"140":1,"141":1,"142":12,"143":12,"144":12,"145":14,"146":0,"147":0,"148":12,"149":14,"150":8,"151":8,"152":8,"153":2,"154":2,"155":4,"156":14,"157":14,"158":14,"159":14,"160":4,"161":12,"162":12,"163":12,"164":12,"165":4,"166":14,"167":14,"168":14,"169":14,"170":14,"171":14,"172":14,"173":14,"174":14,"175":14,"176":14,"177":3,"178":3,"179":3,"180":14,"181":1,"182":1,"183":1,"184":2,"185":2,"186":2,"187":2,"188":2,"189":1,"190":1,"191":1,"192":1,"193":2,"194":1,"195":1,"196":1,"197":5,"198":5,"199":5,"200":5,"201":5,"202":5,"203":5,"204":5,"205":5,"206":5,"207":0,"208":5,"209":5,"210":5,"211":5,"212":5,"213":5,"214":5,"215":5,"216":5,"217":5,"218":1},"branchMap":{"0":{"type":"branch","line":40,"loc":{"start":{"line":40,"column":56},"end":{"line":40,"column":64}},"locations":[{"start":{"line":40,"column":56},"end":{"line":40,"column":64}}]},"1":{"type":"branch","line":55,"loc":{"start":{"line":55,"column":46},"end":{"line":55,"column":54}},"locations":[{"start":{"line":55,"column":46},"end":{"line":55,"column":54}}]},"2":{"type":"branch","line":70,"loc":{"start":{"line":70,"column":56},"end":{"line":70,"column":64}},"locations":[{"start":{"line":70,"column":56},"end":{"line":70,"column":64}}]},"3":{"type":"branch","line":83,"loc":{"start":{"line":83,"column":62},"end":{"line":83,"column":76}},"locations":[{"start":{"line":83,"column":62},"end":{"line":83,"column":76}}]},"4":{"type":"branch","line":110,"loc":{"start":{"line":110,"column":56},"end":{"line":110,"column":64}},"locations":[{"start":{"line":110,"column":56},"end":{"line":110,"column":64}}]},"5":{"type":"branch","line":136,"loc":{"start":{"line":136,"column":44},"end":{"line":136,"column":46}},"locations":[{"start":{"line":136,"column":44},"end":{"line":136,"column":46}}]},"6":{"type":"branch","line":136,"loc":{"start":{"line":136,"column":74},"end":{"line":136,"column":108}},"locations":[{"start":{"line":136,"column":74},"end":{"line":136,"column":108}}]},"7":{"type":"branch","line":184,"loc":{"start":{"line":184,"column":65},"end":{"line":184,"column":73}},"locations":[{"start":{"line":184,"column":65},"end":{"line":184,"column":73}}]},"8":{"type":"branch","line":197,"loc":{"start":{"line":197,"column":37},"end":{"line":197,"column":45}},"locations":[{"start":{"line":197,"column":37},"end":{"line":197,"column":45}}]},"9":{"type":"branch","line":29,"loc":{"start":{"line":29,"column":57},"end":{"line":29,"column":58}},"locations":[{"start":{"line":29,"column":57},"end":{"line":29,"column":58}}]},"10":{"type":"branch","line":30,"loc":{"start":{"line":30,"column":49},"end":{"line":30,"column":50}},"locations":[{"start":{"line":30,"column":49},"end":{"line":30,"column":50}}]},"11":{"type":"branch","line":31,"loc":{"start":{"line":31,"column":40},"end":{"line":31,"column":41}},"locations":[{"start":{"line":31,"column":40},"end":{"line":31,"column":41}}]},"12":{"type":"branch","line":32,"loc":{"start":{"line":32,"column":40},"end":{"line":32,"column":41}},"locations":[{"start":{"line":32,"column":40},"end":{"line":32,"column":41}}]},"13":{"type":"branch","line":33,"loc":{"start":{"line":33,"column":49},"end":{"line":33,"column":50}},"locations":[{"start":{"line":33,"column":49},"end":{"line":33,"column":50}}]},"14":{"type":"branch","line":34,"loc":{"start":{"line":34,"column":45},"end":{"line":34,"column":46}},"locations":[{"start":{"line":34,"column":45},"end":{"line":34,"column":46}}]},"15":{"type":"branch","line":28,"loc":{"start":{"line":28,"column":2},"end":{"line":37,"column":3}},"locations":[{"start":{"line":28,"column":2},"end":{"line":37,"column":3}}]},"16":{"type":"branch","line":40,"loc":{"start":{"line":40,"column":8},"end":{"line":52,"column":3}},"locations":[{"start":{"line":40,"column":8},"end":{"line":52,"column":3}}]},"17":{"type":"branch","line":43,"loc":{"start":{"line":43,"column":42},"end":{"line":43,"column":45}},"locations":[{"start":{"line":43,"column":42},"end":{"line":43,"column":45}}]},"18":{"type":"branch","line":43,"loc":{"start":{"line":43,"column":46},"end":{"line":43,"column":54}},"locations":[{"start":{"line":43,"column":46},"end":{"line":43,"column":54}}]},"19":{"type":"branch","line":47,"loc":{"start":{"line":47,"column":22},"end":{"line":47,"column":55}},"locations":[{"start":{"line":47,"column":22},"end":{"line":47,"column":55}}]},"20":{"type":"branch","line":47,"loc":{"start":{"line":47,"column":57},"end":{"line":51,"column":5}},"locations":[{"start":{"line":47,"column":57},"end":{"line":51,"column":5}}]},"21":{"type":"branch","line":55,"loc":{"start":{"line":55,"column":8},"end":{"line":67,"column":3}},"locations":[{"start":{"line":55,"column":8},"end":{"line":67,"column":3}}]},"22":{"type":"branch","line":57,"loc":{"start":{"line":57,"column":47},"end":{"line":59,"column":7}},"locations":[{"start":{"line":57,"column":47},"end":{"line":59,"column":7}}]},"23":{"type":"branch","line":59,"loc":{"start":{"line":59,"column":-1},"end":{"line":59,"column":7}},"locations":[{"start":{"line":59,"column":-1},"end":{"line":59,"column":7}}]},"24":{"type":"branch","line":59,"loc":{"start":{"line":59,"column":7},"end":{"line":61,"column":7}},"locations":[{"start":{"line":59,"column":7},"end":{"line":61,"column":7}}]},"25":{"type":"branch","line":62,"loc":{"start":{"line":62,"column":6},"end":{"line":66,"column":5}},"locations":[{"start":{"line":62,"column":6},"end":{"line":66,"column":5}}]},"26":{"type":"branch","line":63,"loc":{"start":{"line":63,"column":45},"end":{"line":63,"column":60}},"locations":[{"start":{"line":63,"column":45},"end":{"line":63,"column":60}}]},"27":{"type":"branch","line":63,"loc":{"start":{"line":63,"column":61},"end":{"line":63,"column":76}},"locations":[{"start":{"line":63,"column":61},"end":{"line":63,"column":76}}]},"28":{"type":"branch","line":70,"loc":{"start":{"line":70,"column":8},"end":{"line":80,"column":3}},"locations":[{"start":{"line":70,"column":8},"end":{"line":80,"column":3}}]},"29":{"type":"branch","line":73,"loc":{"start":{"line":73,"column":-1},"end":{"line":74,"column":26}},"locations":[{"start":{"line":73,"column":-1},"end":{"line":74,"column":26}}]},"30":{"type":"branch","line":74,"loc":{"start":{"line":74,"column":22},"end":{"line":74,"column":50}},"locations":[{"start":{"line":74,"column":22},"end":{"line":74,"column":50}}]},"31":{"type":"branch","line":74,"loc":{"start":{"line":74,"column":52},"end":{"line":77,"column":5}},"locations":[{"start":{"line":74,"column":52},"end":{"line":77,"column":5}}]},"32":{"type":"branch","line":77,"loc":{"start":{"line":77,"column":5},"end":{"line":79,"column":5}},"locations":[{"start":{"line":77,"column":5},"end":{"line":79,"column":5}}]},"33":{"type":"branch","line":83,"loc":{"start":{"line":83,"column":8},"end":{"line":107,"column":3}},"locations":[{"start":{"line":83,"column":8},"end":{"line":107,"column":3}}]},"34":{"type":"branch","line":86,"loc":{"start":{"line":86,"column":58},"end":{"line":86,"column":78}},"locations":[{"start":{"line":86,"column":58},"end":{"line":86,"column":78}}]},"35":{"type":"branch","line":86,"loc":{"start":{"line":86,"column":80},"end":{"line":93,"column":7}},"locations":[{"start":{"line":86,"column":80},"end":{"line":93,"column":7}}]},"36":{"type":"branch","line":93,"loc":{"start":{"line":93,"column":-1},"end":{"line":93,"column":7}},"locations":[{"start":{"line":93,"column":-1},"end":{"line":93,"column":7}}]},"37":{"type":"branch","line":93,"loc":{"start":{"line":93,"column":7},"end":{"line":100,"column":7}},"locations":[{"start":{"line":93,"column":7},"end":{"line":100,"column":7}}]},"38":{"type":"branch","line":101,"loc":{"start":{"line":101,"column":-1},"end":{"line":102,"column":13}},"locations":[{"start":{"line":101,"column":-1},"end":{"line":102,"column":13}}]},"39":{"type":"branch","line":102,"loc":{"start":{"line":102,"column":6},"end":{"line":106,"column":5}},"locations":[{"start":{"line":102,"column":6},"end":{"line":106,"column":5}}]},"40":{"type":"branch","line":103,"loc":{"start":{"line":103,"column":45},"end":{"line":103,"column":60}},"locations":[{"start":{"line":103,"column":45},"end":{"line":103,"column":60}}]},"41":{"type":"branch","line":103,"loc":{"start":{"line":103,"column":61},"end":{"line":103,"column":76}},"locations":[{"start":{"line":103,"column":61},"end":{"line":103,"column":76}}]},"42":{"type":"branch","line":110,"loc":{"start":{"line":110,"column":8},"end":{"line":133,"column":3}},"locations":[{"start":{"line":110,"column":8},"end":{"line":133,"column":3}}]},"43":{"type":"branch","line":117,"loc":{"start":{"line":117,"column":15},"end":{"line":117,"column":21}},"locations":[{"start":{"line":117,"column":15},"end":{"line":117,"column":21}}]},"44":{"type":"branch","line":117,"loc":{"start":{"line":117,"column":23},"end":{"line":117,"column":79}},"locations":[{"start":{"line":117,"column":23},"end":{"line":117,"column":79}}]},"45":{"type":"branch","line":118,"loc":{"start":{"line":118,"column":-1},"end":{"line":120,"column":29}},"locations":[{"start":{"line":118,"column":-1},"end":{"line":120,"column":29}}]},"46":{"type":"branch","line":120,"loc":{"start":{"line":120,"column":23},"end":{"line":120,"column":85}},"locations":[{"start":{"line":120,"column":23},"end":{"line":120,"column":85}}]},"47":{"type":"branch","line":121,"loc":{"start":{"line":121,"column":-1},"end":{"line":122,"column":65}},"locations":[{"start":{"line":121,"column":-1},"end":{"line":122,"column":65}}]},"48":{"type":"branch","line":123,"loc":{"start":{"line":123,"column":-1},"end":{"line":130,"column":5}},"locations":[{"start":{"line":123,"column":-1},"end":{"line":130,"column":5}}]},"49":{"type":"branch","line":127,"loc":{"start":{"line":127,"column":61},"end":{"line":127,"column":76}},"locations":[{"start":{"line":127,"column":61},"end":{"line":127,"column":76}}]},"50":{"type":"branch","line":136,"loc":{"start":{"line":136,"column":8},"end":{"line":181,"column":3}},"locations":[{"start":{"line":136,"column":8},"end":{"line":181,"column":3}}]},"51":{"type":"branch","line":139,"loc":{"start":{"line":139,"column":-1},"end":{"line":140,"column":41}},"locations":[{"start":{"line":139,"column":-1},"end":{"line":140,"column":41}}]},"52":{"type":"branch","line":140,"loc":{"start":{"line":140,"column":37},"end":{"line":140,"column":71}},"locations":[{"start":{"line":140,"column":37},"end":{"line":140,"column":71}}]},"53":{"type":"branch","line":140,"loc":{"start":{"line":140,"column":74},"end":{"line":142,"column":7}},"locations":[{"start":{"line":140,"column":74},"end":{"line":142,"column":7}}]},"54":{"type":"branch","line":143,"loc":{"start":{"line":143,"column":-1},"end":{"line":146,"column":33}},"locations":[{"start":{"line":143,"column":-1},"end":{"line":146,"column":33}}]},"55":{"type":"branch","line":146,"loc":{"start":{"line":146,"column":33},"end":{"line":148,"column":7}},"locations":[{"start":{"line":146,"column":33},"end":{"line":148,"column":7}}]},"56":{"type":"branch","line":149,"loc":{"start":{"line":149,"column":-1},"end":{"line":150,"column":44}},"locations":[{"start":{"line":149,"column":-1},"end":{"line":150,"column":44}}]},"57":{"type":"branch","line":150,"loc":{"start":{"line":150,"column":44},"end":{"line":155,"column":7}},"locations":[{"start":{"line":150,"column":44},"end":{"line":155,"column":7}}]},"58":{"type":"branch","line":152,"loc":{"start":{"line":152,"column":32},"end":{"line":152,"column":77}},"locations":[{"start":{"line":152,"column":32},"end":{"line":152,"column":77}}]},"59":{"type":"branch","line":153,"loc":{"start":{"line":153,"column":-1},"end":{"line":153,"column":39}},"locations":[{"start":{"line":153,"column":-1},"end":{"line":153,"column":39}}]},"60":{"type":"branch","line":153,"loc":{"start":{"line":153,"column":35},"end":{"line":153,"column":51}},"locations":[{"start":{"line":153,"column":35},"end":{"line":153,"column":51}}]},"61":{"type":"branch","line":153,"loc":{"start":{"line":153,"column":53},"end":{"line":153,"column":93}},"locations":[{"start":{"line":153,"column":53},"end":{"line":153,"column":93}}]},"62":{"type":"branch","line":154,"loc":{"start":{"line":154,"column":-1},"end":{"line":155,"column":7}},"locations":[{"start":{"line":154,"column":-1},"end":{"line":155,"column":7}}]},"63":{"type":"branch","line":156,"loc":{"start":{"line":156,"column":-1},"end":{"line":157,"column":56}},"locations":[{"start":{"line":156,"column":-1},"end":{"line":157,"column":56}}]},"64":{"type":"branch","line":157,"loc":{"start":{"line":157,"column":56},"end":{"line":157,"column":81}},"locations":[{"start":{"line":157,"column":56},"end":{"line":157,"column":81}}]},"65":{"type":"branch","line":157,"loc":{"start":{"line":157,"column":73},"end":{"line":157,"column":80}},"locations":[{"start":{"line":157,"column":73},"end":{"line":157,"column":80}}]},"66":{"type":"branch","line":157,"loc":{"start":{"line":157,"column":82},"end":{"line":157,"column":88}},"locations":[{"start":{"line":157,"column":82},"end":{"line":157,"column":88}}]},"67":{"type":"branch","line":177,"loc":{"start":{"line":177,"column":6},"end":{"line":180,"column":5}},"locations":[{"start":{"line":177,"column":6},"end":{"line":180,"column":5}}]},"68":{"type":"branch","line":160,"loc":{"start":{"line":160,"column":17},"end":{"line":166,"column":38}},"locations":[{"start":{"line":160,"column":17},"end":{"line":166,"column":38}}]},"69":{"type":"branch","line":161,"loc":{"start":{"line":161,"column":22},"end":{"line":166,"column":37}},"locations":[{"start":{"line":161,"column":22},"end":{"line":166,"column":37}}]},"70":{"type":"branch","line":184,"loc":{"start":{"line":184,"column":8},"end":{"line":194,"column":3}},"locations":[{"start":{"line":184,"column":8},"end":{"line":194,"column":3}}]},"71":{"type":"branch","line":189,"loc":{"start":{"line":189,"column":21},"end":{"line":193,"column":5}},"locations":[{"start":{"line":189,"column":21},"end":{"line":193,"column":5}}]},"72":{"type":"branch","line":197,"loc":{"start":{"line":197,"column":8},"end":{"line":218,"column":3}},"locations":[{"start":{"line":197,"column":8},"end":{"line":218,"column":3}}]}},"b":{"0":[0],"1":[0],"2":[0],"3":[0],"4":[0],"5":[0],"6":[0],"7":[0],"8":[0],"9":[0],"10":[0],"11":[0],"12":[0],"13":[0],"14":[0],"15":[44],"16":[13],"17":[1],"18":[12],"19":[12],"20":[1],"21":[5],"22":[4],"23":[1],"24":[1],"25":[3],"26":[2],"27":[1],"28":[11],"29":[7],"30":[6],"31":[5],"32":[2],"33":[10],"34":[9],"35":[9],"36":[7],"37":[1],"38":[8],"39":[2],"40":[1],"41":[1],"42":[6],"43":[5],"44":[1],"45":[5],"46":[1],"47":[4],"48":[3],"49":[0],"50":[14],"51":[13],"52":[1],"53":[1],"54":[12],"55":[0],"56":[12],"57":[8],"58":[1],"59":[6],"60":[5],"61":[4],"62":[2],"63":[4],"64":[3],"65":[0],"66":[1],"67":[3],"68":[4],"69":[12],"70":[2],"71":[1],"72":[5]},"fnMap":{"0":{"name":"ExecutorService","decl":{"start":{"line":28,"column":2},"end":{"line":37,"column":3}},"loc":{"start":{"line":28,"column":2},"end":{"line":37,"column":3}},"line":28},"1":{"name":"handleFailure","decl":{"start":{"line":40,"column":8},"end":{"line":52,"column":3}},"loc":{"start":{"line":40,"column":8},"end":{"line":52,"column":3}},"line":40},"2":{"name":"run","decl":{"start":{"line":55,"column":8},"end":{"line":67,"column":3}},"loc":{"start":{"line":55,"column":8},"end":{"line":67,"column":3}},"line":55},"3":{"name":"handleHttpJob","decl":{"start":{"line":70,"column":8},"end":{"line":80,"column":3}},"loc":{"start":{"line":70,"column":8},"end":{"line":80,"column":3}},"line":70},"4":{"name":"createSftpConnection","decl":{"start":{"line":83,"column":8},"end":{"line":107,"column":3}},"loc":{"start":{"line":83,"column":8},"end":{"line":107,"column":3}},"line":83},"5":{"name":"handleSftpJob","decl":{"start":{"line":110,"column":8},"end":{"line":133,"column":3}},"loc":{"start":{"line":110,"column":8},"end":{"line":133,"column":3}},"line":110},"6":{"name":"transformFileToJSON","decl":{"start":{"line":136,"column":8},"end":{"line":181,"column":3}},"loc":{"start":{"line":136,"column":8},"end":{"line":181,"column":3}},"line":136},"7":{"name":"columns","decl":{"start":{"line":160,"column":17},"end":{"line":166,"column":38}},"loc":{"start":{"line":160,"column":17},"end":{"line":166,"column":38}},"line":160},"8":{"name":"deleteCronJob","decl":{"start":{"line":184,"column":8},"end":{"line":194,"column":3}},"loc":{"start":{"line":184,"column":8},"end":{"line":194,"column":3}},"line":184},"9":{"name":"addCronJob","decl":{"start":{"line":197,"column":8},"end":{"line":218,"column":3}},"loc":{"start":{"line":197,"column":8},"end":{"line":218,"column":3}},"line":197}},"f":{"0":44,"1":13,"2":5,"3":11,"4":10,"5":6,"6":14,"7":4,"8":2,"9":5}}
,"D:\\data-enrichment-service\\src\\job\\job.service.ts": {"path":"D:\\data-enrichment-service\\src\\job\\job.service.ts","all":false,"statementMap":{"0":{"start":{"line":1,"column":0},"end":{"line":1,"column":114}},"1":{"start":{"line":2,"column":0},"end":{"line":2,"column":47}},"2":{"start":{"line":3,"column":0},"end":{"line":3,"column":70}},"3":{"start":{"line":4,"column":0},"end":{"line":4,"column":106}},"4":{"start":{"line":5,"column":0},"end":{"line":5,"column":34}},"5":{"start":{"line":6,"column":0},"end":{"line":6,"column":41}},"6":{"start":{"line":7,"column":0},"end":{"line":7,"column":48}},"7":{"start":{"line":8,"column":0},"end":{"line":8,"column":63}},"8":{"start":{"line":9,"column":0},"end":{"line":9,"column":67}},"9":{"start":{"line":10,"column":0},"end":{"line":10,"column":0}},"10":{"start":{"line":11,"column":0},"end":{"line":11,"column":13}},"11":{"start":{"line":12,"column":0},"end":{"line":12,"column":25}},"12":{"start":{"line":13,"column":0},"end":{"line":13,"column":36}},"13":{"start":{"line":14,"column":0},"end":{"line":14,"column":0}},"14":{"start":{"line":15,"column":0},"end":{"line":15,"column":14}},"15":{"start":{"line":16,"column":0},"end":{"line":16,"column":50}},"16":{"start":{"line":17,"column":0},"end":{"line":17,"column":41}},"17":{"start":{"line":18,"column":0},"end":{"line":18,"column":50}},"18":{"start":{"line":19,"column":0},"end":{"line":19,"column":41}},"19":{"start":{"line":20,"column":0},"end":{"line":20,"column":5}},"20":{"start":{"line":21,"column":0},"end":{"line":21,"column":71}},"21":{"start":{"line":22,"column":0},"end":{"line":22,"column":3}},"22":{"start":{"line":23,"column":0},"end":{"line":23,"column":0}},"23":{"start":{"line":24,"column":0},"end":{"line":24,"column":34}},"24":{"start":{"line":25,"column":0},"end":{"line":25,"column":129}},"25":{"start":{"line":26,"column":0},"end":{"line":26,"column":9}},"26":{"start":{"line":27,"column":0},"end":{"line":27,"column":54}},"27":{"start":{"line":28,"column":0},"end":{"line":28,"column":55}},"28":{"start":{"line":29,"column":0},"end":{"line":29,"column":79}},"29":{"start":{"line":30,"column":0},"end":{"line":30,"column":7}},"30":{"start":{"line":31,"column":0},"end":{"line":31,"column":0}},"31":{"start":{"line":32,"column":0},"end":{"line":32,"column":27}},"32":{"start":{"line":33,"column":0},"end":{"line":33,"column":0}},"33":{"start":{"line":34,"column":0},"end":{"line":34,"column":60}},"34":{"start":{"line":35,"column":0},"end":{"line":35,"column":28}},"35":{"start":{"line":36,"column":0},"end":{"line":36,"column":0}},"36":{"start":{"line":37,"column":0},"end":{"line":37,"column":27}},"37":{"start":{"line":38,"column":0},"end":{"line":38,"column":57}},"38":{"start":{"line":39,"column":0},"end":{"line":39,"column":0}},"39":{"start":{"line":40,"column":0},"end":{"line":40,"column":46}},"40":{"start":{"line":41,"column":0},"end":{"line":41,"column":100}},"41":{"start":{"line":42,"column":0},"end":{"line":42,"column":9}},"42":{"start":{"line":43,"column":0},"end":{"line":43,"column":69}},"43":{"start":{"line":44,"column":0},"end":{"line":44,"column":14}},"44":{"start":{"line":45,"column":0},"end":{"line":45,"column":23}},"45":{"start":{"line":46,"column":0},"end":{"line":46,"column":14}},"46":{"start":{"line":47,"column":0},"end":{"line":47,"column":20}},"47":{"start":{"line":48,"column":0},"end":{"line":48,"column":40}},"48":{"start":{"line":49,"column":0},"end":{"line":49,"column":14}},"49":{"start":{"line":50,"column":0},"end":{"line":50,"column":6}},"50":{"start":{"line":51,"column":0},"end":{"line":51,"column":79}},"51":{"start":{"line":52,"column":0},"end":{"line":52,"column":0}},"52":{"start":{"line":53,"column":0},"end":{"line":53,"column":27}},"53":{"start":{"line":54,"column":0},"end":{"line":54,"column":100}},"54":{"start":{"line":55,"column":0},"end":{"line":55,"column":9}},"55":{"start":{"line":56,"column":0},"end":{"line":56,"column":0}},"56":{"start":{"line":57,"column":0},"end":{"line":57,"column":28}},"57":{"start":{"line":58,"column":0},"end":{"line":58,"column":0}},"58":{"start":{"line":59,"column":0},"end":{"line":59,"column":80}},"59":{"start":{"line":60,"column":0},"end":{"line":60,"column":68}},"60":{"start":{"line":61,"column":0},"end":{"line":61,"column":7}},"61":{"start":{"line":62,"column":0},"end":{"line":62,"column":0}},"62":{"start":{"line":63,"column":0},"end":{"line":63,"column":107}},"63":{"start":{"line":64,"column":0},"end":{"line":64,"column":78}},"64":{"start":{"line":65,"column":0},"end":{"line":65,"column":7}},"65":{"start":{"line":66,"column":0},"end":{"line":66,"column":0}},"66":{"start":{"line":67,"column":0},"end":{"line":67,"column":71}},"67":{"start":{"line":68,"column":0},"end":{"line":68,"column":58}},"68":{"start":{"line":69,"column":0},"end":{"line":69,"column":19}},"69":{"start":{"line":70,"column":0},"end":{"line":70,"column":28}},"70":{"start":{"line":71,"column":0},"end":{"line":71,"column":82}},"71":{"start":{"line":72,"column":0},"end":{"line":72,"column":10}},"72":{"start":{"line":73,"column":0},"end":{"line":73,"column":0}},"73":{"start":{"line":74,"column":0},"end":{"line":74,"column":139}},"74":{"start":{"line":75,"column":0},"end":{"line":75,"column":0}},"75":{"start":{"line":76,"column":0},"end":{"line":76,"column":14}},"76":{"start":{"line":77,"column":0},"end":{"line":77,"column":46}},"77":{"start":{"line":78,"column":0},"end":{"line":78,"column":22}},"78":{"start":{"line":79,"column":0},"end":{"line":79,"column":8}},"79":{"start":{"line":80,"column":0},"end":{"line":80,"column":30}},"80":{"start":{"line":81,"column":0},"end":{"line":81,"column":77}},"81":{"start":{"line":82,"column":0},"end":{"line":82,"column":68}},"82":{"start":{"line":83,"column":0},"end":{"line":83,"column":0}},"83":{"start":{"line":84,"column":0},"end":{"line":84,"column":87}},"84":{"start":{"line":85,"column":0},"end":{"line":85,"column":20}},"85":{"start":{"line":86,"column":0},"end":{"line":86,"column":7}},"86":{"start":{"line":87,"column":0},"end":{"line":87,"column":0}},"87":{"start":{"line":88,"column":0},"end":{"line":88,"column":99}},"88":{"start":{"line":89,"column":0},"end":{"line":89,"column":5}},"89":{"start":{"line":90,"column":0},"end":{"line":90,"column":3}},"90":{"start":{"line":91,"column":0},"end":{"line":91,"column":1}}},"s":{"0":1,"1":1,"2":1,"3":1,"4":1,"5":1,"6":1,"7":1,"8":1,"9":1,"10":1,"11":1,"12":1,"13":1,"14":1,"15":43,"16":43,"17":43,"18":43,"19":43,"20":43,"21":43,"22":1,"23":1,"24":1,"25":43,"26":43,"27":43,"28":4,"29":4,"30":39,"31":39,"32":39,"33":39,"34":36,"35":36,"36":43,"37":28,"38":28,"39":28,"40":1,"41":1,"42":27,"43":43,"44":8,"45":8,"46":8,"47":8,"48":8,"49":8,"50":8,"51":7,"52":8,"53":3,"54":3,"55":4,"56":4,"57":4,"58":4,"59":4,"60":4,"61":31,"62":43,"63":3,"64":3,"65":28,"66":43,"67":43,"68":1031,"69":1031,"70":1031,"71":43,"72":43,"73":43,"74":27,"75":27,"76":27,"77":27,"78":27,"79":43,"80":16,"81":16,"82":16,"83":16,"84":11,"85":11,"86":5,"87":5,"88":5,"89":43,"90":1},"branchMap":{"0":{"type":"branch","line":25,"loc":{"start":{"line":25,"column":117},"end":{"line":25,"column":129}},"locations":[{"start":{"line":25,"column":117},"end":{"line":25,"column":129}}]},"1":{"type":"branch","line":16,"loc":{"start":{"line":16,"column":49},"end":{"line":16,"column":50}},"locations":[{"start":{"line":16,"column":49},"end":{"line":16,"column":50}}]},"2":{"type":"branch","line":17,"loc":{"start":{"line":17,"column":40},"end":{"line":17,"column":41}},"locations":[{"start":{"line":17,"column":40},"end":{"line":17,"column":41}}]},"3":{"type":"branch","line":18,"loc":{"start":{"line":18,"column":49},"end":{"line":18,"column":50}},"locations":[{"start":{"line":18,"column":49},"end":{"line":18,"column":50}}]},"4":{"type":"branch","line":19,"loc":{"start":{"line":19,"column":40},"end":{"line":19,"column":41}},"locations":[{"start":{"line":19,"column":40},"end":{"line":19,"column":41}}]},"5":{"type":"branch","line":15,"loc":{"start":{"line":15,"column":2},"end":{"line":22,"column":3}},"locations":[{"start":{"line":15,"column":2},"end":{"line":22,"column":3}}]},"6":{"type":"branch","line":25,"loc":{"start":{"line":25,"column":8},"end":{"line":90,"column":3}},"locations":[{"start":{"line":25,"column":8},"end":{"line":90,"column":3}}]},"7":{"type":"branch","line":28,"loc":{"start":{"line":28,"column":22},"end":{"line":28,"column":32}},"locations":[{"start":{"line":28,"column":22},"end":{"line":28,"column":32}}]},"8":{"type":"branch","line":28,"loc":{"start":{"line":28,"column":54},"end":{"line":30,"column":7}},"locations":[{"start":{"line":28,"column":54},"end":{"line":30,"column":7}}]},"9":{"type":"branch","line":31,"loc":{"start":{"line":31,"column":-1},"end":{"line":34,"column":60}},"locations":[{"start":{"line":31,"column":-1},"end":{"line":34,"column":60}}]},"10":{"type":"branch","line":35,"loc":{"start":{"line":35,"column":-1},"end":{"line":37,"column":26}},"locations":[{"start":{"line":35,"column":-1},"end":{"line":37,"column":26}}]},"11":{"type":"branch","line":37,"loc":{"start":{"line":37,"column":26},"end":{"line":44,"column":7}},"locations":[{"start":{"line":37,"column":26},"end":{"line":44,"column":7}}]},"12":{"type":"branch","line":40,"loc":{"start":{"line":40,"column":45},"end":{"line":42,"column":9}},"locations":[{"start":{"line":40,"column":45},"end":{"line":42,"column":9}}]},"13":{"type":"branch","line":43,"loc":{"start":{"line":43,"column":-1},"end":{"line":44,"column":7}},"locations":[{"start":{"line":43,"column":-1},"end":{"line":44,"column":7}}]},"14":{"type":"branch","line":44,"loc":{"start":{"line":44,"column":7},"end":{"line":61,"column":7}},"locations":[{"start":{"line":44,"column":7},"end":{"line":61,"column":7}}]},"15":{"type":"branch","line":52,"loc":{"start":{"line":52,"column":-1},"end":{"line":53,"column":26}},"locations":[{"start":{"line":52,"column":-1},"end":{"line":53,"column":26}}]},"16":{"type":"branch","line":53,"loc":{"start":{"line":53,"column":26},"end":{"line":55,"column":9}},"locations":[{"start":{"line":53,"column":26},"end":{"line":55,"column":9}}]},"17":{"type":"branch","line":56,"loc":{"start":{"line":56,"column":-1},"end":{"line":61,"column":7}},"locations":[{"start":{"line":56,"column":-1},"end":{"line":61,"column":7}}]},"18":{"type":"branch","line":62,"loc":{"start":{"line":62,"column":-1},"end":{"line":63,"column":52}},"locations":[{"start":{"line":62,"column":-1},"end":{"line":63,"column":52}}]},"19":{"type":"branch","line":63,"loc":{"start":{"line":63,"column":48},"end":{"line":63,"column":104}},"locations":[{"start":{"line":63,"column":48},"end":{"line":63,"column":104}}]},"20":{"type":"branch","line":63,"loc":{"start":{"line":63,"column":106},"end":{"line":65,"column":7}},"locations":[{"start":{"line":63,"column":106},"end":{"line":65,"column":7}}]},"21":{"type":"branch","line":66,"loc":{"start":{"line":66,"column":-1},"end":{"line":67,"column":45}},"locations":[{"start":{"line":66,"column":-1},"end":{"line":67,"column":45}}]},"22":{"type":"branch","line":67,"loc":{"start":{"line":67,"column":45},"end":{"line":67,"column":56}},"locations":[{"start":{"line":67,"column":45},"end":{"line":67,"column":56}}]},"23":{"type":"branch","line":67,"loc":{"start":{"line":67,"column":57},"end":{"line":67,"column":70}},"locations":[{"start":{"line":67,"column":57},"end":{"line":67,"column":70}}]},"24":{"type":"branch","line":75,"loc":{"start":{"line":75,"column":-1},"end":{"line":80,"column":13}},"locations":[{"start":{"line":75,"column":-1},"end":{"line":80,"column":13}}]},"25":{"type":"branch","line":80,"loc":{"start":{"line":80,"column":6},"end":{"line":89,"column":5}},"locations":[{"start":{"line":80,"column":6},"end":{"line":89,"column":5}}]},"26":{"type":"branch","line":81,"loc":{"start":{"line":81,"column":45},"end":{"line":81,"column":60}},"locations":[{"start":{"line":81,"column":45},"end":{"line":81,"column":60}}]},"27":{"type":"branch","line":81,"loc":{"start":{"line":81,"column":61},"end":{"line":81,"column":76}},"locations":[{"start":{"line":81,"column":61},"end":{"line":81,"column":76}}]},"28":{"type":"branch","line":84,"loc":{"start":{"line":84,"column":46},"end":{"line":84,"column":84}},"locations":[{"start":{"line":84,"column":46},"end":{"line":84,"column":84}}]},"29":{"type":"branch","line":84,"loc":{"start":{"line":84,"column":86},"end":{"line":86,"column":7}},"locations":[{"start":{"line":84,"column":86},"end":{"line":86,"column":7}}]},"30":{"type":"branch","line":87,"loc":{"start":{"line":87,"column":-1},"end":{"line":89,"column":5}},"locations":[{"start":{"line":87,"column":-1},"end":{"line":89,"column":5}}]},"31":{"type":"branch","line":68,"loc":{"start":{"line":68,"column":46},"end":{"line":72,"column":8}},"locations":[{"start":{"line":68,"column":46},"end":{"line":72,"column":8}}]}},"b":{"0":[0],"1":[0],"2":[0],"3":[0],"4":[0],"5":[43],"6":[43],"7":[42],"8":[4],"9":[39],"10":[36],"11":[28],"12":[1],"13":[27],"14":[8],"15":[7],"16":[3],"17":[4],"18":[31],"19":[29],"20":[3],"21":[28],"22":[6],"23":[22],"24":[27],"25":[16],"26":[15],"27":[1],"28":[9],"29":[11],"30":[5],"31":[1031]},"fnMap":{"0":{"name":"JobService","decl":{"start":{"line":15,"column":2},"end":{"line":22,"column":3}},"loc":{"start":{"line":15,"column":2},"end":{"line":22,"column":3}},"line":15},"1":{"name":"createEnrich","decl":{"start":{"line":25,"column":8},"end":{"line":90,"column":3}},"loc":{"start":{"line":25,"column":8},"end":{"line":90,"column":3}},"line":25}},"f":{"0":43,"1":43}}
}
