TN:
SF:src\database\database.service.ts
FN:12,DatabaseService
FN:19,query
FN:24,insertPullJobHistory
FN:49,insertRows
FN:84,ensureTable
FN:106,updateTable
FNF:6
FNH:6
FNDA:25,DatabaseService
FNDA:46,query
FNDA:16,insertPullJobHistory
FNDA:16,insertRows
FNDA:12,ensureTable
FNDA:8,updateTable
DA:1,1
DA:2,1
DA:3,1
DA:4,1
DA:5,1
DA:6,1
DA:7,1
DA:8,1
DA:9,1
DA:10,1
DA:11,1
DA:12,1
DA:13,25
DA:14,25
DA:15,25
DA:16,25
DA:17,25
DA:18,1
DA:19,1
DA:20,46
DA:21,41
DA:22,41
DA:23,1
DA:24,1
DA:25,16
DA:26,16
DA:27,16
DA:28,16
DA:29,16
DA:30,16
DA:31,16
DA:32,16
DA:33,16
DA:34,16
DA:35,16
DA:36,16
DA:37,16
DA:38,16
DA:39,16
DA:40,16
DA:41,16
DA:42,16
DA:43,0
DA:44,0
DA:45,0
DA:46,0
DA:47,16
DA:48,1
DA:49,1
DA:50,16
DA:51,16
DA:52,16
DA:53,16
DA:54,16
DA:55,16
DA:56,16
DA:57,16
DA:58,1
DA:59,1
DA:60,15
DA:61,15
DA:62,15
DA:63,15
DA:64,15
DA:65,16
DA:66,1
DA:67,1
DA:68,14
DA:69,14
DA:70,14
DA:71,14
DA:72,12
DA:73,12
DA:74,12
DA:75,12
DA:76,16
DA:77,4
DA:78,4
DA:79,4
DA:80,4
DA:81,4
DA:82,16
DA:83,1
DA:84,1
DA:85,12
DA:86,12
DA:87,12
DA:88,12
DA:89,12
DA:90,12
DA:91,12
DA:92,12
DA:93,12
DA:94,12
DA:95,12
DA:96,10
DA:97,12
DA:98,2
DA:99,1
DA:100,1
DA:101,1
DA:102,1
DA:103,2
DA:104,12
DA:105,1
DA:106,1
DA:107,8
DA:108,8
DA:109,8
DA:110,8
DA:111,12
DA:112,12
DA:113,12
DA:114,12
DA:115,8
DA:116,8
DA:117,8
DA:118,8
DA:119,1
LF:119
LH:115
BRDA:12,0,0,0
BRDA:12,1,0,25
BRDA:19,2,0,46
BRDA:21,3,0,41
BRDA:24,4,0,16
BRDA:42,5,0,0
BRDA:49,6,0,16
BRDA:57,7,0,1
BRDA:60,8,0,15
BRDA:65,9,0,1
BRDA:68,10,0,14
BRDA:72,11,0,12
BRDA:76,12,0,4
BRDA:77,13,0,3
BRDA:77,14,0,1
BRDA:84,15,0,12
BRDA:96,16,0,10
BRDA:97,17,0,2
BRDA:98,18,0,1
BRDA:106,19,0,8
BRDA:108,20,0,6
BRDA:108,21,0,2
BRDA:110,22,0,12
BRF:23
BRH:21
end_of_record
TN:
SF:src\executor\executor.service.ts
FN:19,ExecutorService
FN:31,handleFailure
FN:46,run
FN:61,handleHttpJob
FN:74,createSftpConnection
FN:101,handleSftpJob
FN:127,transformFileToJSON
FN:151,columns
FN:175,deleteCronJob
FN:188,addCronJob
FNF:10
FNH:10
FNDA:44,ExecutorService
FNDA:13,handleFailure
FNDA:5,run
FNDA:11,handleHttpJob
FNDA:10,createSftpConnection
FNDA:6,handleSftpJob
FNDA:14,transformFileToJSON
FNDA:4,columns
FNDA:2,deleteCronJob
FNDA:5,addCronJob
DA:1,1
DA:2,1
DA:3,1
DA:4,1
DA:5,1
DA:6,1
DA:7,1
DA:8,1
DA:9,1
DA:10,1
DA:11,1
DA:12,1
DA:13,1
DA:14,1
DA:15,1
DA:16,1
DA:17,1
DA:18,1
DA:19,1
DA:20,44
DA:21,44
DA:22,44
DA:23,44
DA:24,44
DA:25,44
DA:26,44
DA:27,44
DA:28,44
DA:29,1
DA:30,1
DA:31,1
DA:32,13
DA:33,13
DA:34,13
DA:35,13
DA:36,13
DA:37,13
DA:38,13
DA:39,1
DA:40,1
DA:41,1
DA:42,1
DA:43,13
DA:44,1
DA:45,1
DA:46,1
DA:47,5
DA:48,5
DA:49,4
DA:50,5
DA:51,1
DA:52,1
DA:53,5
DA:54,3
DA:55,3
DA:56,3
DA:57,3
DA:58,5
DA:59,1
DA:60,1
DA:61,1
DA:62,11
DA:63,11
DA:64,7
DA:65,11
DA:66,5
DA:67,5
DA:68,11
DA:69,2
DA:70,2
DA:71,11
DA:72,1
DA:73,1
DA:74,1
DA:75,10
DA:76,10
DA:77,10
DA:78,9
DA:79,9
DA:80,9
DA:81,9
DA:82,9
DA:83,9
DA:84,10
DA:85,1
DA:86,1
DA:87,1
DA:88,1
DA:89,1
DA:90,1
DA:91,1
DA:92,8
DA:93,10
DA:94,2
DA:95,2
DA:96,2
DA:97,2
DA:98,10
DA:99,1
DA:100,1
DA:101,1
DA:102,6
DA:103,6
DA:104,6
DA:105,6
DA:106,6
DA:107,6
DA:108,6
DA:109,5
DA:110,5
DA:111,6
DA:112,4
DA:113,4
DA:114,3
DA:115,3
DA:116,3
DA:117,3
DA:118,3
DA:119,3
DA:120,3
DA:121,6
DA:122,6
DA:123,6
DA:124,6
DA:125,1
DA:126,1
DA:127,1
DA:128,14
DA:129,14
DA:130,13
DA:131,14
DA:132,1
DA:133,1
DA:134,12
DA:135,12
DA:136,12
DA:137,14
DA:138,0
DA:139,0
DA:140,12
DA:141,14
DA:142,8
DA:143,8
DA:144,8
DA:145,2
DA:146,2
DA:147,4
DA:148,14
DA:149,14
DA:150,14
DA:151,14
DA:152,4
DA:153,12
DA:154,12
DA:155,12
DA:156,12
DA:157,4
DA:158,14
DA:159,14
DA:160,14
DA:161,14
DA:162,14
DA:163,14
DA:164,14
DA:165,14
DA:166,14
DA:167,14
DA:168,14
DA:169,3
DA:170,3
DA:171,3
DA:172,14
DA:173,1
DA:174,1
DA:175,1
DA:176,2
DA:177,2
DA:178,2
DA:179,2
DA:180,2
DA:181,1
DA:182,1
DA:183,1
DA:184,1
DA:185,2
DA:186,1
DA:187,1
DA:188,1
DA:189,5
DA:190,5
DA:191,5
DA:192,5
DA:193,5
DA:194,5
DA:195,5
DA:196,5
DA:197,5
DA:198,5
DA:199,0
DA:200,5
DA:201,5
DA:202,5
DA:203,5
DA:204,5
DA:205,5
DA:206,5
DA:207,5
DA:208,5
DA:209,5
DA:210,1
LF:210
LH:207
BRDA:31,0,0,0
BRDA:46,1,0,0
BRDA:61,2,0,0
BRDA:74,3,0,0
BRDA:101,4,0,0
BRDA:127,5,0,0
BRDA:127,6,0,0
BRDA:175,7,0,0
BRDA:188,8,0,0
BRDA:20,9,0,0
BRDA:21,10,0,0
BRDA:22,11,0,0
BRDA:23,12,0,0
BRDA:24,13,0,0
BRDA:25,14,0,0
BRDA:19,15,0,44
BRDA:31,16,0,13
BRDA:34,17,0,1
BRDA:34,18,0,12
BRDA:38,19,0,12
BRDA:38,20,0,1
BRDA:46,21,0,5
BRDA:48,22,0,4
BRDA:50,23,0,1
BRDA:50,24,0,1
BRDA:53,25,0,3
BRDA:54,26,0,2
BRDA:54,27,0,1
BRDA:61,28,0,11
BRDA:64,29,0,7
BRDA:65,30,0,6
BRDA:65,31,0,5
BRDA:68,32,0,2
BRDA:74,33,0,10
BRDA:77,34,0,9
BRDA:77,35,0,9
BRDA:84,36,0,7
BRDA:84,37,0,1
BRDA:92,38,0,8
BRDA:93,39,0,2
BRDA:94,40,0,1
BRDA:94,41,0,1
BRDA:101,42,0,6
BRDA:108,43,0,5
BRDA:108,44,0,1
BRDA:109,45,0,5
BRDA:111,46,0,1
BRDA:112,47,0,4
BRDA:114,48,0,3
BRDA:118,49,0,0
BRDA:127,50,0,14
BRDA:130,51,0,13
BRDA:131,52,0,1
BRDA:131,53,0,1
BRDA:134,54,0,12
BRDA:137,55,0,0
BRDA:140,56,0,12
BRDA:141,57,0,8
BRDA:143,58,0,1
BRDA:144,59,0,6
BRDA:144,60,0,5
BRDA:144,61,0,4
BRDA:145,62,0,2
BRDA:147,63,0,4
BRDA:148,64,0,3
BRDA:148,65,0,0
BRDA:148,66,0,1
BRDA:168,67,0,3
BRDA:151,68,0,4
BRDA:152,69,0,12
BRDA:175,70,0,2
BRDA:180,71,0,1
BRDA:188,72,0,5
BRF:73
BRH:55
end_of_record
TN:
SF:src\job\job.service.ts
FN:15,JobService
FN:25,createEnrich
FNF:2
FNH:2
FNDA:43,JobService
FNDA:43,createEnrich
DA:1,1
DA:2,1
DA:3,1
DA:4,1
DA:5,1
DA:6,1
DA:7,1
DA:8,1
DA:9,1
DA:10,1
DA:11,1
DA:12,1
DA:13,1
DA:14,1
DA:15,1
DA:16,43
DA:17,43
DA:18,43
DA:19,43
DA:20,43
DA:21,43
DA:22,43
DA:23,1
DA:24,1
DA:25,1
DA:26,43
DA:27,43
DA:28,43
DA:29,4
DA:30,4
DA:31,39
DA:32,39
DA:33,39
DA:34,39
DA:35,36
DA:36,36
DA:37,43
DA:38,28
DA:39,28
DA:40,28
DA:41,1
DA:42,1
DA:43,27
DA:44,43
DA:45,8
DA:46,8
DA:47,8
DA:48,8
DA:49,8
DA:50,8
DA:51,8
DA:52,7
DA:53,8
DA:54,3
DA:55,3
DA:56,4
DA:57,4
DA:58,4
DA:59,4
DA:60,4
DA:61,4
DA:62,31
DA:63,43
DA:64,3
DA:65,3
DA:66,28
DA:67,43
DA:68,43
DA:69,1031
DA:70,1031
DA:71,1031
DA:72,43
DA:73,43
DA:74,43
DA:75,27
DA:76,27
DA:77,27
DA:78,27
DA:79,27
DA:80,43
DA:81,16
DA:82,16
DA:83,16
DA:84,16
DA:85,11
DA:86,11
DA:87,5
DA:88,5
DA:89,5
DA:90,43
DA:91,1
LF:91
LH:91
BRDA:25,0,0,0
BRDA:16,1,0,0
BRDA:17,2,0,0
BRDA:18,3,0,0
BRDA:19,4,0,0
BRDA:15,5,0,43
BRDA:25,6,0,43
BRDA:28,7,0,42
BRDA:28,8,0,4
BRDA:31,9,0,39
BRDA:35,10,0,36
BRDA:37,11,0,28
BRDA:40,12,0,1
BRDA:43,13,0,27
BRDA:44,14,0,8
BRDA:52,15,0,7
BRDA:53,16,0,3
BRDA:56,17,0,4
BRDA:62,18,0,31
BRDA:63,19,0,29
BRDA:63,20,0,3
BRDA:66,21,0,28
BRDA:67,22,0,6
BRDA:67,23,0,22
BRDA:75,24,0,27
BRDA:80,25,0,16
BRDA:81,26,0,15
BRDA:81,27,0,1
BRDA:84,28,0,9
BRDA:84,29,0,11
BRDA:87,30,0,5
BRDA:68,31,0,1031
BRF:32
BRH:27
end_of_record
