TN:
SF:src\app.controller.ts
FN:6,(anonymous_0)
FN:9,(anonymous_1)
FNF:2
FNH:0
FNDA:0,(anonymous_0)
FNDA:0,(anonymous_1)
DA:1,0
DA:2,0
DA:5,0
DA:6,0
DA:9,0
DA:10,0
LF:6
LH:0
BRF:0
BRH:0
end_of_record
TN:
SF:src\app.module.ts
FNF:0
FNH:0
DA:1,0
DA:2,0
DA:3,0
DA:4,0
DA:5,0
DA:6,0
DA:7,0
DA:8,0
DA:9,0
DA:10,0
DA:11,0
DA:12,0
DA:13,0
DA:34,0
LF:14
LH:0
BRF:0
BRH:0
end_of_record
TN:
SF:src\app.service.ts
FN:5,(anonymous_0)
FNF:1
FNH:0
FNDA:0,(anonymous_0)
DA:1,0
DA:4,0
DA:6,0
LF:3
LH:0
BRF:0
BRH:0
end_of_record
TN:
SF:src\main.ts
FN:16,bootstrap
FNF:1
FNH:0
FNDA:0,bootstrap
DA:1,0
DA:3,0
DA:5,0
DA:6,0
DA:7,0
DA:8,0
DA:9,0
DA:10,0
DA:12,0
DA:14,0
DA:17,0
DA:18,0
DA:19,0
DA:22,0
DA:23,0
DA:25,0
DA:29,0
DA:30,0
DA:31,0
DA:32,0
DA:34,0
DA:35,0
DA:38,0
LF:23
LH:0
BRF:0
BRH:0
end_of_record
TN:
SF:src\apm\apm.decorators.ts
FN:24,ApmSpan
FN:25,(anonymous_1)
FN:36,(anonymous_2)
FN:96,(anonymous_3)
FN:104,(anonymous_4)
FN:131,(anonymous_5)
FNF:6
FNH:0
FNDA:0,ApmSpan
FNDA:0,(anonymous_1)
FNDA:0,(anonymous_2)
FNDA:0,(anonymous_3)
FNDA:0,(anonymous_4)
FNDA:0,(anonymous_5)
DA:3,0
DA:4,0
DA:24,0
DA:25,0
DA:30,0
DA:32,0
DA:33,0
DA:36,0
DA:41,0
DA:42,0
DA:45,0
DA:47,0
DA:50,0
DA:52,0
DA:53,0
DA:55,0
DA:56,0
DA:57,0
DA:60,0
DA:62,0
DA:63,0
DA:64,0
DA:66,0
DA:70,0
DA:95,0
DA:96,0
DA:105,0
DA:107,0
DA:108,0
DA:110,0
DA:111,0
DA:112,0
DA:115,0
DA:117,0
DA:118,0
DA:119,0
DA:121,0
DA:132,0
DA:134,0
DA:135,0
DA:137,0
DA:138,0
DA:139,0
DA:142,0
DA:144,0
DA:145,0
DA:146,0
DA:148,0
LF:48
LH:0
BRDA:32,0,0,0
BRDA:32,0,1,0
BRDA:41,1,0,0
BRDA:41,1,1,0
BRDA:41,2,0,0
BRDA:41,2,1,0
BRDA:41,2,2,0
BRDA:45,3,0,0
BRDA:45,3,1,0
BRDA:55,4,0,0
BRDA:55,4,1,0
BRDA:62,5,0,0
BRDA:62,5,1,0
BRDA:110,6,0,0
BRDA:110,6,1,0
BRDA:117,7,0,0
BRDA:117,7,1,0
BRDA:137,8,0,0
BRDA:137,8,1,0
BRDA:144,9,0,0
BRDA:144,9,1,0
BRF:21
BRH:0
end_of_record
TN:
SF:src\apm\apm.interceptor.ts
FN:12,(anonymous_0)
FN:14,(anonymous_1)
FN:34,(anonymous_2)
FN:44,(anonymous_3)
FN:57,(anonymous_4)
FNF:5
FNH:0
FNDA:0,(anonymous_0)
FNDA:0,(anonymous_1)
FNDA:0,(anonymous_2)
FNDA:0,(anonymous_3)
FNDA:0,(anonymous_4)
DA:3,0
DA:4,0
DA:5,0
DA:6,0
DA:7,0
DA:11,0
DA:12,0
DA:15,0
DA:16,0
DA:19,0
DA:20,0
DA:22,0
DA:25,0
DA:26,0
DA:33,0
DA:35,0
DA:36,0
DA:37,0
DA:38,0
DA:41,0
DA:45,0
DA:47,0
DA:48,0
DA:49,0
DA:50,0
DA:55,0
DA:57,0
LF:27
LH:0
BRDA:19,0,0,0
BRDA:19,0,1,0
BRDA:25,1,0,0
BRDA:25,1,1,0
BRDA:29,2,0,0
BRDA:29,2,1,0
BRDA:35,3,0,0
BRDA:35,3,1,0
BRDA:45,4,0,0
BRDA:45,4,1,0
BRDA:53,5,0,0
BRDA:53,5,1,0
BRF:12
BRH:0
end_of_record
TN:
SF:src\apm\apm.module.ts
FNF:0
FNH:0
DA:3,0
DA:4,0
DA:5,0
DA:18,0
LF:4
LH:0
BRF:0
BRH:0
end_of_record
TN:
SF:src\apm\apm.service.ts
FN:12,(anonymous_0)
FN:14,(anonymous_1)
FN:30,(anonymous_2)
FN:39,(anonymous_3)
FNF:4
FNH:0
FNDA:0,(anonymous_0)
FNDA:0,(anonymous_1)
FNDA:0,(anonymous_2)
FNDA:0,(anonymous_3)
DA:3,0
DA:4,0
DA:5,0
DA:9,0
DA:12,0
DA:15,0
DA:31,0
DA:40,0
LF:8
LH:0
BRF:0
BRH:0
end_of_record
TN:
SF:src\apm\index.ts
FN:3,(anonymous_0)
FN:4,(anonymous_1)
FN:5,(anonymous_2)
FN:6,(anonymous_3)
FN:6,(anonymous_4)
FNF:5
FNH:0
FNDA:0,(anonymous_0)
FNDA:0,(anonymous_1)
FNDA:0,(anonymous_2)
FNDA:0,(anonymous_3)
FNDA:0,(anonymous_4)
DA:3,0
DA:4,0
DA:5,0
DA:6,0
LF:4
LH:0
BRF:0
BRH:0
end_of_record
TN:
SF:src\auth\auth.decorator.ts
FN:10,(anonymous_0)
FN:16,(anonymous_1)
FN:22,(anonymous_2)
FN:34,(anonymous_3)
FNF:4
FNH:4
FNDA:8,(anonymous_0)
FNDA:3,(anonymous_1)
FNDA:4,(anonymous_2)
FNDA:2,(anonymous_3)
DA:1,2
DA:3,2
DA:4,2
DA:10,8
DA:16,3
DA:22,4
DA:27,2
DA:34,2
LF:8
LH:8
BRF:0
BRH:0
end_of_record
TN:
SF:src\auth\auth.module.ts
FNF:0
FNH:0
DA:1,1
DA:2,1
DA:3,1
DA:10,1
LF:4
LH:4
BRF:0
BRH:0
end_of_record
TN:
SF:src\auth\tazam-auth.guard.ts
FN:13,(anonymous_0)
FN:15,(anonymous_1)
FN:54,(anonymous_2)
FN:55,(anonymous_3)
FN:56,(anonymous_4)
FN:102,(anonymous_5)
FNF:6
FNH:1
FNDA:10,(anonymous_0)
FNDA:0,(anonymous_1)
FNDA:0,(anonymous_2)
FNDA:0,(anonymous_3)
FNDA:0,(anonymous_4)
FNDA:0,(anonymous_5)
DA:1,1
DA:2,1
DA:3,1
DA:4,1
DA:8,1
DA:9,10
DA:11,10
DA:13,10
DA:17,0
DA:19,0
DA:20,0
DA:23,0
DA:24,0
DA:25,0
DA:29,0
DA:30,0
DA:31,0
DA:34,0
DA:35,0
DA:36,0
DA:37,0
DA:38,0
DA:41,0
DA:43,0
DA:46,0
DA:48,0
DA:49,0
DA:50,0
DA:52,0
DA:54,0
DA:55,0
DA:56,0
DA:57,0
DA:59,0
DA:60,0
DA:67,0
DA:68,0
DA:72,0
DA:75,0
DA:82,0
DA:84,0
DA:89,0
DA:91,0
DA:92,0
DA:94,0
DA:95,0
DA:98,0
DA:103,0
DA:104,0
DA:105,0
DA:106,0
DA:107,0
DA:110,0
DA:111,0
DA:113,0
DA:114,0
DA:116,0
DA:117,0
DA:119,0
DA:121,0
DA:122,0
DA:123,0
LF:62
LH:8
BRDA:23,0,0,0
BRDA:23,0,1,0
BRDA:29,1,0,0
BRDA:29,1,1,0
BRDA:29,2,0,0
BRDA:29,2,1,0
BRDA:36,3,0,0
BRDA:36,3,1,0
BRDA:52,4,0,0
BRDA:52,4,1,0
BRDA:52,5,0,0
BRDA:52,5,1,0
BRDA:59,6,0,0
BRDA:59,6,1,0
BRDA:67,7,0,0
BRDA:67,7,1,0
BRDA:94,8,0,0
BRDA:94,8,1,0
BRDA:106,9,0,0
BRDA:106,9,1,0
BRDA:110,10,0,0
BRDA:110,10,1,0
BRDA:113,11,0,0
BRDA:113,11,1,0
BRDA:116,12,0,0
BRDA:116,12,1,0
BRDA:116,13,0,0
BRDA:116,13,1,0
BRF:28
BRH:0
end_of_record
TN:
SF:src\auth\user.decorator.ts
FN:7,(anonymous_0)
FNF:1
FNH:1
FNDA:1025,(anonymous_0)
DA:4,1
DA:7,1
DA:8,1025
DA:9,1024
DA:12,1
LF:5
LH:5
BRF:0
BRH:0
end_of_record
TN:
SF:src\config\env.validation.ts
FN:4,(anonymous_0)
FN:99,(anonymous_1)
FNF:2
FNH:0
FNDA:0,(anonymous_0)
FNDA:0,(anonymous_1)
DA:1,0
DA:2,0
DA:4,0
DA:5,0
DA:6,0
DA:7,0
DA:10,0
DA:12,0
DA:15,0
DA:18,0
DA:21,0
DA:24,0
DA:27,0
DA:30,0
DA:33,0
DA:36,0
DA:39,0
DA:42,0
DA:45,0
DA:48,0
DA:51,0
DA:54,0
DA:57,0
DA:60,0
DA:63,0
DA:66,0
DA:69,0
DA:72,0
DA:76,0
DA:79,0
DA:82,0
DA:85,0
DA:88,0
DA:92,0
DA:96,0
DA:99,0
DA:100,0
DA:104,0
DA:108,0
DA:109,0
DA:112,0
LF:41
LH:0
BRDA:4,0,0,0
BRDA:4,0,1,0
BRDA:108,1,0,0
BRDA:108,1,1,0
BRF:4
BRH:0
end_of_record
TN:
SF:src\database\database.module.ts
FNF:0
FNH:0
DA:1,0
DA:2,0
DA:3,0
DA:10,0
LF:4
LH:0
BRF:0
BRH:0
end_of_record
TN:
SF:src\database\database.service.ts
FN:11,(anonymous_0)
FN:18,(anonymous_1)
FN:23,(anonymous_2)
FN:31,(anonymous_3)
FN:31,(anonymous_4)
FN:34,(anonymous_5)
FN:53,(anonymous_6)
FN:66,(anonymous_7)
FN:86,(anonymous_8)
FN:111,(anonymous_9)
FN:115,(anonymous_10)
FN:129,(anonymous_11)
FN:132,(anonymous_12)
FNF:13
FNH:1
FNDA:1,(anonymous_0)
FNDA:0,(anonymous_1)
FNDA:0,(anonymous_2)
FNDA:0,(anonymous_3)
FNDA:0,(anonymous_4)
FNDA:0,(anonymous_5)
FNDA:0,(anonymous_6)
FNDA:0,(anonymous_7)
FNDA:0,(anonymous_8)
FNDA:0,(anonymous_9)
FNDA:0,(anonymous_10)
FNDA:0,(anonymous_11)
FNDA:0,(anonymous_12)
DA:1,3
DA:2,3
DA:3,3
DA:4,3
DA:6,3
DA:9,3
DA:11,1
DA:12,1
DA:19,0
DA:20,0
DA:24,0
DA:25,0
DA:26,0
DA:29,0
DA:30,0
DA:31,0
DA:34,0
DA:36,0
DA:41,0
DA:43,0
DA:45,0
DA:46,0
DA:48,0
DA:54,0
DA:55,0
DA:62,0
DA:63,0
DA:67,0
DA:68,0
DA:75,0
DA:76,0
DA:78,0
DA:79,0
DA:81,0
DA:87,0
DA:88,0
DA:100,0
DA:101,0
DA:103,0
DA:104,0
DA:106,0
DA:112,0
DA:113,0
DA:115,0
DA:120,0
DA:121,0
DA:123,0
DA:124,0
DA:125,0
DA:130,0
DA:132,0
DA:140,0
DA:141,0
DA:143,0
DA:144,0
DA:145,0
LF:56
LH:8
BRDA:25,0,0,0
BRDA:25,0,1,0
BRDA:25,1,0,0
BRDA:25,1,1,0
BRDA:45,2,0,0
BRDA:45,2,1,0
BRDA:63,3,0,0
BRDA:63,3,1,0
BRDA:78,4,0,0
BRDA:78,4,1,0
BRDA:103,5,0,0
BRDA:103,5,1,0
BRDA:113,6,0,0
BRDA:113,6,1,0
BRDA:120,7,0,0
BRDA:120,7,1,0
BRDA:140,8,0,0
BRDA:140,8,1,0
BRF:18
BRH:0
end_of_record
TN:
SF:src\executor\executor.module.ts
FNF:0
FNH:0
DA:1,0
DA:2,0
DA:3,0
DA:4,0
DA:5,0
DA:6,0
DA:7,0
DA:8,0
DA:15,0
LF:9
LH:0
BRF:0
BRH:0
end_of_record
TN:
SF:src\executor\executor.service.ts
FN:19,(anonymous_0)
FN:31,(anonymous_1)
FN:45,(anonymous_2)
FN:60,(anonymous_3)
FN:73,(anonymous_4)
FN:100,(anonymous_5)
FN:126,(anonymous_6)
FN:148,(anonymous_7)
FN:149,(anonymous_8)
FN:175,(anonymous_9)
FN:190,(anonymous_10)
FNF:11
FNH:10
FNDA:31,(anonymous_0)
FNDA:9,(anonymous_1)
FNDA:3,(anonymous_2)
FNDA:7,(anonymous_3)
FNDA:7,(anonymous_4)
FNDA:4,(anonymous_5)
FNDA:9,(anonymous_6)
FNDA:4,(anonymous_7)
FNDA:12,(anonymous_8)
FNDA:5,(anonymous_9)
FNDA:0,(anonymous_10)
DA:1,1
DA:2,1
DA:3,1
DA:4,1
DA:5,1
DA:6,1
DA:7,1
DA:8,1
DA:9,1
DA:10,1
DA:11,1
DA:12,1
DA:13,1
DA:14,1
DA:16,1
DA:20,31
DA:21,31
DA:22,31
DA:23,31
DA:24,31
DA:25,31
DA:27,31
DA:31,1
DA:32,9
DA:33,9
DA:34,9
DA:35,9
DA:37,9
DA:38,1
DA:39,1
DA:40,1
DA:45,1
DA:46,3
DA:47,3
DA:48,2
DA:50,1
DA:53,1
DA:54,1
DA:55,1
DA:60,1
DA:61,7
DA:62,7
DA:64,5
DA:65,3
DA:66,3
DA:68,2
DA:73,1
DA:74,7
DA:75,7
DA:76,7
DA:77,6
DA:83,1
DA:84,1
DA:91,6
DA:93,1
DA:94,1
DA:95,1
DA:100,1
DA:101,4
DA:102,4
DA:103,4
DA:105,4
DA:106,4
DA:107,4
DA:109,3
DA:110,3
DA:112,2
DA:113,2
DA:115,2
DA:117,2
DA:118,2
DA:119,2
DA:121,4
DA:126,1
DA:127,9
DA:128,9
DA:130,9
DA:131,0
DA:134,9
DA:136,9
DA:137,0
DA:140,9
DA:141,4
DA:142,4
DA:145,5
DA:146,4
DA:149,4
DA:150,12
DA:164,4
DA:167,1
DA:169,1
DA:170,1
DA:175,1
DA:176,5
DA:177,5
DA:179,5
DA:180,5
DA:181,1
DA:182,1
DA:183,1
DA:186,5
DA:188,5
DA:191,0
DA:198,5
DA:199,5
DA:200,5
LF:106
LH:103
BRDA:33,0,0,9
BRDA:33,0,1,0
BRDA:37,1,0,1
BRDA:37,1,1,8
BRDA:37,2,0,9
BRDA:37,2,1,8
BRDA:47,3,0,2
BRDA:47,3,1,1
BRDA:53,4,0,1
BRDA:53,4,1,0
BRDA:64,5,0,3
BRDA:64,5,1,2
BRDA:64,6,0,5
BRDA:64,6,1,4
BRDA:76,7,0,6
BRDA:76,7,1,1
BRDA:76,8,0,7
BRDA:76,8,1,6
BRDA:83,9,0,1
BRDA:83,9,1,0
BRDA:93,10,0,1
BRDA:93,10,1,0
BRDA:107,11,0,1
BRDA:107,11,1,3
BRDA:110,12,0,1
BRDA:110,12,1,2
BRDA:117,13,0,2
BRDA:117,13,1,0
BRDA:130,14,0,0
BRDA:130,14,1,9
BRDA:130,15,0,9
BRDA:130,15,1,0
BRDA:136,16,0,0
BRDA:136,16,1,9
BRDA:140,17,0,4
BRDA:140,17,1,5
BRDA:142,18,0,1
BRDA:142,18,1,3
BRDA:145,19,0,4
BRDA:145,19,1,1
BRDA:145,20,0,5
BRDA:145,20,1,2
BRDA:147,21,0,3
BRDA:147,21,1,1
BRDA:147,22,0,3
BRDA:147,22,1,0
BRDA:180,23,0,1
BRDA:180,23,1,4
BRF:48
BRH:39
end_of_record
TN:
SF:src\job\job.controller.ts
FN:13,(anonymous_0)
FN:17,(anonymous_1)
FNF:2
FNH:0
FNDA:0,(anonymous_0)
FNDA:0,(anonymous_1)
DA:1,0
DA:3,0
DA:5,0
DA:6,0
DA:7,0
DA:8,0
DA:12,0
DA:13,0
DA:17,0
DA:18,0
LF:10
LH:0
BRF:0
BRH:0
end_of_record
TN:
SF:src\job\job.module.ts
FNF:0
FNH:0
DA:1,0
DA:2,0
DA:3,0
DA:4,0
DA:5,0
DA:6,0
DA:7,0
DA:15,0
LF:8
LH:0
BRF:0
BRH:0
end_of_record
TN:
SF:src\job\job.service.ts
FN:16,(anonymous_0)
FN:26,(anonymous_1)
FN:70,(anonymous_2)
FNF:3
FNH:3
FNDA:23,(anonymous_0)
FNDA:23,(anonymous_1)
FNDA:15,(anonymous_2)
DA:1,1
DA:2,1
DA:3,1
DA:4,1
DA:5,1
DA:7,1
DA:8,1
DA:9,1
DA:13,1
DA:17,23
DA:18,23
DA:19,23
DA:20,23
DA:22,23
DA:26,1
DA:27,23
DA:28,23
DA:29,23
DA:30,4
DA:33,19
DA:35,19
DA:38,18
DA:39,14
DA:41,14
DA:42,1
DA:44,13
DA:46,4
DA:52,4
DA:53,3
DA:55,3
DA:56,1
DA:59,2
DA:60,2
DA:63,15
DA:64,15
DA:65,15
DA:66,3
DA:69,12
DA:70,15
DA:78,12
DA:80,11
DA:85,12
DA:86,12
DA:88,12
DA:89,9
DA:92,3
LF:46
LH:46
BRDA:29,0,0,4
BRDA:29,0,1,19
BRDA:38,1,0,14
BRDA:38,1,1,4
BRDA:41,2,0,1
BRDA:41,2,1,13
BRDA:41,3,0,14
BRDA:41,3,1,14
BRDA:55,4,0,1
BRDA:55,4,1,2
BRDA:65,5,0,3
BRDA:65,5,1,12
BRDA:65,6,0,15
BRDA:65,6,1,13
BRDA:70,7,0,2
BRDA:70,7,1,10
BRDA:85,8,0,12
BRDA:85,8,1,0
BRDA:88,9,0,9
BRDA:88,9,1,3
BRDA:88,10,0,12
BRDA:88,10,1,5
BRF:22
BRH:21
end_of_record
TN:
SF:src\job\dto\create-enrich-data.dto.ts
FN:4,(anonymous_0)
FNF:1
FNH:0
FNDA:0,(anonymous_0)
DA:1,0
DA:2,0
DA:4,0
DA:7,0
LF:4
LH:0
BRF:0
BRH:0
end_of_record
TN:
SF:src\logger-service\logger-service.module.ts
FN:9,(anonymous_0)
FNF:1
FNH:0
FNDA:0,(anonymous_0)
DA:1,0
DA:2,0
DA:3,0
DA:10,0
DA:11,0
DA:17,0
LF:6
LH:0
BRF:0
BRH:0
end_of_record
TN:
SF:src\notify\notify.module.ts
FNF:0
FNH:0
DA:1,0
DA:2,0
DA:3,0
DA:4,0
DA:5,0
DA:6,0
DA:7,0
DA:8,0
DA:14,0
LF:9
LH:0
BRF:0
BRH:0
end_of_record
TN:
SF:src\notify\notify.service.ts
FN:9,(anonymous_0)
FN:22,(anonymous_1)
FN:34,(anonymous_2)
FN:72,(anonymous_3)
FN:77,(anonymous_4)
FNF:5
FNH:0
FNDA:0,(anonymous_0)
FNDA:0,(anonymous_1)
FNDA:0,(anonymous_2)
FNDA:0,(anonymous_3)
FNDA:0,(anonymous_4)
DA:1,0
DA:2,0
DA:3,0
DA:4,0
DA:5,0
DA:6,0
DA:7,0
DA:9,0
DA:10,0
DA:11,0
DA:15,0
DA:16,0
DA:17,0
DA:23,0
DA:24,0
DA:25,0
DA:26,0
DA:27,0
DA:29,0
DA:30,0
DA:31,0
DA:35,0
DA:36,0
DA:37,0
DA:40,0
DA:41,0
DA:47,0
DA:48,0
DA:50,0
DA:58,0
DA:59,0
DA:61,0
DA:62,0
DA:64,0
DA:66,0
DA:67,0
DA:68,0
DA:73,0
DA:74,0
DA:78,0
DA:79,0
DA:81,0
DA:86,0
DA:87,0
DA:89,0
DA:116,0
DA:117,0
DA:119,0
DA:120,0
DA:121,0
DA:122,0
DA:123,0
DA:125,0
DA:128,0
DA:134,0
DA:136,0
DA:137,0
DA:139,0
LF:58
LH:0
BRDA:9,0,0,0
BRDA:9,0,1,0
BRDA:35,1,0,0
BRDA:35,1,1,0
BRDA:89,2,0,0
BRDA:89,2,1,0
BRDA:119,3,0,0
BRDA:119,3,1,0
BRDA:121,4,0,0
BRDA:121,4,1,0
BRDA:136,5,0,0
BRDA:136,5,1,0
BRF:12
BRH:0
end_of_record
TN:
SF:src\redis\redis.config.ts
FN:4,(anonymous_0)
FNF:1
FNH:0
FNDA:0,(anonymous_0)
DA:4,0
DA:5,0
DA:6,0
DA:7,0
DA:9,0
DA:10,0
DA:13,0
LF:7
LH:0
BRDA:9,0,0,0
BRDA:9,0,1,0
BRDA:9,1,0,0
BRDA:9,1,1,0
BRDA:9,1,2,0
BRF:5
BRH:0
end_of_record
TN:
SF:src\redis\redis.module.ts
FN:10,(anonymous_0)
FNF:1
FNH:0
FNDA:0,(anonymous_0)
DA:1,0
DA:2,0
DA:3,0
DA:4,0
DA:11,0
DA:12,0
DA:14,0
DA:15,0
DA:16,0
DA:17,0
DA:19,0
DA:20,0
DA:28,0
LF:13
LH:0
BRF:0
BRH:0
end_of_record
TN:
SF:src\utils\helpers.ts
FN:6,decrypt
FN:17,isValidText
FNF:2
FNH:0
FNDA:0,decrypt
FNDA:0,isValidText
DA:1,0
DA:3,0
DA:4,0
DA:6,0
DA:7,0
DA:9,0
DA:10,0
DA:12,0
DA:13,0
DA:14,0
DA:17,0
DA:18,0
LF:12
LH:0
BRF:0
BRH:0
end_of_record
TN:
SF:src\validators\index.ts
FN:3,IsJsonOrArray
FN:4,(anonymous_1)
FN:11,(anonymous_2)
FN:14,(anonymous_3)
FN:18,(anonymous_4)
FNF:5
FNH:0
FNDA:0,IsJsonOrArray
FNDA:0,(anonymous_1)
FNDA:0,(anonymous_2)
FNDA:0,(anonymous_3)
FNDA:0,(anonymous_4)
DA:1,0
DA:3,0
DA:4,0
DA:5,0
DA:12,0
DA:13,0
DA:14,0
DA:16,0
DA:19,0
LF:9
LH:0
BRDA:12,0,0,0
BRDA:12,0,1,0
BRDA:12,1,0,0
BRDA:12,1,1,0
BRDA:13,2,0,0
BRDA:13,2,1,0
BRDA:14,3,0,0
BRDA:14,3,1,0
BRDA:14,3,2,0
BRF:9
BRH:0
end_of_record
